<html>
<head>
<title>TestNG:  Gurukul Automation</title>
<link href="../testng.css" rel="stylesheet" type="text/css" />
<link href="../my-testng.css" rel="stylesheet" type="text/css" />

<style type="text/css">
.log { display: none;} 
.stack-trace { display: none;} 
</style>
<script type="text/javascript">
<!--
function flip(e) {
  current = e.style.display;
  if (current == 'block') {
    e.style.display = 'none';
    return 0;
  }
  else {
    e.style.display = 'block';
    return 1;
  }
}

function toggleBox(szDivId, elem, msg1, msg2)
{
  var res = -1;  if (document.getElementById) {
    res = flip(document.getElementById(szDivId));
  }
  else if (document.all) {
    // this is the way old msie versions work
    res = flip(document.all[szDivId]);
  }
  if(elem) {
    if(res == 0) elem.innerHTML = msg1; else elem.innerHTML = msg2;
  }

}

function toggleAllBoxes() {
  if (document.getElementsByTagName) {
    d = document.getElementsByTagName('div');
    for (i = 0; i < d.length; i++) {
      if (d[i].className == 'log') {
        flip(d[i]);
      }
    }
  }
}

// -->
</script>

</head>
<body>
<h2 align='center'>Gurukul Automation</h2><table border='1' align="center">
<tr>
<td>Tests passed/Failed/Skipped:</td><td>53/6/0</td>
</tr><tr>
<td>Started on:</td><td>Thu May 09 00:16:00 CEST 2019</td>
</tr>
<tr><td>Total time:</td><td>937 seconds (937198 ms)</td>
</tr><tr>
<td>Included groups:</td><td></td>
</tr><tr>
<td>Excluded groups:</td><td></td>
</tr>
</table><p/>
<small><i>(Hover the method name to see the test class name)</i></small><p/>
<table width='100%' border='1' class='invocation-failed'>
<tr><td colspan='4' align='center'><b>FAILED TESTS</b></td></tr>
<tr><td><b>Test method</b></td>
<td width="30%"><b>Exception</b></td>
<td width="10%"><b>Time (seconds)</b></td>
<td><b>Instance</b></td>
</tr>
<tr>
<td title='com.gurukula.AutomationTestgurkula.LTC_03_AcccountManagement_Test.PTC_AC01_to_AC07_Verify_User_settings_with_differentinputcombinations()'><b>PTC_AC01_to_AC07_Verify_User_settings_with_differentinputcombinations</b><br>Test class: com.gurukula.AutomationTestgurkula.LTC_03_AcccountManagement_Test<br>Parameters: Admin firstname, Admin lastname, admin1@localhost, Settings saved!, flagX</td>
<td><div><pre>java.lang.AssertionError: expected [Settings saved!] but found []
	at com.gurukula.AutomationTestgurkula.LTC_03_AcccountManagement_Test.PTC_AC01_to_AC07_Verify_User_settings_with_differentinputcombinations(LTC_03_AcccountManagement_Test.java:61)
	at org.apache.maven.surefire.testng.TestNGExecutor.run(TestNGExecutor.java:178)
	at org.apache.maven.surefire.testng.TestNGXmlTestSuite.execute(TestNGXmlTestSuite.java:92)
	at org.apache.maven.surefire.testng.TestNGProvider.invoke(TestNGProvider.java:96)
	at org.apache.maven.surefire.util.ReflectionUtils.invokeMethodWithArray2(ReflectionUtils.java:208)
	at org.apache.maven.surefire.booter.ProviderFactory$ProviderProxy.invoke(ProviderFactory.java:159)
	at org.apache.maven.surefire.booter.ProviderFactory.invokeProvider(ProviderFactory.java:87)
	at org.apache.maven.surefire.booter.ForkedBooter.runSuitesInProcess(ForkedBooter.java:153)
	at org.apache.maven.surefire.booter.ForkedBooter.main(ForkedBooter.java:95)
... Removed 30 stack frames</pre></div><a href='#' onClick='toggleBox("stack-trace436126678", this, "Click to show all stack frames", "Click to hide stack frames")'>Click to show all stack frames</a>
<div class='stack-trace' id='stack-trace436126678'><pre>java.lang.AssertionError: expected [Settings saved!] but found []
	at org.testng.Assert.fail(Assert.java:94)
	at org.testng.Assert.failNotEquals(Assert.java:494)
	at org.testng.Assert.assertEquals(Assert.java:123)
	at org.testng.Assert.assertEquals(Assert.java:176)
	at org.testng.Assert.assertEquals(Assert.java:186)
	at com.gurukula.AutomationTestgurkula.LTC_03_AcccountManagement_Test.PTC_AC01_to_AC07_Verify_User_settings_with_differentinputcombinations(LTC_03_AcccountManagement_Test.java:61)
	at sun.reflect.NativeMethodAccessorImpl.invoke0(Native Method)
	at sun.reflect.NativeMethodAccessorImpl.invoke(NativeMethodAccessorImpl.java:62)
	at sun.reflect.DelegatingMethodAccessorImpl.invoke(DelegatingMethodAccessorImpl.java:43)
	at java.lang.reflect.Method.invoke(Method.java:498)
	at org.testng.internal.MethodInvocationHelper.invokeMethod(MethodInvocationHelper.java:80)
	at org.testng.internal.Invoker.invokeMethod(Invoker.java:714)
	at org.testng.internal.Invoker.invokeTestMethod(Invoker.java:901)
	at org.testng.internal.Invoker.invokeTestMethods(Invoker.java:1231)
	at org.testng.internal.TestMethodWorker.invokeTestMethods(TestMethodWorker.java:127)
	at org.testng.internal.TestMethodWorker.run(TestMethodWorker.java:111)
	at org.testng.TestRunner.privateRun(TestRunner.java:767)
	at org.testng.TestRunner.run(TestRunner.java:617)
	at org.testng.SuiteRunner.runTest(SuiteRunner.java:334)
	at org.testng.SuiteRunner.runSequentially(SuiteRunner.java:329)
	at org.testng.SuiteRunner.privateRun(SuiteRunner.java:291)
	at org.testng.SuiteRunner.run(SuiteRunner.java:240)
	at org.testng.SuiteRunnerWorker.runSuite(SuiteRunnerWorker.java:52)
	at org.testng.SuiteRunnerWorker.run(SuiteRunnerWorker.java:86)
	at org.testng.TestNG.runSuitesSequentially(TestNG.java:1198)
	at org.testng.TestNG.runSuitesLocally(TestNG.java:1123)
	at org.testng.TestNG.run(TestNG.java:1031)
	at org.apache.maven.surefire.testng.TestNGExecutor.run(TestNGExecutor.java:178)
	at org.apache.maven.surefire.testng.TestNGXmlTestSuite.execute(TestNGXmlTestSuite.java:92)
	at org.apache.maven.surefire.testng.TestNGProvider.invoke(TestNGProvider.java:96)
	at sun.reflect.NativeMethodAccessorImpl.invoke0(Native Method)
	at sun.reflect.NativeMethodAccessorImpl.invoke(NativeMethodAccessorImpl.java:62)
	at sun.reflect.DelegatingMethodAccessorImpl.invoke(DelegatingMethodAccessorImpl.java:43)
	at java.lang.reflect.Method.invoke(Method.java:498)
	at org.apache.maven.surefire.util.ReflectionUtils.invokeMethodWithArray2(ReflectionUtils.java:208)
	at org.apache.maven.surefire.booter.ProviderFactory$ProviderProxy.invoke(ProviderFactory.java:159)
	at org.apache.maven.surefire.booter.ProviderFactory.invokeProvider(ProviderFactory.java:87)
	at org.apache.maven.surefire.booter.ForkedBooter.runSuitesInProcess(ForkedBooter.java:153)
	at org.apache.maven.surefire.booter.ForkedBooter.main(ForkedBooter.java:95)
</pre></div></td>
<td>1</td>
<td>com.gurukula.AutomationTestgurkula.LTC_03_AcccountManagement_Test@64616ca2</td></tr>
<tr>
<td title='com.gurukula.AutomationTestgurkula.LTC_03_AcccountManagement_Test.PTC_AC01_to_AC07_Verify_User_settings_with_differentinputcombinations()'><b>PTC_AC01_to_AC07_Verify_User_settings_with_differentinputcombinations</b><br>Test class: com.gurukula.AutomationTestgurkula.LTC_03_AcccountManagement_Test<br>Parameters: , Admin lastname, admin1@localhost, Your first name is required., flagY</td>
<td><div><pre>java.lang.AssertionError: expected [Your first name is required.] but found []
	at com.gurukula.AutomationTestgurkula.LTC_03_AcccountManagement_Test.PTC_AC01_to_AC07_Verify_User_settings_with_differentinputcombinations(LTC_03_AcccountManagement_Test.java:67)
	at org.apache.maven.surefire.testng.TestNGExecutor.run(TestNGExecutor.java:178)
	at org.apache.maven.surefire.testng.TestNGXmlTestSuite.execute(TestNGXmlTestSuite.java:92)
	at org.apache.maven.surefire.testng.TestNGProvider.invoke(TestNGProvider.java:96)
	at org.apache.maven.surefire.util.ReflectionUtils.invokeMethodWithArray2(ReflectionUtils.java:208)
	at org.apache.maven.surefire.booter.ProviderFactory$ProviderProxy.invoke(ProviderFactory.java:159)
	at org.apache.maven.surefire.booter.ProviderFactory.invokeProvider(ProviderFactory.java:87)
	at org.apache.maven.surefire.booter.ForkedBooter.runSuitesInProcess(ForkedBooter.java:153)
	at org.apache.maven.surefire.booter.ForkedBooter.main(ForkedBooter.java:95)
... Removed 30 stack frames</pre></div><a href='#' onClick='toggleBox("stack-trace1458334048", this, "Click to show all stack frames", "Click to hide stack frames")'>Click to show all stack frames</a>
<div class='stack-trace' id='stack-trace1458334048'><pre>java.lang.AssertionError: expected [Your first name is required.] but found []
	at org.testng.Assert.fail(Assert.java:94)
	at org.testng.Assert.failNotEquals(Assert.java:494)
	at org.testng.Assert.assertEquals(Assert.java:123)
	at org.testng.Assert.assertEquals(Assert.java:176)
	at org.testng.Assert.assertEquals(Assert.java:186)
	at com.gurukula.AutomationTestgurkula.LTC_03_AcccountManagement_Test.PTC_AC01_to_AC07_Verify_User_settings_with_differentinputcombinations(LTC_03_AcccountManagement_Test.java:67)
	at sun.reflect.NativeMethodAccessorImpl.invoke0(Native Method)
	at sun.reflect.NativeMethodAccessorImpl.invoke(NativeMethodAccessorImpl.java:62)
	at sun.reflect.DelegatingMethodAccessorImpl.invoke(DelegatingMethodAccessorImpl.java:43)
	at java.lang.reflect.Method.invoke(Method.java:498)
	at org.testng.internal.MethodInvocationHelper.invokeMethod(MethodInvocationHelper.java:80)
	at org.testng.internal.Invoker.invokeMethod(Invoker.java:714)
	at org.testng.internal.Invoker.invokeTestMethod(Invoker.java:901)
	at org.testng.internal.Invoker.invokeTestMethods(Invoker.java:1231)
	at org.testng.internal.TestMethodWorker.invokeTestMethods(TestMethodWorker.java:127)
	at org.testng.internal.TestMethodWorker.run(TestMethodWorker.java:111)
	at org.testng.TestRunner.privateRun(TestRunner.java:767)
	at org.testng.TestRunner.run(TestRunner.java:617)
	at org.testng.SuiteRunner.runTest(SuiteRunner.java:334)
	at org.testng.SuiteRunner.runSequentially(SuiteRunner.java:329)
	at org.testng.SuiteRunner.privateRun(SuiteRunner.java:291)
	at org.testng.SuiteRunner.run(SuiteRunner.java:240)
	at org.testng.SuiteRunnerWorker.runSuite(SuiteRunnerWorker.java:52)
	at org.testng.SuiteRunnerWorker.run(SuiteRunnerWorker.java:86)
	at org.testng.TestNG.runSuitesSequentially(TestNG.java:1198)
	at org.testng.TestNG.runSuitesLocally(TestNG.java:1123)
	at org.testng.TestNG.run(TestNG.java:1031)
	at org.apache.maven.surefire.testng.TestNGExecutor.run(TestNGExecutor.java:178)
	at org.apache.maven.surefire.testng.TestNGXmlTestSuite.execute(TestNGXmlTestSuite.java:92)
	at org.apache.maven.surefire.testng.TestNGProvider.invoke(TestNGProvider.java:96)
	at sun.reflect.NativeMethodAccessorImpl.invoke0(Native Method)
	at sun.reflect.NativeMethodAccessorImpl.invoke(NativeMethodAccessorImpl.java:62)
	at sun.reflect.DelegatingMethodAccessorImpl.invoke(DelegatingMethodAccessorImpl.java:43)
	at java.lang.reflect.Method.invoke(Method.java:498)
	at org.apache.maven.surefire.util.ReflectionUtils.invokeMethodWithArray2(ReflectionUtils.java:208)
	at org.apache.maven.surefire.booter.ProviderFactory$ProviderProxy.invoke(ProviderFactory.java:159)
	at org.apache.maven.surefire.booter.ProviderFactory.invokeProvider(ProviderFactory.java:87)
	at org.apache.maven.surefire.booter.ForkedBooter.runSuitesInProcess(ForkedBooter.java:153)
	at org.apache.maven.surefire.booter.ForkedBooter.main(ForkedBooter.java:95)
</pre></div></td>
<td>1</td>
<td>com.gurukula.AutomationTestgurkula.LTC_03_AcccountManagement_Test@64616ca2</td></tr>
<tr>
<td title='com.gurukula.AutomationTestgurkula.LTC_03_AcccountManagement_Test.PTC_AC01_to_AC07_Verify_User_settings_with_differentinputcombinations()'><b>PTC_AC01_to_AC07_Verify_User_settings_with_differentinputcombinations</b><br>Test class: com.gurukula.AutomationTestgurkula.LTC_03_AcccountManagement_Test<br>Parameters: Admin firstname, , admin1@localhost, Your last name is required., flagY</td>
<td><div><pre>java.lang.AssertionError: expected [Your last name is required.] but found [Your first name is required.]
	at com.gurukula.AutomationTestgurkula.LTC_03_AcccountManagement_Test.PTC_AC01_to_AC07_Verify_User_settings_with_differentinputcombinations(LTC_03_AcccountManagement_Test.java:67)
	at org.apache.maven.surefire.testng.TestNGExecutor.run(TestNGExecutor.java:178)
	at org.apache.maven.surefire.testng.TestNGXmlTestSuite.execute(TestNGXmlTestSuite.java:92)
	at org.apache.maven.surefire.testng.TestNGProvider.invoke(TestNGProvider.java:96)
	at org.apache.maven.surefire.util.ReflectionUtils.invokeMethodWithArray2(ReflectionUtils.java:208)
	at org.apache.maven.surefire.booter.ProviderFactory$ProviderProxy.invoke(ProviderFactory.java:159)
	at org.apache.maven.surefire.booter.ProviderFactory.invokeProvider(ProviderFactory.java:87)
	at org.apache.maven.surefire.booter.ForkedBooter.runSuitesInProcess(ForkedBooter.java:153)
	at org.apache.maven.surefire.booter.ForkedBooter.main(ForkedBooter.java:95)
... Removed 30 stack frames</pre></div><a href='#' onClick='toggleBox("stack-trace768856989", this, "Click to show all stack frames", "Click to hide stack frames")'>Click to show all stack frames</a>
<div class='stack-trace' id='stack-trace768856989'><pre>java.lang.AssertionError: expected [Your last name is required.] but found [Your first name is required.]
	at org.testng.Assert.fail(Assert.java:94)
	at org.testng.Assert.failNotEquals(Assert.java:494)
	at org.testng.Assert.assertEquals(Assert.java:123)
	at org.testng.Assert.assertEquals(Assert.java:176)
	at org.testng.Assert.assertEquals(Assert.java:186)
	at com.gurukula.AutomationTestgurkula.LTC_03_AcccountManagement_Test.PTC_AC01_to_AC07_Verify_User_settings_with_differentinputcombinations(LTC_03_AcccountManagement_Test.java:67)
	at sun.reflect.NativeMethodAccessorImpl.invoke0(Native Method)
	at sun.reflect.NativeMethodAccessorImpl.invoke(NativeMethodAccessorImpl.java:62)
	at sun.reflect.DelegatingMethodAccessorImpl.invoke(DelegatingMethodAccessorImpl.java:43)
	at java.lang.reflect.Method.invoke(Method.java:498)
	at org.testng.internal.MethodInvocationHelper.invokeMethod(MethodInvocationHelper.java:80)
	at org.testng.internal.Invoker.invokeMethod(Invoker.java:714)
	at org.testng.internal.Invoker.invokeTestMethod(Invoker.java:901)
	at org.testng.internal.Invoker.invokeTestMethods(Invoker.java:1231)
	at org.testng.internal.TestMethodWorker.invokeTestMethods(TestMethodWorker.java:127)
	at org.testng.internal.TestMethodWorker.run(TestMethodWorker.java:111)
	at org.testng.TestRunner.privateRun(TestRunner.java:767)
	at org.testng.TestRunner.run(TestRunner.java:617)
	at org.testng.SuiteRunner.runTest(SuiteRunner.java:334)
	at org.testng.SuiteRunner.runSequentially(SuiteRunner.java:329)
	at org.testng.SuiteRunner.privateRun(SuiteRunner.java:291)
	at org.testng.SuiteRunner.run(SuiteRunner.java:240)
	at org.testng.SuiteRunnerWorker.runSuite(SuiteRunnerWorker.java:52)
	at org.testng.SuiteRunnerWorker.run(SuiteRunnerWorker.java:86)
	at org.testng.TestNG.runSuitesSequentially(TestNG.java:1198)
	at org.testng.TestNG.runSuitesLocally(TestNG.java:1123)
	at org.testng.TestNG.run(TestNG.java:1031)
	at org.apache.maven.surefire.testng.TestNGExecutor.run(TestNGExecutor.java:178)
	at org.apache.maven.surefire.testng.TestNGXmlTestSuite.execute(TestNGXmlTestSuite.java:92)
	at org.apache.maven.surefire.testng.TestNGProvider.invoke(TestNGProvider.java:96)
	at sun.reflect.NativeMethodAccessorImpl.invoke0(Native Method)
	at sun.reflect.NativeMethodAccessorImpl.invoke(NativeMethodAccessorImpl.java:62)
	at sun.reflect.DelegatingMethodAccessorImpl.invoke(DelegatingMethodAccessorImpl.java:43)
	at java.lang.reflect.Method.invoke(Method.java:498)
	at org.apache.maven.surefire.util.ReflectionUtils.invokeMethodWithArray2(ReflectionUtils.java:208)
	at org.apache.maven.surefire.booter.ProviderFactory$ProviderProxy.invoke(ProviderFactory.java:159)
	at org.apache.maven.surefire.booter.ProviderFactory.invokeProvider(ProviderFactory.java:87)
	at org.apache.maven.surefire.booter.ForkedBooter.runSuitesInProcess(ForkedBooter.java:153)
	at org.apache.maven.surefire.booter.ForkedBooter.main(ForkedBooter.java:95)
</pre></div></td>
<td>1</td>
<td>com.gurukula.AutomationTestgurkula.LTC_03_AcccountManagement_Test@64616ca2</td></tr>
<tr>
<td title='com.gurukula.AutomationTestgurkula.LTC_03_AcccountManagement_Test.PTC_AC08_to_AC15_Verify_User_settings_with_differentinputcombinations()'><b>PTC_AC08_to_AC15_Verify_User_settings_with_differentinputcombinations</b><br>Test class: com.gurukula.AutomationTestgurkula.LTC_03_AcccountManagement_Test<br>Parameters: May@2019, May@2019, Password changed!, flagX</td>
<td><div><pre>java.lang.AssertionError: expected [Password changed!] but found []
	at com.gurukula.AutomationTestgurkula.LTC_03_AcccountManagement_Test.PTC_AC08_to_AC15_Verify_User_settings_with_differentinputcombinations(LTC_03_AcccountManagement_Test.java:89)
	at org.apache.maven.surefire.testng.TestNGExecutor.run(TestNGExecutor.java:178)
	at org.apache.maven.surefire.testng.TestNGXmlTestSuite.execute(TestNGXmlTestSuite.java:92)
	at org.apache.maven.surefire.testng.TestNGProvider.invoke(TestNGProvider.java:96)
	at org.apache.maven.surefire.util.ReflectionUtils.invokeMethodWithArray2(ReflectionUtils.java:208)
	at org.apache.maven.surefire.booter.ProviderFactory$ProviderProxy.invoke(ProviderFactory.java:159)
	at org.apache.maven.surefire.booter.ProviderFactory.invokeProvider(ProviderFactory.java:87)
	at org.apache.maven.surefire.booter.ForkedBooter.runSuitesInProcess(ForkedBooter.java:153)
	at org.apache.maven.surefire.booter.ForkedBooter.main(ForkedBooter.java:95)
... Removed 30 stack frames</pre></div><a href='#' onClick='toggleBox("stack-trace733213598", this, "Click to show all stack frames", "Click to hide stack frames")'>Click to show all stack frames</a>
<div class='stack-trace' id='stack-trace733213598'><pre>java.lang.AssertionError: expected [Password changed!] but found []
	at org.testng.Assert.fail(Assert.java:94)
	at org.testng.Assert.failNotEquals(Assert.java:494)
	at org.testng.Assert.assertEquals(Assert.java:123)
	at org.testng.Assert.assertEquals(Assert.java:176)
	at org.testng.Assert.assertEquals(Assert.java:186)
	at com.gurukula.AutomationTestgurkula.LTC_03_AcccountManagement_Test.PTC_AC08_to_AC15_Verify_User_settings_with_differentinputcombinations(LTC_03_AcccountManagement_Test.java:89)
	at sun.reflect.NativeMethodAccessorImpl.invoke0(Native Method)
	at sun.reflect.NativeMethodAccessorImpl.invoke(NativeMethodAccessorImpl.java:62)
	at sun.reflect.DelegatingMethodAccessorImpl.invoke(DelegatingMethodAccessorImpl.java:43)
	at java.lang.reflect.Method.invoke(Method.java:498)
	at org.testng.internal.MethodInvocationHelper.invokeMethod(MethodInvocationHelper.java:80)
	at org.testng.internal.Invoker.invokeMethod(Invoker.java:714)
	at org.testng.internal.Invoker.invokeTestMethod(Invoker.java:901)
	at org.testng.internal.Invoker.invokeTestMethods(Invoker.java:1231)
	at org.testng.internal.TestMethodWorker.invokeTestMethods(TestMethodWorker.java:127)
	at org.testng.internal.TestMethodWorker.run(TestMethodWorker.java:111)
	at org.testng.TestRunner.privateRun(TestRunner.java:767)
	at org.testng.TestRunner.run(TestRunner.java:617)
	at org.testng.SuiteRunner.runTest(SuiteRunner.java:334)
	at org.testng.SuiteRunner.runSequentially(SuiteRunner.java:329)
	at org.testng.SuiteRunner.privateRun(SuiteRunner.java:291)
	at org.testng.SuiteRunner.run(SuiteRunner.java:240)
	at org.testng.SuiteRunnerWorker.runSuite(SuiteRunnerWorker.java:52)
	at org.testng.SuiteRunnerWorker.run(SuiteRunnerWorker.java:86)
	at org.testng.TestNG.runSuitesSequentially(TestNG.java:1198)
	at org.testng.TestNG.runSuitesLocally(TestNG.java:1123)
	at org.testng.TestNG.run(TestNG.java:1031)
	at org.apache.maven.surefire.testng.TestNGExecutor.run(TestNGExecutor.java:178)
	at org.apache.maven.surefire.testng.TestNGXmlTestSuite.execute(TestNGXmlTestSuite.java:92)
	at org.apache.maven.surefire.testng.TestNGProvider.invoke(TestNGProvider.java:96)
	at sun.reflect.NativeMethodAccessorImpl.invoke0(Native Method)
	at sun.reflect.NativeMethodAccessorImpl.invoke(NativeMethodAccessorImpl.java:62)
	at sun.reflect.DelegatingMethodAccessorImpl.invoke(DelegatingMethodAccessorImpl.java:43)
	at java.lang.reflect.Method.invoke(Method.java:498)
	at org.apache.maven.surefire.util.ReflectionUtils.invokeMethodWithArray2(ReflectionUtils.java:208)
	at org.apache.maven.surefire.booter.ProviderFactory$ProviderProxy.invoke(ProviderFactory.java:159)
	at org.apache.maven.surefire.booter.ProviderFactory.invokeProvider(ProviderFactory.java:87)
	at org.apache.maven.surefire.booter.ForkedBooter.runSuitesInProcess(ForkedBooter.java:153)
	at org.apache.maven.surefire.booter.ForkedBooter.main(ForkedBooter.java:95)
</pre></div></td>
<td>0</td>
<td>com.gurukula.AutomationTestgurkula.LTC_03_AcccountManagement_Test@64616ca2</td></tr>
<tr>
<td title='com.gurukula.AutomationTestgurkula.LTC_01_User_Authentication_Test.PTC_AM_02_Verify_User_InValid_login()'><b>PTC_AM_02_Verify_User_InValid_login</b><br>Test class: com.gurukula.AutomationTestgurkula.LTC_01_User_Authentication_Test<br>Parameters: adddd, adddd, Authentication failed</td>
<td><div><pre>java.lang.AssertionError: invalid credentails not found expected [true] but found [false]
	at com.gurukula.AutomationTestgurkula.LTC_01_User_Authentication_Test.PTC_AM_02_Verify_User_InValid_login(LTC_01_User_Authentication_Test.java:66)
	at org.apache.maven.surefire.testng.TestNGExecutor.run(TestNGExecutor.java:178)
	at org.apache.maven.surefire.testng.TestNGXmlTestSuite.execute(TestNGXmlTestSuite.java:92)
	at org.apache.maven.surefire.testng.TestNGProvider.invoke(TestNGProvider.java:96)
	at org.apache.maven.surefire.util.ReflectionUtils.invokeMethodWithArray2(ReflectionUtils.java:208)
	at org.apache.maven.surefire.booter.ProviderFactory$ProviderProxy.invoke(ProviderFactory.java:159)
	at org.apache.maven.surefire.booter.ProviderFactory.invokeProvider(ProviderFactory.java:87)
	at org.apache.maven.surefire.booter.ForkedBooter.runSuitesInProcess(ForkedBooter.java:153)
	at org.apache.maven.surefire.booter.ForkedBooter.main(ForkedBooter.java:95)
... Removed 28 stack frames</pre></div><a href='#' onClick='toggleBox("stack-trace706895319", this, "Click to show all stack frames", "Click to hide stack frames")'>Click to show all stack frames</a>
<div class='stack-trace' id='stack-trace706895319'><pre>java.lang.AssertionError: invalid credentails not found expected [true] but found [false]
	at org.testng.Assert.fail(Assert.java:94)
	at org.testng.Assert.failNotEquals(Assert.java:494)
	at org.testng.Assert.assertTrue(Assert.java:42)
	at com.gurukula.AutomationTestgurkula.LTC_01_User_Authentication_Test.PTC_AM_02_Verify_User_InValid_login(LTC_01_User_Authentication_Test.java:66)
	at sun.reflect.NativeMethodAccessorImpl.invoke0(Native Method)
	at sun.reflect.NativeMethodAccessorImpl.invoke(NativeMethodAccessorImpl.java:62)
	at sun.reflect.DelegatingMethodAccessorImpl.invoke(DelegatingMethodAccessorImpl.java:43)
	at java.lang.reflect.Method.invoke(Method.java:498)
	at org.testng.internal.MethodInvocationHelper.invokeMethod(MethodInvocationHelper.java:80)
	at org.testng.internal.Invoker.invokeMethod(Invoker.java:714)
	at org.testng.internal.Invoker.invokeTestMethod(Invoker.java:901)
	at org.testng.internal.Invoker.invokeTestMethods(Invoker.java:1231)
	at org.testng.internal.TestMethodWorker.invokeTestMethods(TestMethodWorker.java:127)
	at org.testng.internal.TestMethodWorker.run(TestMethodWorker.java:111)
	at org.testng.TestRunner.privateRun(TestRunner.java:767)
	at org.testng.TestRunner.run(TestRunner.java:617)
	at org.testng.SuiteRunner.runTest(SuiteRunner.java:334)
	at org.testng.SuiteRunner.runSequentially(SuiteRunner.java:329)
	at org.testng.SuiteRunner.privateRun(SuiteRunner.java:291)
	at org.testng.SuiteRunner.run(SuiteRunner.java:240)
	at org.testng.SuiteRunnerWorker.runSuite(SuiteRunnerWorker.java:52)
	at org.testng.SuiteRunnerWorker.run(SuiteRunnerWorker.java:86)
	at org.testng.TestNG.runSuitesSequentially(TestNG.java:1198)
	at org.testng.TestNG.runSuitesLocally(TestNG.java:1123)
	at org.testng.TestNG.run(TestNG.java:1031)
	at org.apache.maven.surefire.testng.TestNGExecutor.run(TestNGExecutor.java:178)
	at org.apache.maven.surefire.testng.TestNGXmlTestSuite.execute(TestNGXmlTestSuite.java:92)
	at org.apache.maven.surefire.testng.TestNGProvider.invoke(TestNGProvider.java:96)
	at sun.reflect.NativeMethodAccessorImpl.invoke0(Native Method)
	at sun.reflect.NativeMethodAccessorImpl.invoke(NativeMethodAccessorImpl.java:62)
	at sun.reflect.DelegatingMethodAccessorImpl.invoke(DelegatingMethodAccessorImpl.java:43)
	at java.lang.reflect.Method.invoke(Method.java:498)
	at org.apache.maven.surefire.util.ReflectionUtils.invokeMethodWithArray2(ReflectionUtils.java:208)
	at org.apache.maven.surefire.booter.ProviderFactory$ProviderProxy.invoke(ProviderFactory.java:159)
	at org.apache.maven.surefire.booter.ProviderFactory.invokeProvider(ProviderFactory.java:87)
	at org.apache.maven.surefire.booter.ForkedBooter.runSuitesInProcess(ForkedBooter.java:153)
	at org.apache.maven.surefire.booter.ForkedBooter.main(ForkedBooter.java:95)
</pre></div></td>
<td>1</td>
<td>com.gurukula.AutomationTestgurkula.LTC_01_User_Authentication_Test@4e04a765</td></tr>
<tr>
<td title='com.gurukula.AutomationTestgurkula.LTC_04_BranchesManagement_Test.PTC_BM_007_to_BM_013_Verify_Createbranch_functionality_withvariousinputs()'><b>PTC_BM_007_to_BM_013_Verify_Createbranch_functionality_withvariousinputs</b><br>Test class: com.gurukula.AutomationTestgurkula.LTC_04_BranchesManagement_Test<br>Parameters: 12, AA, This field should follow pattern ^[a-zA-Z\s]*$.</td>
<td><div><pre>java.lang.AssertionError: expected [This field should follow pattern ^[a-zA-Z\s]*$.] but found [This field is required to be at least 5 characters.This field should follow pattern ^[a-zA-Z\s]*$.]
	at com.gurukula.AutomationTestgurkula.LTC_04_BranchesManagement_Test.PTC_BM_007_to_BM_013_Verify_Createbranch_functionality_withvariousinputs(LTC_04_BranchesManagement_Test.java:81)
	at org.apache.maven.surefire.testng.TestNGExecutor.run(TestNGExecutor.java:178)
	at org.apache.maven.surefire.testng.TestNGXmlTestSuite.execute(TestNGXmlTestSuite.java:92)
	at org.apache.maven.surefire.testng.TestNGProvider.invoke(TestNGProvider.java:96)
	at org.apache.maven.surefire.util.ReflectionUtils.invokeMethodWithArray2(ReflectionUtils.java:208)
	at org.apache.maven.surefire.booter.ProviderFactory$ProviderProxy.invoke(ProviderFactory.java:159)
	at org.apache.maven.surefire.booter.ProviderFactory.invokeProvider(ProviderFactory.java:87)
	at org.apache.maven.surefire.booter.ForkedBooter.runSuitesInProcess(ForkedBooter.java:153)
	at org.apache.maven.surefire.booter.ForkedBooter.main(ForkedBooter.java:95)
... Removed 30 stack frames</pre></div><a href='#' onClick='toggleBox("stack-trace686592713", this, "Click to show all stack frames", "Click to hide stack frames")'>Click to show all stack frames</a>
<div class='stack-trace' id='stack-trace686592713'><pre>java.lang.AssertionError: expected [This field should follow pattern ^[a-zA-Z\s]*$.] but found [This field is required to be at least 5 characters.This field should follow pattern ^[a-zA-Z\s]*$.]
	at org.testng.Assert.fail(Assert.java:94)
	at org.testng.Assert.failNotEquals(Assert.java:494)
	at org.testng.Assert.assertEquals(Assert.java:123)
	at org.testng.Assert.assertEquals(Assert.java:176)
	at org.testng.Assert.assertEquals(Assert.java:186)
	at com.gurukula.AutomationTestgurkula.LTC_04_BranchesManagement_Test.PTC_BM_007_to_BM_013_Verify_Createbranch_functionality_withvariousinputs(LTC_04_BranchesManagement_Test.java:81)
	at sun.reflect.NativeMethodAccessorImpl.invoke0(Native Method)
	at sun.reflect.NativeMethodAccessorImpl.invoke(NativeMethodAccessorImpl.java:62)
	at sun.reflect.DelegatingMethodAccessorImpl.invoke(DelegatingMethodAccessorImpl.java:43)
	at java.lang.reflect.Method.invoke(Method.java:498)
	at org.testng.internal.MethodInvocationHelper.invokeMethod(MethodInvocationHelper.java:80)
	at org.testng.internal.Invoker.invokeMethod(Invoker.java:714)
	at org.testng.internal.Invoker.invokeTestMethod(Invoker.java:901)
	at org.testng.internal.Invoker.invokeTestMethods(Invoker.java:1231)
	at org.testng.internal.TestMethodWorker.invokeTestMethods(TestMethodWorker.java:127)
	at org.testng.internal.TestMethodWorker.run(TestMethodWorker.java:111)
	at org.testng.TestRunner.privateRun(TestRunner.java:767)
	at org.testng.TestRunner.run(TestRunner.java:617)
	at org.testng.SuiteRunner.runTest(SuiteRunner.java:334)
	at org.testng.SuiteRunner.runSequentially(SuiteRunner.java:329)
	at org.testng.SuiteRunner.privateRun(SuiteRunner.java:291)
	at org.testng.SuiteRunner.run(SuiteRunner.java:240)
	at org.testng.SuiteRunnerWorker.runSuite(SuiteRunnerWorker.java:52)
	at org.testng.SuiteRunnerWorker.run(SuiteRunnerWorker.java:86)
	at org.testng.TestNG.runSuitesSequentially(TestNG.java:1198)
	at org.testng.TestNG.runSuitesLocally(TestNG.java:1123)
	at org.testng.TestNG.run(TestNG.java:1031)
	at org.apache.maven.surefire.testng.TestNGExecutor.run(TestNGExecutor.java:178)
	at org.apache.maven.surefire.testng.TestNGXmlTestSuite.execute(TestNGXmlTestSuite.java:92)
	at org.apache.maven.surefire.testng.TestNGProvider.invoke(TestNGProvider.java:96)
	at sun.reflect.NativeMethodAccessorImpl.invoke0(Native Method)
	at sun.reflect.NativeMethodAccessorImpl.invoke(NativeMethodAccessorImpl.java:62)
	at sun.reflect.DelegatingMethodAccessorImpl.invoke(DelegatingMethodAccessorImpl.java:43)
	at java.lang.reflect.Method.invoke(Method.java:498)
	at org.apache.maven.surefire.util.ReflectionUtils.invokeMethodWithArray2(ReflectionUtils.java:208)
	at org.apache.maven.surefire.booter.ProviderFactory$ProviderProxy.invoke(ProviderFactory.java:159)
	at org.apache.maven.surefire.booter.ProviderFactory.invokeProvider(ProviderFactory.java:87)
	at org.apache.maven.surefire.booter.ForkedBooter.runSuitesInProcess(ForkedBooter.java:153)
	at org.apache.maven.surefire.booter.ForkedBooter.main(ForkedBooter.java:95)
</pre></div></td>
<td>5</td>
<td>com.gurukula.AutomationTestgurkula.LTC_04_BranchesManagement_Test@380fb434</td></tr>
</table><p>
<table width='100%' border='1' class='invocation-passed'>
<tr><td colspan='4' align='center'><b>PASSED TESTS</b></td></tr>
<tr><td><b>Test method</b></td>
<td width="30%"><b>Exception</b></td>
<td width="10%"><b>Time (seconds)</b></td>
<td><b>Instance</b></td>
</tr>
<tr>
<td title='com.gurukula.AutomationTestgurkula.LTC_03_AcccountManagement_Test.PTC_AC01_to_AC07_Verify_User_settings_with_differentinputcombinations()'><b>PTC_AC01_to_AC07_Verify_User_settings_with_differentinputcombinations</b><br>Test class: com.gurukula.AutomationTestgurkula.LTC_03_AcccountManagement_Test<br>Parameters: Admin firstname, Admin lastname, aaaa, Your e-mail is invalid.Your e-mail is required to be at least 5 characters., flagY</td>
<td></td>
<td>1</td>
<td>com.gurukula.AutomationTestgurkula.LTC_03_AcccountManagement_Test@64616ca2</td></tr>
<tr>
<td title='com.gurukula.AutomationTestgurkula.LTC_03_AcccountManagement_Test.PTC_AC01_to_AC07_Verify_User_settings_with_differentinputcombinations()'><b>PTC_AC01_to_AC07_Verify_User_settings_with_differentinputcombinations</b><br>Test class: com.gurukula.AutomationTestgurkula.LTC_03_AcccountManagement_Test<br>Parameters: Admin firstname, Admin lastname, aaaaaaa, Your e-mail is invalid., flagY</td>
<td></td>
<td>1</td>
<td>com.gurukula.AutomationTestgurkula.LTC_03_AcccountManagement_Test@64616ca2</td></tr>
<tr>
<td title='com.gurukula.AutomationTestgurkula.LTC_03_AcccountManagement_Test.PTC_AC01_to_AC07_Verify_User_settings_with_differentinputcombinations()'><b>PTC_AC01_to_AC07_Verify_User_settings_with_differentinputcombinations</b><br>Test class: com.gurukula.AutomationTestgurkula.LTC_03_AcccountManagement_Test<br>Parameters: Admin firstname, Admin lastname, , Your e-mail is required., flagY</td>
<td></td>
<td>1</td>
<td>com.gurukula.AutomationTestgurkula.LTC_03_AcccountManagement_Test@64616ca2</td></tr>
<tr>
<td title='com.gurukula.AutomationTestgurkula.LTC_03_AcccountManagement_Test.PTC_AC08_to_AC15_Verify_User_settings_with_differentinputcombinations()'><b>PTC_AC08_to_AC15_Verify_User_settings_with_differentinputcombinations</b><br>Test class: com.gurukula.AutomationTestgurkula.LTC_03_AcccountManagement_Test<br>Parameters: mm, May@2019, Your password is required to be at least 5 characters., flagY</td>
<td></td>
<td>1</td>
<td>com.gurukula.AutomationTestgurkula.LTC_03_AcccountManagement_Test@64616ca2</td></tr>
<tr>
<td title='com.gurukula.AutomationTestgurkula.LTC_03_AcccountManagement_Test.PTC_AC08_to_AC15_Verify_User_settings_with_differentinputcombinations()'><b>PTC_AC08_to_AC15_Verify_User_settings_with_differentinputcombinations</b><br>Test class: com.gurukula.AutomationTestgurkula.LTC_03_AcccountManagement_Test<br>Parameters: ggggggggggggggggggggggggggggggggggggggggggggggggggg, May@2019, Your password cannot be longer than 50 characters., flagY</td>
<td></td>
<td>1</td>
<td>com.gurukula.AutomationTestgurkula.LTC_03_AcccountManagement_Test@64616ca2</td></tr>
<tr>
<td title='com.gurukula.AutomationTestgurkula.LTC_03_AcccountManagement_Test.PTC_AC08_to_AC15_Verify_User_settings_with_differentinputcombinations()'><b>PTC_AC08_to_AC15_Verify_User_settings_with_differentinputcombinations</b><br>Test class: com.gurukula.AutomationTestgurkula.LTC_03_AcccountManagement_Test<br>Parameters: May@2019, mm, Your confirmation password is required to be at least 5 characters., flagY</td>
<td></td>
<td>1</td>
<td>com.gurukula.AutomationTestgurkula.LTC_03_AcccountManagement_Test@64616ca2</td></tr>
<tr>
<td title='com.gurukula.AutomationTestgurkula.LTC_03_AcccountManagement_Test.PTC_AC08_to_AC15_Verify_User_settings_with_differentinputcombinations()'><b>PTC_AC08_to_AC15_Verify_User_settings_with_differentinputcombinations</b><br>Test class: com.gurukula.AutomationTestgurkula.LTC_03_AcccountManagement_Test<br>Parameters: May@2019, ggggggggggggggggggggggggggggggggggggggggggggggggggg, Your confirmation password cannot be longer than 50 characters., flagY</td>
<td></td>
<td>4</td>
<td>com.gurukula.AutomationTestgurkula.LTC_03_AcccountManagement_Test@64616ca2</td></tr>
<tr>
<td title='com.gurukula.AutomationTestgurkula.LTC_03_AcccountManagement_Test.PTC_AC08_to_AC15_Verify_User_settings_with_differentinputcombinations()'><b>PTC_AC08_to_AC15_Verify_User_settings_with_differentinputcombinations</b><br>Test class: com.gurukula.AutomationTestgurkula.LTC_03_AcccountManagement_Test<br>Parameters: , May@2019, Your password is required., flagY</td>
<td></td>
<td>1</td>
<td>com.gurukula.AutomationTestgurkula.LTC_03_AcccountManagement_Test@64616ca2</td></tr>
<tr>
<td title='com.gurukula.AutomationTestgurkula.LTC_03_AcccountManagement_Test.PTC_AC08_to_AC15_Verify_User_settings_with_differentinputcombinations()'><b>PTC_AC08_to_AC15_Verify_User_settings_with_differentinputcombinations</b><br>Test class: com.gurukula.AutomationTestgurkula.LTC_03_AcccountManagement_Test<br>Parameters: May@2019, , Your confirmation password is required., flagY</td>
<td></td>
<td>1</td>
<td>com.gurukula.AutomationTestgurkula.LTC_03_AcccountManagement_Test@64616ca2</td></tr>
<tr>
<td title='com.gurukula.AutomationTestgurkula.LTC_03_AcccountManagement_Test.PTC_AC08_to_AC15_Verify_User_settings_with_differentinputcombinations()'><b>PTC_AC08_to_AC15_Verify_User_settings_with_differentinputcombinations</b><br>Test class: com.gurukula.AutomationTestgurkula.LTC_03_AcccountManagement_Test<br>Parameters: May@2019, Apr@2019, The password and its confirmation do not match!, flagZ</td>
<td></td>
<td>0</td>
<td>com.gurukula.AutomationTestgurkula.LTC_03_AcccountManagement_Test@64616ca2</td></tr>
<tr>
<td title='com.gurukula.AutomationTestgurkula.LTC_03_AcccountManagement_Test.PTC_AC16_InvalidateSession()'><b>PTC_AC16_InvalidateSession</b><br>Test class: com.gurukula.AutomationTestgurkula.LTC_03_AcccountManagement_Test</td>
<td></td>
<td>0</td>
<td>com.gurukula.AutomationTestgurkula.LTC_03_AcccountManagement_Test@64616ca2</td></tr>
<tr>
<td title='com.gurukula.AutomationTestgurkula.LTC_01_User_Authentication_Test.PTC_AM_01_Verify_User_Valid_login()'><b>PTC_AM_01_Verify_User_Valid_login</b><br>Test class: com.gurukula.AutomationTestgurkula.LTC_01_User_Authentication_Test<br>Parameters: admin, admin, You are logged in as user </td>
<td></td>
<td>1</td>
<td>com.gurukula.AutomationTestgurkula.LTC_01_User_Authentication_Test@4e04a765</td></tr>
<tr>
<td title='com.gurukula.AutomationTestgurkula.LTC_01_User_Authentication_Test.PTC_AM_03_Verify_User_Valid_loginwithAutomaticLoginenabled()'><b>PTC_AM_03_Verify_User_Valid_loginwithAutomaticLoginenabled</b><br>Test class: com.gurukula.AutomationTestgurkula.LTC_01_User_Authentication_Test<br>Parameters: admin, admin, You are logged in as user </td>
<td></td>
<td>2</td>
<td>com.gurukula.AutomationTestgurkula.LTC_01_User_Authentication_Test@4e04a765</td></tr>
<tr>
<td title='com.gurukula.AutomationTestgurkula.LTC_01_User_Authentication_Test.PTC_AM_04_Verify_User_Valid_loginandLogout()'><b>PTC_AM_04_Verify_User_Valid_loginandLogout</b><br>Test class: com.gurukula.AutomationTestgurkula.LTC_01_User_Authentication_Test<br>Parameters: admin, admin, You are logged in as user </td>
<td></td>
<td>7</td>
<td>com.gurukula.AutomationTestgurkula.LTC_01_User_Authentication_Test@4e04a765</td></tr>
<tr>
<td title='com.gurukula.AutomationTestgurkula.LTC_01_User_Authentication_Test.PTC_AM_05_Verify_User_Valid_loginandLogout()'><b>PTC_AM_05_Verify_User_Valid_loginandLogout</b><br>Test class: com.gurukula.AutomationTestgurkula.LTC_01_User_Authentication_Test<br>Parameters: admin, admin, You are logged in as user </td>
<td></td>
<td>2</td>
<td>com.gurukula.AutomationTestgurkula.LTC_01_User_Authentication_Test@4e04a765</td></tr>
<tr>
<td title='com.gurukula.AutomationTestgurkula.LTC_01_User_Authentication_Test.PTC_AM_06_Verify_ResetPassword_button_isenabled_with_validemailid()'><b>PTC_AM_06_Verify_ResetPassword_button_isenabled_with_validemailid</b><br>Test class: com.gurukula.AutomationTestgurkula.LTC_01_User_Authentication_Test<br>Parameters: gopisrikanthkosuru@gmail.com</td>
<td></td>
<td>6</td>
<td>com.gurukula.AutomationTestgurkula.LTC_01_User_Authentication_Test@4e04a765</td></tr>
<tr>
<td title='com.gurukula.AutomationTestgurkula.LTC_01_User_Authentication_Test.PTC_AM_07_Verify_ResetPassword_button_isenabled_with_invalidemailid()'><b>PTC_AM_07_Verify_ResetPassword_button_isenabled_with_invalidemailid</b><br>Test class: com.gurukula.AutomationTestgurkula.LTC_01_User_Authentication_Test<br>Parameters: ggggg#dd</td>
<td></td>
<td>6</td>
<td>com.gurukula.AutomationTestgurkula.LTC_01_User_Authentication_Test@4e04a765</td></tr>
<tr>
<td title='com.gurukula.AutomationTestgurkula.LTC_04_BranchesManagement_Test.PTC_BM_001_Verify_BranchCreation()'><b>PTC_BM_001_Verify_BranchCreation</b><br>Test class: com.gurukula.AutomationTestgurkula.LTC_04_BranchesManagement_Test<br>Parameters: CIVILENG, CIV</td>
<td></td>
<td>7</td>
<td>com.gurukula.AutomationTestgurkula.LTC_04_BranchesManagement_Test@380fb434</td></tr>
<tr>
<td title='com.gurukula.AutomationTestgurkula.LTC_04_BranchesManagement_Test.PTC_BM_001_Verify_BranchCreation2()'><b>PTC_BM_001_Verify_BranchCreation2</b><br>Test class: com.gurukula.AutomationTestgurkula.LTC_04_BranchesManagement_Test<br>Parameters: CIVILENG, CIV</td>
<td></td>
<td>8</td>
<td>com.gurukula.AutomationTestgurkula.LTC_04_BranchesManagement_Test@380fb434</td></tr>
<tr>
<td title='com.gurukula.AutomationTestgurkula.LTC_04_BranchesManagement_Test.PTC_BM_002_Verify_Branch_view_functionality()'><b>PTC_BM_002_Verify_Branch_view_functionality</b><br>Test class: com.gurukula.AutomationTestgurkula.LTC_04_BranchesManagement_Test</td>
<td></td>
<td>0</td>
<td>com.gurukula.AutomationTestgurkula.LTC_04_BranchesManagement_Test@380fb434</td></tr>
<tr>
<td title='com.gurukula.AutomationTestgurkula.LTC_04_BranchesManagement_Test.PTC_BM_003_Verify_BranchEditing()'><b>PTC_BM_003_Verify_BranchEditing</b><br>Test class: com.gurukula.AutomationTestgurkula.LTC_04_BranchesManagement_Test<br>Parameters: EDITBRANCH, UPA</td>
<td></td>
<td>7</td>
<td>com.gurukula.AutomationTestgurkula.LTC_04_BranchesManagement_Test@380fb434</td></tr>
<tr>
<td title='com.gurukula.AutomationTestgurkula.LTC_04_BranchesManagement_Test.PTC_BM_004_Verify_delete_functionality()'><b>PTC_BM_004_Verify_delete_functionality</b><br>Test class: com.gurukula.AutomationTestgurkula.LTC_04_BranchesManagement_Test</td>
<td></td>
<td>2</td>
<td>com.gurukula.AutomationTestgurkula.LTC_04_BranchesManagement_Test@380fb434</td></tr>
<tr>
<td title='com.gurukula.AutomationTestgurkula.LTC_04_BranchesManagement_Test.PTC_BM_007_to_BM_013_Verify_Createbranch_functionality_withvariousinputs()'><b>PTC_BM_007_to_BM_013_Verify_Createbranch_functionality_withvariousinputs</b><br>Test class: com.gurukula.AutomationTestgurkula.LTC_04_BranchesManagement_Test<br>Parameters: AA, ABC, This field is required to be at least 5 characters.</td>
<td></td>
<td>6</td>
<td>com.gurukula.AutomationTestgurkula.LTC_04_BranchesManagement_Test@380fb434</td></tr>
<tr>
<td title='com.gurukula.AutomationTestgurkula.LTC_04_BranchesManagement_Test.PTC_BM_007_to_BM_013_Verify_Createbranch_functionality_withvariousinputs()'><b>PTC_BM_007_to_BM_013_Verify_Createbranch_functionality_withvariousinputs</b><br>Test class: com.gurukula.AutomationTestgurkula.LTC_04_BranchesManagement_Test<br>Parameters: AAAAAAAAAAAAAAAAAAAAAAAAAAAAAAAAAA, ABC, This field cannot be longer than 20 characters.</td>
<td></td>
<td>6</td>
<td>com.gurukula.AutomationTestgurkula.LTC_04_BranchesManagement_Test@380fb434</td></tr>
<tr>
<td title='com.gurukula.AutomationTestgurkula.LTC_04_BranchesManagement_Test.PTC_BM_007_to_BM_013_Verify_Createbranch_functionality_withvariousinputs()'><b>PTC_BM_007_to_BM_013_Verify_Createbranch_functionality_withvariousinputs</b><br>Test class: com.gurukula.AutomationTestgurkula.LTC_04_BranchesManagement_Test<br>Parameters: , ABC, This field is required.</td>
<td></td>
<td>6</td>
<td>com.gurukula.AutomationTestgurkula.LTC_04_BranchesManagement_Test@380fb434</td></tr>
<tr>
<td title='com.gurukula.AutomationTestgurkula.LTC_04_BranchesManagement_Test.PTC_BM_007_to_BM_013_Verify_Createbranch_functionality_withvariousinputs()'><b>PTC_BM_007_to_BM_013_Verify_Createbranch_functionality_withvariousinputs</b><br>Test class: com.gurukula.AutomationTestgurkula.LTC_04_BranchesManagement_Test<br>Parameters: ELECTRICAL, , This field is required.</td>
<td></td>
<td>5</td>
<td>com.gurukula.AutomationTestgurkula.LTC_04_BranchesManagement_Test@380fb434</td></tr>
<tr>
<td title='com.gurukula.AutomationTestgurkula.LTC_04_BranchesManagement_Test.PTC_BM_007_to_BM_013_Verify_Createbranch_functionality_withvariousinputs()'><b>PTC_BM_007_to_BM_013_Verify_Createbranch_functionality_withvariousinputs</b><br>Test class: com.gurukula.AutomationTestgurkula.LTC_04_BranchesManagement_Test<br>Parameters: ELECTRICAL, A, This field is required to be at least 2 characters.</td>
<td></td>
<td>5</td>
<td>com.gurukula.AutomationTestgurkula.LTC_04_BranchesManagement_Test@380fb434</td></tr>
<tr>
<td title='com.gurukula.AutomationTestgurkula.LTC_04_BranchesManagement_Test.PTC_BM_007_to_BM_013_Verify_Createbranch_functionality_withvariousinputs()'><b>PTC_BM_007_to_BM_013_Verify_Createbranch_functionality_withvariousinputs</b><br>Test class: com.gurukula.AutomationTestgurkula.LTC_04_BranchesManagement_Test<br>Parameters: ELECTRICAL, aa, This field should follow pattern ^[A-Z0-9]*$.</td>
<td></td>
<td>6</td>
<td>com.gurukula.AutomationTestgurkula.LTC_04_BranchesManagement_Test@380fb434</td></tr>
<tr>
<td title='com.gurukula.AutomationTestgurkula.LTC_02_UserRegistration_Test.PTC_RM_01_to_RM16_Verify_User_registarion_with_differentinputcombinations()'><b>PTC_RM_01_to_RM16_Verify_User_registarion_with_differentinputcombinations</b><br>Test class: com.gurukula.AutomationTestgurkula.LTC_02_UserRegistration_Test<br>Parameters: gopisrikanth1, gopisrikanthkosuru@gmail.com, May@2019, May@2019, Registration Successful, scenario1</td>
<td></td>
<td>0</td>
<td>com.gurukula.AutomationTestgurkula.LTC_02_UserRegistration_Test@13fee20c</td></tr>
<tr>
<td title='com.gurukula.AutomationTestgurkula.LTC_02_UserRegistration_Test.PTC_RM_01_to_RM16_Verify_User_registarion_with_differentinputcombinations()'><b>PTC_RM_01_to_RM16_Verify_User_registarion_with_differentinputcombinations</b><br>Test class: com.gurukula.AutomationTestgurkula.LTC_02_UserRegistration_Test<br>Parameters: admin, gopisrikanth1@gmail.com, May@2019, May@2019, Login name already registered! Please choose another one., flagX</td>
<td></td>
<td>2</td>
<td>com.gurukula.AutomationTestgurkula.LTC_02_UserRegistration_Test@13fee20c</td></tr>
<tr>
<td title='com.gurukula.AutomationTestgurkula.LTC_02_UserRegistration_Test.PTC_RM_01_to_RM16_Verify_User_registarion_with_differentinputcombinations()'><b>PTC_RM_01_to_RM16_Verify_User_registarion_with_differentinputcombinations</b><br>Test class: com.gurukula.AutomationTestgurkula.LTC_02_UserRegistration_Test<br>Parameters: gopisrikanth1, admin@localhost, May@2019, May@2019, E-mail is already in use! Please choose another one., flagX</td>
<td></td>
<td>3</td>
<td>com.gurukula.AutomationTestgurkula.LTC_02_UserRegistration_Test@13fee20c</td></tr>
<tr>
<td title='com.gurukula.AutomationTestgurkula.LTC_02_UserRegistration_Test.PTC_RM_01_to_RM16_Verify_User_registarion_with_differentinputcombinations()'><b>PTC_RM_01_to_RM16_Verify_User_registarion_with_differentinputcombinations</b><br>Test class: com.gurukula.AutomationTestgurkula.LTC_02_UserRegistration_Test<br>Parameters: gopisrikanth1, gopisrikanthkosuru@gmail.com, May@2019, october@2019, The password and its confirmation do not match!, flagX</td>
<td></td>
<td>2</td>
<td>com.gurukula.AutomationTestgurkula.LTC_02_UserRegistration_Test@13fee20c</td></tr>
<tr>
<td title='com.gurukula.AutomationTestgurkula.LTC_02_UserRegistration_Test.PTC_RM_01_to_RM16_Verify_User_registarion_with_differentinputcombinations()'><b>PTC_RM_01_to_RM16_Verify_User_registarion_with_differentinputcombinations</b><br>Test class: com.gurukula.AutomationTestgurkula.LTC_02_UserRegistration_Test<br>Parameters: gopisrikanth1, gg, May@2019, october@2019, Your e-mail is invalid.Your e-mail is required to be at least 5 characters., flagY</td>
<td></td>
<td>3</td>
<td>com.gurukula.AutomationTestgurkula.LTC_02_UserRegistration_Test@13fee20c</td></tr>
<tr>
<td title='com.gurukula.AutomationTestgurkula.LTC_02_UserRegistration_Test.PTC_RM_01_to_RM16_Verify_User_registarion_with_differentinputcombinations()'><b>PTC_RM_01_to_RM16_Verify_User_registarion_with_differentinputcombinations</b><br>Test class: com.gurukula.AutomationTestgurkula.LTC_02_UserRegistration_Test<br>Parameters: gopisrikanth1, ggggggggggggggggggggggggggggggggggggggggggggggdddddddddddddddddddddddddddddddddddddddddddddddddddddddddddddddddddddddddddddd, May@2019, october@2019, Your e-mail is invalid.Your e-mail cannot be longer than 50 characters., flagY</td>
<td></td>
<td>5</td>
<td>com.gurukula.AutomationTestgurkula.LTC_02_UserRegistration_Test@13fee20c</td></tr>
<tr>
<td title='com.gurukula.AutomationTestgurkula.LTC_02_UserRegistration_Test.PTC_RM_01_to_RM16_Verify_User_registarion_with_differentinputcombinations()'><b>PTC_RM_01_to_RM16_Verify_User_registarion_with_differentinputcombinations</b><br>Test class: com.gurukula.AutomationTestgurkula.LTC_02_UserRegistration_Test<br>Parameters: gopisrikanth#, gopisrikanth1@gmail.com, May@2019, october@2019, Your login can only contain lower-case letters and digits., flagY</td>
<td></td>
<td>4</td>
<td>com.gurukula.AutomationTestgurkula.LTC_02_UserRegistration_Test@13fee20c</td></tr>
<tr>
<td title='com.gurukula.AutomationTestgurkula.LTC_02_UserRegistration_Test.PTC_RM_01_to_RM16_Verify_User_registarion_with_differentinputcombinations()'><b>PTC_RM_01_to_RM16_Verify_User_registarion_with_differentinputcombinations</b><br>Test class: com.gurukula.AutomationTestgurkula.LTC_02_UserRegistration_Test<br>Parameters: ggggggggggggggggggggggggggggggggggggggggggggggggggg, gopisrikanth1@gmail.com, May@2019, october@2019, Your login cannot be longer than 50 characters., flagY</td>
<td></td>
<td>4</td>
<td>com.gurukula.AutomationTestgurkula.LTC_02_UserRegistration_Test@13fee20c</td></tr>
<tr>
<td title='com.gurukula.AutomationTestgurkula.LTC_02_UserRegistration_Test.PTC_RM_01_to_RM16_Verify_User_registarion_with_differentinputcombinations()'><b>PTC_RM_01_to_RM16_Verify_User_registarion_with_differentinputcombinations</b><br>Test class: com.gurukula.AutomationTestgurkula.LTC_02_UserRegistration_Test<br>Parameters: gopisrikanth348, gopisrikanthkosuru@gmail.com, 12, october@2019, Your password is required to be at least 5 characters., flagY</td>
<td></td>
<td>3</td>
<td>com.gurukula.AutomationTestgurkula.LTC_02_UserRegistration_Test@13fee20c</td></tr>
<tr>
<td title='com.gurukula.AutomationTestgurkula.LTC_02_UserRegistration_Test.PTC_RM_01_to_RM16_Verify_User_registarion_with_differentinputcombinations()'><b>PTC_RM_01_to_RM16_Verify_User_registarion_with_differentinputcombinations</b><br>Test class: com.gurukula.AutomationTestgurkula.LTC_02_UserRegistration_Test<br>Parameters: gopisrikanth348, gopisrikanthkosuru@gmail.com, ggggggggggggggggggggggggggggggggggggggggggggggggggg, october@2019, Your password cannot be longer than 50 characters., flagY</td>
<td></td>
<td>4</td>
<td>com.gurukula.AutomationTestgurkula.LTC_02_UserRegistration_Test@13fee20c</td></tr>
<tr>
<td title='com.gurukula.AutomationTestgurkula.LTC_02_UserRegistration_Test.PTC_RM_01_to_RM16_Verify_User_registarion_with_differentinputcombinations()'><b>PTC_RM_01_to_RM16_Verify_User_registarion_with_differentinputcombinations</b><br>Test class: com.gurukula.AutomationTestgurkula.LTC_02_UserRegistration_Test<br>Parameters: gopisrikanth348, gopisrikanthkosuru@gmail.com, october@2019, 12, Your confirmation password is required to be at least 5 characters., flagY</td>
<td></td>
<td>3</td>
<td>com.gurukula.AutomationTestgurkula.LTC_02_UserRegistration_Test@13fee20c</td></tr>
<tr>
<td title='com.gurukula.AutomationTestgurkula.LTC_02_UserRegistration_Test.PTC_RM_01_to_RM16_Verify_User_registarion_with_differentinputcombinations()'><b>PTC_RM_01_to_RM16_Verify_User_registarion_with_differentinputcombinations</b><br>Test class: com.gurukula.AutomationTestgurkula.LTC_02_UserRegistration_Test<br>Parameters: gopisrikanth348, gopisrikanthkosuru@gmail.com, october@2019, ggggggggggggggggggggggggggggggggggggggggggggggggggg, Your confirmation password cannot be longer than 50 characters., flagY</td>
<td></td>
<td>3</td>
<td>com.gurukula.AutomationTestgurkula.LTC_02_UserRegistration_Test@13fee20c</td></tr>
<tr>
<td title='com.gurukula.AutomationTestgurkula.LTC_02_UserRegistration_Test.PTC_RM_01_to_RM16_Verify_User_registarion_with_differentinputcombinations()'><b>PTC_RM_01_to_RM16_Verify_User_registarion_with_differentinputcombinations</b><br>Test class: com.gurukula.AutomationTestgurkula.LTC_02_UserRegistration_Test<br>Parameters: gopisrikanth348, gopisrikanthkosuru@gmail.com, october@2019, , Your confirmation password is required., flagY</td>
<td></td>
<td>3</td>
<td>com.gurukula.AutomationTestgurkula.LTC_02_UserRegistration_Test@13fee20c</td></tr>
<tr>
<td title='com.gurukula.AutomationTestgurkula.LTC_02_UserRegistration_Test.PTC_RM_01_to_RM16_Verify_User_registarion_with_differentinputcombinations()'><b>PTC_RM_01_to_RM16_Verify_User_registarion_with_differentinputcombinations</b><br>Test class: com.gurukula.AutomationTestgurkula.LTC_02_UserRegistration_Test<br>Parameters: gopisrikanth348, gopisrikanthkosuru@gmail.com, , october@2019, Your password is required., flagY</td>
<td></td>
<td>3</td>
<td>com.gurukula.AutomationTestgurkula.LTC_02_UserRegistration_Test@13fee20c</td></tr>
<tr>
<td title='com.gurukula.AutomationTestgurkula.LTC_02_UserRegistration_Test.PTC_RM_01_to_RM16_Verify_User_registarion_with_differentinputcombinations()'><b>PTC_RM_01_to_RM16_Verify_User_registarion_with_differentinputcombinations</b><br>Test class: com.gurukula.AutomationTestgurkula.LTC_02_UserRegistration_Test<br>Parameters: gopisrikanth348, , october@2019, october@2019, Your e-mail is required., flagY</td>
<td></td>
<td>2</td>
<td>com.gurukula.AutomationTestgurkula.LTC_02_UserRegistration_Test@13fee20c</td></tr>
<tr>
<td title='com.gurukula.AutomationTestgurkula.LTC_02_UserRegistration_Test.PTC_RM_01_to_RM16_Verify_User_registarion_with_differentinputcombinations()'><b>PTC_RM_01_to_RM16_Verify_User_registarion_with_differentinputcombinations</b><br>Test class: com.gurukula.AutomationTestgurkula.LTC_02_UserRegistration_Test<br>Parameters: , gopisrikanthkosuru@gmail.com, october@2019, october@2019, Your login is required., flagY</td>
<td></td>
<td>3</td>
<td>com.gurukula.AutomationTestgurkula.LTC_02_UserRegistration_Test@13fee20c</td></tr>
<tr>
<td title='com.gurukula.AutomationTestgurkula.LTC_05_StaffManagement_Test.PTC_SM_001_Verify_StaffCreation()'><b>PTC_SM_001_Verify_StaffCreation</b><br>Test class: com.gurukula.AutomationTestgurkula.LTC_05_StaffManagement_Test<br>Parameters: srikanth, CIVILENG</td>
<td></td>
<td>6</td>
<td>com.gurukula.AutomationTestgurkula.LTC_05_StaffManagement_Test@3b81a1bc</td></tr>
<tr>
<td title='com.gurukula.AutomationTestgurkula.LTC_05_StaffManagement_Test.PTC_SM_001_Verify_StaffCreation()'><b>PTC_SM_001_Verify_StaffCreation</b><br>Test class: com.gurukula.AutomationTestgurkula.LTC_05_StaffManagement_Test<br>Parameters: gopi, CIVILENG</td>
<td></td>
<td>6</td>
<td>com.gurukula.AutomationTestgurkula.LTC_05_StaffManagement_Test@3b81a1bc</td></tr>
<tr>
<td title='com.gurukula.AutomationTestgurkula.LTC_05_StaffManagement_Test.PTC_SM_001_Verify_StaffCreation()'><b>PTC_SM_001_Verify_StaffCreation</b><br>Test class: com.gurukula.AutomationTestgurkula.LTC_05_StaffManagement_Test<br>Parameters: kosuru, CIVILENG</td>
<td></td>
<td>7</td>
<td>com.gurukula.AutomationTestgurkula.LTC_05_StaffManagement_Test@3b81a1bc</td></tr>
<tr>
<td title='com.gurukula.AutomationTestgurkula.LTC_05_StaffManagement_Test.PTC_SM_002_Verify_Branch_view_functionality()'><b>PTC_SM_002_Verify_Branch_view_functionality</b><br>Test class: com.gurukula.AutomationTestgurkula.LTC_05_StaffManagement_Test</td>
<td></td>
<td>0</td>
<td>com.gurukula.AutomationTestgurkula.LTC_05_StaffManagement_Test@3b81a1bc</td></tr>
<tr>
<td title='com.gurukula.AutomationTestgurkula.LTC_05_StaffManagement_Test.PTC_SM_003_Verify_BranchEditing()'><b>PTC_SM_003_Verify_BranchEditing</b><br>Test class: com.gurukula.AutomationTestgurkula.LTC_05_StaffManagement_Test<br>Parameters: STAFFEDIT, CIVILENG</td>
<td></td>
<td>6</td>
<td>com.gurukula.AutomationTestgurkula.LTC_05_StaffManagement_Test@3b81a1bc</td></tr>
<tr>
<td title='com.gurukula.AutomationTestgurkula.LTC_05_StaffManagement_Test.PTC_SM_004_Verify_delete_functionality()'><b>PTC_SM_004_Verify_delete_functionality</b><br>Test class: com.gurukula.AutomationTestgurkula.LTC_05_StaffManagement_Test</td>
<td></td>
<td>2</td>
<td>com.gurukula.AutomationTestgurkula.LTC_05_StaffManagement_Test@3b81a1bc</td></tr>
<tr>
<td title='com.gurukula.AutomationTestgurkula.LTC_05_StaffManagement_Test.PTC_SM_007_to_SM_009_Verify_Createbranch_functionality_withvariousinputs()'><b>PTC_SM_007_to_SM_009_Verify_Createbranch_functionality_withvariousinputs</b><br>Test class: com.gurukula.AutomationTestgurkula.LTC_05_StaffManagement_Test<br>Parameters: aaaaaaaaaaaaaaaaaaaaaaaaaaaaaaaaaaaaaaaaaaaaaaaaaaaaaaaaaaaaaa, CIVILENG, This field cannot be longer than 50 characters.</td>
<td></td>
<td>6</td>
<td>com.gurukula.AutomationTestgurkula.LTC_05_StaffManagement_Test@3b81a1bc</td></tr>
<tr>
<td title='com.gurukula.AutomationTestgurkula.LTC_05_StaffManagement_Test.PTC_SM_007_to_SM_009_Verify_Createbranch_functionality_withvariousinputs()'><b>PTC_SM_007_to_SM_009_Verify_Createbranch_functionality_withvariousinputs</b><br>Test class: com.gurukula.AutomationTestgurkula.LTC_05_StaffManagement_Test<br>Parameters: , CIVILENG, This field is required.</td>
<td></td>
<td>5</td>
<td>com.gurukula.AutomationTestgurkula.LTC_05_StaffManagement_Test@3b81a1bc</td></tr>
<tr>
<td title='com.gurukula.AutomationTestgurkula.LTC_05_StaffManagement_Test.PTC_SM_007_to_SM_009_Verify_Createbranch_functionality_withvariousinputs()'><b>PTC_SM_007_to_SM_009_Verify_Createbranch_functionality_withvariousinputs</b><br>Test class: com.gurukula.AutomationTestgurkula.LTC_05_StaffManagement_Test<br>Parameters: 1111, CIVILENG, This field should follow pattern ^[a-zA-Z\s]*$.</td>
<td></td>
<td>5</td>
<td>com.gurukula.AutomationTestgurkula.LTC_05_StaffManagement_Test@3b81a1bc</td></tr>
</table><p>
</body>
</html>