<?xml version="1.0" encoding="UTF-8"?>
<!-- Generated by org.testng.reporters.JUnitXMLReporter -->
<testsuite hostname="DESKTOP-PUPFFT7" name="Gurukul Automation" tests="58" failures="13" timestamp="8 May 2019 21:21:10 GMT" time="936.189" errors="0">
  <testcase name="PTC_AM_01_Verify_User_Valid_login" time="8.128" classname="com.gurukula.AutomationTestgurkula.LTC_01_User_Authentication_Test"/>
  <testcase name="PTC_AM_02_Verify_User_InValid_login" time="1.508" classname="com.gurukula.AutomationTestgurkula.LTC_01_User_Authentication_Test"/>
  <testcase name="PTC_AM_03_Verify_User_Valid_loginwithAutomaticLoginenabled" time="2.343" classname="com.gurukula.AutomationTestgurkula.LTC_01_User_Authentication_Test"/>
  <testcase name="PTC_AM_04_Verify_User_Valid_loginandLogout" time="6.909" classname="com.gurukula.AutomationTestgurkula.LTC_01_User_Authentication_Test"/>
  <testcase name="PTC_AM_05_Verify_User_Valid_loginandLogout" time="1.294" classname="com.gurukula.AutomationTestgurkula.LTC_01_User_Authentication_Test"/>
  <testcase name="PTC_AM_06_Verify_ResetPassword_button_isenabled_with_validemailid" time="0.0" classname="com.gurukula.AutomationTestgurkula.LTC_01_User_Authentication_Test">
    <skipped/>
  </testcase> <!-- PTC_AM_06_Verify_ResetPassword_button_isenabled_with_validemailid -->
  <testcase name="PTC_AM_07_Verify_ResetPassword_button_isenabled_with_invalidemailid" time="5.628" classname="com.gurukula.AutomationTestgurkula.LTC_01_User_Authentication_Test"/>
  <testcase name="PTC_RM_01_to_RM16_Verify_User_registarion_with_differentinputcombinations" time="0.439" classname="com.gurukula.AutomationTestgurkula.LTC_02_UserRegistration_Test"/>
  <testcase name="PTC_RM_01_to_RM16_Verify_User_registarion_with_differentinputcombinations" time="1.762" classname="com.gurukula.AutomationTestgurkula.LTC_02_UserRegistration_Test"/>
  <testcase name="PTC_RM_01_to_RM16_Verify_User_registarion_with_differentinputcombinations" time="2.073" classname="com.gurukula.AutomationTestgurkula.LTC_02_UserRegistration_Test"/>
  <testcase name="PTC_RM_01_to_RM16_Verify_User_registarion_with_differentinputcombinations" time="1.654" classname="com.gurukula.AutomationTestgurkula.LTC_02_UserRegistration_Test"/>
  <testcase name="PTC_RM_01_to_RM16_Verify_User_registarion_with_differentinputcombinations" time="2.29" classname="com.gurukula.AutomationTestgurkula.LTC_02_UserRegistration_Test"/>
  <testcase name="PTC_RM_01_to_RM16_Verify_User_registarion_with_differentinputcombinations" time="2.399" classname="com.gurukula.AutomationTestgurkula.LTC_02_UserRegistration_Test">
    <failure type="java.lang.AssertionError" message="expected [Your e-mail is invalid.Your e-mail cannot be longer than 50 characters.] but found [Your e-mail is invalid.]">
      <![CDATA[java.lang.AssertionError: expected [Your e-mail is invalid.Your e-mail cannot be longer than 50 characters.] but found [Your e-mail is invalid.]
	at com.gurukula.AutomationTestgurkula.LTC_02_UserRegistration_Test.PTC_RM_01_to_RM16_Verify_User_registarion_with_differentinputcombinations(LTC_02_UserRegistration_Test.java:59)
	at org.apache.maven.surefire.testng.TestNGExecutor.run(TestNGExecutor.java:178)
	at org.apache.maven.surefire.testng.TestNGXmlTestSuite.execute(TestNGXmlTestSuite.java:92)
	at org.apache.maven.surefire.testng.TestNGProvider.invoke(TestNGProvider.java:96)
	at org.apache.maven.surefire.util.ReflectionUtils.invokeMethodWithArray2(ReflectionUtils.java:208)
	at org.apache.maven.surefire.booter.ProviderFactory$ProviderProxy.invoke(ProviderFactory.java:159)
	at org.apache.maven.surefire.booter.ProviderFactory.invokeProvider(ProviderFactory.java:87)
	at org.apache.maven.surefire.booter.ForkedBooter.runSuitesInProcess(ForkedBooter.java:153)
	at org.apache.maven.surefire.booter.ForkedBooter.main(ForkedBooter.java:95)
... Removed 30 stack frames]]>
    </failure>
  </testcase> <!-- PTC_RM_01_to_RM16_Verify_User_registarion_with_differentinputcombinations -->
  <testcase name="PTC_RM_01_to_RM16_Verify_User_registarion_with_differentinputcombinations" time="2.766" classname="com.gurukula.AutomationTestgurkula.LTC_02_UserRegistration_Test"/>
  <testcase name="PTC_RM_01_to_RM16_Verify_User_registarion_with_differentinputcombinations" time="3.073" classname="com.gurukula.AutomationTestgurkula.LTC_02_UserRegistration_Test"/>
  <testcase name="PTC_RM_01_to_RM16_Verify_User_registarion_with_differentinputcombinations" time="2.448" classname="com.gurukula.AutomationTestgurkula.LTC_02_UserRegistration_Test"/>
  <testcase name="PTC_RM_01_to_RM16_Verify_User_registarion_with_differentinputcombinations" time="3.172" classname="com.gurukula.AutomationTestgurkula.LTC_02_UserRegistration_Test"/>
  <testcase name="PTC_RM_01_to_RM16_Verify_User_registarion_with_differentinputcombinations" time="2.125" classname="com.gurukula.AutomationTestgurkula.LTC_02_UserRegistration_Test"/>
  <testcase name="PTC_RM_01_to_RM16_Verify_User_registarion_with_differentinputcombinations" time="2.975" classname="com.gurukula.AutomationTestgurkula.LTC_02_UserRegistration_Test"/>
  <testcase name="PTC_RM_01_to_RM16_Verify_User_registarion_with_differentinputcombinations" time="2.101" classname="com.gurukula.AutomationTestgurkula.LTC_02_UserRegistration_Test"/>
  <testcase name="PTC_RM_01_to_RM16_Verify_User_registarion_with_differentinputcombinations" time="2.549" classname="com.gurukula.AutomationTestgurkula.LTC_02_UserRegistration_Test"/>
  <testcase name="PTC_RM_01_to_RM16_Verify_User_registarion_with_differentinputcombinations" time="2.09" classname="com.gurukula.AutomationTestgurkula.LTC_02_UserRegistration_Test"/>
  <testcase name="PTC_RM_01_to_RM16_Verify_User_registarion_with_differentinputcombinations" time="2.268" classname="com.gurukula.AutomationTestgurkula.LTC_02_UserRegistration_Test"/>
  <testcase name="PTC_AC01_to_AC07_Verify_User_settings_with_differentinputcombinations" time="1.406" classname="com.gurukula.AutomationTestgurkula.LTC_03_AcccountManagement_Test">
    <failure type="java.lang.AssertionError" message="expected [Settings saved!] but found []">
      <![CDATA[java.lang.AssertionError: expected [Settings saved!] but found []
	at com.gurukula.AutomationTestgurkula.LTC_03_AcccountManagement_Test.PTC_AC01_to_AC07_Verify_User_settings_with_differentinputcombinations(LTC_03_AcccountManagement_Test.java:61)
	at org.apache.maven.surefire.testng.TestNGExecutor.run(TestNGExecutor.java:178)
	at org.apache.maven.surefire.testng.TestNGXmlTestSuite.execute(TestNGXmlTestSuite.java:92)
	at org.apache.maven.surefire.testng.TestNGProvider.invoke(TestNGProvider.java:96)
	at org.apache.maven.surefire.util.ReflectionUtils.invokeMethodWithArray2(ReflectionUtils.java:208)
	at org.apache.maven.surefire.booter.ProviderFactory$ProviderProxy.invoke(ProviderFactory.java:159)
	at org.apache.maven.surefire.booter.ProviderFactory.invokeProvider(ProviderFactory.java:87)
	at org.apache.maven.surefire.booter.ForkedBooter.runSuitesInProcess(ForkedBooter.java:153)
	at org.apache.maven.surefire.booter.ForkedBooter.main(ForkedBooter.java:95)
... Removed 30 stack frames]]>
    </failure>
  </testcase> <!-- PTC_AC01_to_AC07_Verify_User_settings_with_differentinputcombinations -->
  <testcase name="PTC_AC01_to_AC07_Verify_User_settings_with_differentinputcombinations" time="1.735" classname="com.gurukula.AutomationTestgurkula.LTC_03_AcccountManagement_Test"/>
  <testcase name="PTC_AC01_to_AC07_Verify_User_settings_with_differentinputcombinations" time="1.47" classname="com.gurukula.AutomationTestgurkula.LTC_03_AcccountManagement_Test"/>
  <testcase name="PTC_AC01_to_AC07_Verify_User_settings_with_differentinputcombinations" time="1.693" classname="com.gurukula.AutomationTestgurkula.LTC_03_AcccountManagement_Test">
    <failure type="java.lang.AssertionError" message="expected [Your first name is required.] but found []">
      <![CDATA[java.lang.AssertionError: expected [Your first name is required.] but found []
	at com.gurukula.AutomationTestgurkula.LTC_03_AcccountManagement_Test.PTC_AC01_to_AC07_Verify_User_settings_with_differentinputcombinations(LTC_03_AcccountManagement_Test.java:67)
	at org.apache.maven.surefire.testng.TestNGExecutor.run(TestNGExecutor.java:178)
	at org.apache.maven.surefire.testng.TestNGXmlTestSuite.execute(TestNGXmlTestSuite.java:92)
	at org.apache.maven.surefire.testng.TestNGProvider.invoke(TestNGProvider.java:96)
	at org.apache.maven.surefire.util.ReflectionUtils.invokeMethodWithArray2(ReflectionUtils.java:208)
	at org.apache.maven.surefire.booter.ProviderFactory$ProviderProxy.invoke(ProviderFactory.java:159)
	at org.apache.maven.surefire.booter.ProviderFactory.invokeProvider(ProviderFactory.java:87)
	at org.apache.maven.surefire.booter.ForkedBooter.runSuitesInProcess(ForkedBooter.java:153)
	at org.apache.maven.surefire.booter.ForkedBooter.main(ForkedBooter.java:95)
... Removed 30 stack frames]]>
    </failure>
  </testcase> <!-- PTC_AC01_to_AC07_Verify_User_settings_with_differentinputcombinations -->
  <testcase name="PTC_AC01_to_AC07_Verify_User_settings_with_differentinputcombinations" time="1.631" classname="com.gurukula.AutomationTestgurkula.LTC_03_AcccountManagement_Test">
    <failure type="java.lang.AssertionError" message="expected [Your last name is required.] but found [Your first name is required.]">
      <![CDATA[java.lang.AssertionError: expected [Your last name is required.] but found [Your first name is required.]
	at com.gurukula.AutomationTestgurkula.LTC_03_AcccountManagement_Test.PTC_AC01_to_AC07_Verify_User_settings_with_differentinputcombinations(LTC_03_AcccountManagement_Test.java:67)
	at org.apache.maven.surefire.testng.TestNGExecutor.run(TestNGExecutor.java:178)
	at org.apache.maven.surefire.testng.TestNGXmlTestSuite.execute(TestNGXmlTestSuite.java:92)
	at org.apache.maven.surefire.testng.TestNGProvider.invoke(TestNGProvider.java:96)
	at org.apache.maven.surefire.util.ReflectionUtils.invokeMethodWithArray2(ReflectionUtils.java:208)
	at org.apache.maven.surefire.booter.ProviderFactory$ProviderProxy.invoke(ProviderFactory.java:159)
	at org.apache.maven.surefire.booter.ProviderFactory.invokeProvider(ProviderFactory.java:87)
	at org.apache.maven.surefire.booter.ForkedBooter.runSuitesInProcess(ForkedBooter.java:153)
	at org.apache.maven.surefire.booter.ForkedBooter.main(ForkedBooter.java:95)
... Removed 30 stack frames]]>
    </failure>
  </testcase> <!-- PTC_AC01_to_AC07_Verify_User_settings_with_differentinputcombinations -->
  <testcase name="PTC_AC01_to_AC07_Verify_User_settings_with_differentinputcombinations" time="1.475" classname="com.gurukula.AutomationTestgurkula.LTC_03_AcccountManagement_Test"/>
  <testcase name="PTC_AC08_to_AC15_Verify_User_settings_with_differentinputcombinations" time="1.037" classname="com.gurukula.AutomationTestgurkula.LTC_03_AcccountManagement_Test">
    <failure type="java.lang.AssertionError" message="expected [Password changed!] but found []">
      <![CDATA[java.lang.AssertionError: expected [Password changed!] but found []
	at com.gurukula.AutomationTestgurkula.LTC_03_AcccountManagement_Test.PTC_AC08_to_AC15_Verify_User_settings_with_differentinputcombinations(LTC_03_AcccountManagement_Test.java:89)
	at org.apache.maven.surefire.testng.TestNGExecutor.run(TestNGExecutor.java:178)
	at org.apache.maven.surefire.testng.TestNGXmlTestSuite.execute(TestNGXmlTestSuite.java:92)
	at org.apache.maven.surefire.testng.TestNGProvider.invoke(TestNGProvider.java:96)
	at org.apache.maven.surefire.util.ReflectionUtils.invokeMethodWithArray2(ReflectionUtils.java:208)
	at org.apache.maven.surefire.booter.ProviderFactory$ProviderProxy.invoke(ProviderFactory.java:159)
	at org.apache.maven.surefire.booter.ProviderFactory.invokeProvider(ProviderFactory.java:87)
	at org.apache.maven.surefire.booter.ForkedBooter.runSuitesInProcess(ForkedBooter.java:153)
	at org.apache.maven.surefire.booter.ForkedBooter.main(ForkedBooter.java:95)
... Removed 30 stack frames]]>
    </failure>
  </testcase> <!-- PTC_AC08_to_AC15_Verify_User_settings_with_differentinputcombinations -->
  <testcase name="PTC_AC08_to_AC15_Verify_User_settings_with_differentinputcombinations" time="0.95" classname="com.gurukula.AutomationTestgurkula.LTC_03_AcccountManagement_Test"/>
  <testcase name="PTC_AC08_to_AC15_Verify_User_settings_with_differentinputcombinations" time="1.521" classname="com.gurukula.AutomationTestgurkula.LTC_03_AcccountManagement_Test"/>
  <testcase name="PTC_AC08_to_AC15_Verify_User_settings_with_differentinputcombinations" time="1.122" classname="com.gurukula.AutomationTestgurkula.LTC_03_AcccountManagement_Test"/>
  <testcase name="PTC_AC08_to_AC15_Verify_User_settings_with_differentinputcombinations" time="1.415" classname="com.gurukula.AutomationTestgurkula.LTC_03_AcccountManagement_Test"/>
  <testcase name="PTC_AC08_to_AC15_Verify_User_settings_with_differentinputcombinations" time="1.213" classname="com.gurukula.AutomationTestgurkula.LTC_03_AcccountManagement_Test"/>
  <testcase name="PTC_AC08_to_AC15_Verify_User_settings_with_differentinputcombinations" time="0.972" classname="com.gurukula.AutomationTestgurkula.LTC_03_AcccountManagement_Test"/>
  <testcase name="PTC_AC08_to_AC15_Verify_User_settings_with_differentinputcombinations" time="0.831" classname="com.gurukula.AutomationTestgurkula.LTC_03_AcccountManagement_Test"/>
  <testcase name="PTC_AC16_InvalidateSession" time="0.726" classname="com.gurukula.AutomationTestgurkula.LTC_03_AcccountManagement_Test">
    <failure type="java.lang.AssertionError" message="expected [Session invalidated!] but found []">
      <![CDATA[java.lang.AssertionError: expected [Session invalidated!] but found []
	at com.gurukula.AutomationTestgurkula.LTC_03_AcccountManagement_Test.PTC_AC16_InvalidateSession(LTC_03_AcccountManagement_Test.java:113)
	at org.apache.maven.surefire.testng.TestNGExecutor.run(TestNGExecutor.java:178)
	at org.apache.maven.surefire.testng.TestNGXmlTestSuite.execute(TestNGXmlTestSuite.java:92)
	at org.apache.maven.surefire.testng.TestNGProvider.invoke(TestNGProvider.java:96)
	at org.apache.maven.surefire.util.ReflectionUtils.invokeMethodWithArray2(ReflectionUtils.java:208)
	at org.apache.maven.surefire.booter.ProviderFactory$ProviderProxy.invoke(ProviderFactory.java:159)
	at org.apache.maven.surefire.booter.ProviderFactory.invokeProvider(ProviderFactory.java:87)
	at org.apache.maven.surefire.booter.ForkedBooter.runSuitesInProcess(ForkedBooter.java:153)
	at org.apache.maven.surefire.booter.ForkedBooter.main(ForkedBooter.java:95)
... Removed 30 stack frames]]>
    </failure>
  </testcase> <!-- PTC_AC16_InvalidateSession -->
  <testcase name="PTC_BM_001_Verify_BranchCreation" time="7.081" classname="com.gurukula.AutomationTestgurkula.LTC_04_BranchesManagement_Test"/>
  <testcase name="PTC_BM_002_Verify_Branch_view_functionality" time="0.508" classname="com.gurukula.AutomationTestgurkula.LTC_04_BranchesManagement_Test"/>
  <testcase name="PTC_BM_003_Verify_BranchEditing" time="6.637" classname="com.gurukula.AutomationTestgurkula.LTC_04_BranchesManagement_Test"/>
  <testcase name="PTC_BM_004_Verify_delete_functionality" time="61.66" classname="com.gurukula.AutomationTestgurkula.LTC_04_BranchesManagement_Test"/>
  <testcase name="PTC_BM_007_to_BM_013_Verify_Createbranch_functionality_withvariousinputs" time="6.011" classname="com.gurukula.AutomationTestgurkula.LTC_04_BranchesManagement_Test"/>
  <testcase name="PTC_BM_007_to_BM_013_Verify_Createbranch_functionality_withvariousinputs" time="6.264" classname="com.gurukula.AutomationTestgurkula.LTC_04_BranchesManagement_Test"/>
  <testcase name="PTC_BM_007_to_BM_013_Verify_Createbranch_functionality_withvariousinputs" time="6.032" classname="com.gurukula.AutomationTestgurkula.LTC_04_BranchesManagement_Test"/>
  <testcase name="PTC_BM_007_to_BM_013_Verify_Createbranch_functionality_withvariousinputs" time="5.997" classname="com.gurukula.AutomationTestgurkula.LTC_04_BranchesManagement_Test"/>
  <testcase name="PTC_BM_007_to_BM_013_Verify_Createbranch_functionality_withvariousinputs" time="6.015" classname="com.gurukula.AutomationTestgurkula.LTC_04_BranchesManagement_Test"/>
  <testcase name="PTC_BM_007_to_BM_013_Verify_Createbranch_functionality_withvariousinputs" time="6.016" classname="com.gurukula.AutomationTestgurkula.LTC_04_BranchesManagement_Test"/>
  <testcase name="PTC_BM_007_to_BM_013_Verify_Createbranch_functionality_withvariousinputs" time="6.099" classname="com.gurukula.AutomationTestgurkula.LTC_04_BranchesManagement_Test">
    <failure type="java.lang.AssertionError" message="expected [This field should follow pattern ^[a-zA-Z\s]*$.] but found [This field should follow pattern ^[A-Z0-9]*$.]">
      <![CDATA[java.lang.AssertionError: expected [This field should follow pattern ^[a-zA-Z\s]*$.] but found [This field should follow pattern ^[A-Z0-9]*$.]
	at com.gurukula.AutomationTestgurkula.LTC_04_BranchesManagement_Test.PTC_BM_007_to_BM_013_Verify_Createbranch_functionality_withvariousinputs(LTC_04_BranchesManagement_Test.java:79)
	at org.apache.maven.surefire.testng.TestNGExecutor.run(TestNGExecutor.java:178)
	at org.apache.maven.surefire.testng.TestNGXmlTestSuite.execute(TestNGXmlTestSuite.java:92)
	at org.apache.maven.surefire.testng.TestNGProvider.invoke(TestNGProvider.java:96)
	at org.apache.maven.surefire.util.ReflectionUtils.invokeMethodWithArray2(ReflectionUtils.java:208)
	at org.apache.maven.surefire.booter.ProviderFactory$ProviderProxy.invoke(ProviderFactory.java:159)
	at org.apache.maven.surefire.booter.ProviderFactory.invokeProvider(ProviderFactory.java:87)
	at org.apache.maven.surefire.booter.ForkedBooter.runSuitesInProcess(ForkedBooter.java:153)
	at org.apache.maven.surefire.booter.ForkedBooter.main(ForkedBooter.java:95)
... Removed 30 stack frames]]>
    </failure>
  </testcase> <!-- PTC_BM_007_to_BM_013_Verify_Createbranch_functionality_withvariousinputs -->
  <testcase name="PTC_SM_001_Verify_StaffCreation" time="27.073" classname="com.gurukula.AutomationTestgurkula.LTC_05_StaffManagement_Test">
    <failure type="java.lang.AssertionError" message="Staff creation is not succesfull expected [true] but found [false]">
      <![CDATA[java.lang.AssertionError: Staff creation is not succesfull expected [true] but found [false]
	at com.gurukula.AutomationTestgurkula.LTC_05_StaffManagement_Test.PTC_SM_001_Verify_StaffCreation(LTC_05_StaffManagement_Test.java:48)
	at org.apache.maven.surefire.testng.TestNGExecutor.run(TestNGExecutor.java:178)
	at org.apache.maven.surefire.testng.TestNGXmlTestSuite.execute(TestNGXmlTestSuite.java:92)
	at org.apache.maven.surefire.testng.TestNGProvider.invoke(TestNGProvider.java:96)
	at org.apache.maven.surefire.util.ReflectionUtils.invokeMethodWithArray2(ReflectionUtils.java:208)
	at org.apache.maven.surefire.booter.ProviderFactory$ProviderProxy.invoke(ProviderFactory.java:159)
	at org.apache.maven.surefire.booter.ProviderFactory.invokeProvider(ProviderFactory.java:87)
	at org.apache.maven.surefire.booter.ForkedBooter.runSuitesInProcess(ForkedBooter.java:153)
	at org.apache.maven.surefire.booter.ForkedBooter.main(ForkedBooter.java:95)
... Removed 28 stack frames]]>
    </failure>
  </testcase> <!-- PTC_SM_001_Verify_StaffCreation -->
  <testcase name="PTC_SM_001_Verify_StaffCreation" time="26.857" classname="com.gurukula.AutomationTestgurkula.LTC_05_StaffManagement_Test">
    <failure type="java.lang.AssertionError" message="Staff creation is not succesfull expected [true] but found [false]">
      <![CDATA[java.lang.AssertionError: Staff creation is not succesfull expected [true] but found [false]
	at com.gurukula.AutomationTestgurkula.LTC_05_StaffManagement_Test.PTC_SM_001_Verify_StaffCreation(LTC_05_StaffManagement_Test.java:48)
	at org.apache.maven.surefire.testng.TestNGExecutor.run(TestNGExecutor.java:178)
	at org.apache.maven.surefire.testng.TestNGXmlTestSuite.execute(TestNGXmlTestSuite.java:92)
	at org.apache.maven.surefire.testng.TestNGProvider.invoke(TestNGProvider.java:96)
	at org.apache.maven.surefire.util.ReflectionUtils.invokeMethodWithArray2(ReflectionUtils.java:208)
	at org.apache.maven.surefire.booter.ProviderFactory$ProviderProxy.invoke(ProviderFactory.java:159)
	at org.apache.maven.surefire.booter.ProviderFactory.invokeProvider(ProviderFactory.java:87)
	at org.apache.maven.surefire.booter.ForkedBooter.runSuitesInProcess(ForkedBooter.java:153)
	at org.apache.maven.surefire.booter.ForkedBooter.main(ForkedBooter.java:95)
... Removed 28 stack frames]]>
    </failure>
  </testcase> <!-- PTC_SM_001_Verify_StaffCreation -->
  <testcase name="PTC_SM_001_Verify_StaffCreation" time="27.3" classname="com.gurukula.AutomationTestgurkula.LTC_05_StaffManagement_Test">
    <failure type="java.lang.AssertionError" message="Staff creation is not succesfull expected [true] but found [false]">
      <![CDATA[java.lang.AssertionError: Staff creation is not succesfull expected [true] but found [false]
	at com.gurukula.AutomationTestgurkula.LTC_05_StaffManagement_Test.PTC_SM_001_Verify_StaffCreation(LTC_05_StaffManagement_Test.java:48)
	at org.apache.maven.surefire.testng.TestNGExecutor.run(TestNGExecutor.java:178)
	at org.apache.maven.surefire.testng.TestNGXmlTestSuite.execute(TestNGXmlTestSuite.java:92)
	at org.apache.maven.surefire.testng.TestNGProvider.invoke(TestNGProvider.java:96)
	at org.apache.maven.surefire.util.ReflectionUtils.invokeMethodWithArray2(ReflectionUtils.java:208)
	at org.apache.maven.surefire.booter.ProviderFactory$ProviderProxy.invoke(ProviderFactory.java:159)
	at org.apache.maven.surefire.booter.ProviderFactory.invokeProvider(ProviderFactory.java:87)
	at org.apache.maven.surefire.booter.ForkedBooter.runSuitesInProcess(ForkedBooter.java:153)
	at org.apache.maven.surefire.booter.ForkedBooter.main(ForkedBooter.java:95)
... Removed 28 stack frames]]>
    </failure>
  </testcase> <!-- PTC_SM_001_Verify_StaffCreation -->
  <testcase name="PTC_SM_002_Verify_Branch_view_functionality" time="0.591" classname="com.gurukula.AutomationTestgurkula.LTC_05_StaffManagement_Test"/>
  <testcase name="PTC_SM_003_Verify_BranchEditing" time="27.108" classname="com.gurukula.AutomationTestgurkula.LTC_05_StaffManagement_Test">
    <failure type="java.lang.AssertionError" message="Staff editing is not successfull expected [true] but found [false]">
      <![CDATA[java.lang.AssertionError: Staff editing is not successfull expected [true] but found [false]
	at com.gurukula.AutomationTestgurkula.LTC_05_StaffManagement_Test.PTC_SM_003_Verify_BranchEditing(LTC_05_StaffManagement_Test.java:61)
	at org.apache.maven.surefire.testng.TestNGExecutor.run(TestNGExecutor.java:178)
	at org.apache.maven.surefire.testng.TestNGXmlTestSuite.execute(TestNGXmlTestSuite.java:92)
	at org.apache.maven.surefire.testng.TestNGProvider.invoke(TestNGProvider.java:96)
	at org.apache.maven.surefire.util.ReflectionUtils.invokeMethodWithArray2(ReflectionUtils.java:208)
	at org.apache.maven.surefire.booter.ProviderFactory$ProviderProxy.invoke(ProviderFactory.java:159)
	at org.apache.maven.surefire.booter.ProviderFactory.invokeProvider(ProviderFactory.java:87)
	at org.apache.maven.surefire.booter.ForkedBooter.runSuitesInProcess(ForkedBooter.java:153)
	at org.apache.maven.surefire.booter.ForkedBooter.main(ForkedBooter.java:95)
... Removed 28 stack frames]]>
    </failure>
  </testcase> <!-- PTC_SM_003_Verify_BranchEditing -->
  <testcase name="PTC_SM_004_Verify_delete_functionality" time="2.493" classname="com.gurukula.AutomationTestgurkula.LTC_05_StaffManagement_Test"/>
  <testcase name="PTC_SM_007_to_SM_009_Verify_Createbranch_functionality_withvariousinputs" time="26.831" classname="com.gurukula.AutomationTestgurkula.LTC_05_StaffManagement_Test"/>
  <testcase name="PTC_SM_007_to_SM_009_Verify_Createbranch_functionality_withvariousinputs" time="25.873" classname="com.gurukula.AutomationTestgurkula.LTC_05_StaffManagement_Test">
    <failure type="java.lang.AssertionError" message="expected [This field is required.] but found []">
      <![CDATA[java.lang.AssertionError: expected [This field is required.] but found []
	at com.gurukula.AutomationTestgurkula.LTC_05_StaffManagement_Test.PTC_SM_007_to_SM_009_Verify_Createbranch_functionality_withvariousinputs(LTC_05_StaffManagement_Test.java:75)
	at org.apache.maven.surefire.testng.TestNGExecutor.run(TestNGExecutor.java:178)
	at org.apache.maven.surefire.testng.TestNGXmlTestSuite.execute(TestNGXmlTestSuite.java:92)
	at org.apache.maven.surefire.testng.TestNGProvider.invoke(TestNGProvider.java:96)
	at org.apache.maven.surefire.util.ReflectionUtils.invokeMethodWithArray2(ReflectionUtils.java:208)
	at org.apache.maven.surefire.booter.ProviderFactory$ProviderProxy.invoke(ProviderFactory.java:159)
	at org.apache.maven.surefire.booter.ProviderFactory.invokeProvider(ProviderFactory.java:87)
	at org.apache.maven.surefire.booter.ForkedBooter.runSuitesInProcess(ForkedBooter.java:153)
	at org.apache.maven.surefire.booter.ForkedBooter.main(ForkedBooter.java:95)
... Removed 30 stack frames]]>
    </failure>
  </testcase> <!-- PTC_SM_007_to_SM_009_Verify_Createbranch_functionality_withvariousinputs -->
  <testcase name="PTC_SM_007_to_SM_009_Verify_Createbranch_functionality_withvariousinputs" time="5.305" classname="com.gurukula.AutomationTestgurkula.LTC_05_StaffManagement_Test">
    <failure type="org.openqa.selenium.InvalidElementStateException" message="invalid element state: Element is not currently interactable and may not be manipulated
  (Session info: chrome=74.0.3729.131)
  (Driver info: chromedriver=2.42.591088 (7b2b2dca23cca0862f674758c9a3933e685c27d5),platform=Windows NT 10.0.17134 x86_64) (WARNING: The server did not provide any stacktrace information)
Command duration or timeout: 0 milliseconds
Build info: version: &amp;apos;3.141.59&amp;apos;, revision: &amp;apos;e82be7d358&amp;apos;, time: &amp;apos;2018-11-14T08:17:03&amp;apos;
System info: host: &amp;apos;DESKTOP-PUPFFT7&amp;apos;, ip: &amp;apos;192.168.178.25&amp;apos;, os.name: &amp;apos;Windows 10&amp;apos;, os.arch: &amp;apos;amd64&amp;apos;, os.version: &amp;apos;10.0&amp;apos;, java.version: &amp;apos;1.8.0_181&amp;apos;
Driver info: org.openqa.selenium.chrome.ChromeDriver
Capabilities {acceptInsecureCerts: false, acceptSslCerts: false, applicationCacheEnabled: false, browserConnectionEnabled: false, browserName: chrome, chrome: {chromedriverVersion: 2.42.591088 (7b2b2dca23cca0..., userDataDir: C:\Users\Gopi\AppData\Local...}, cssSelectorsEnabled: true, databaseEnabled: false, goog:chromeOptions: {debuggerAddress: localhost:52063}, handlesAlerts: true, hasTouchScreen: false, javascriptEnabled: true, locationContextEnabled: true, mobileEmulationEnabled: false, nativeEvents: true, networkConnectionEnabled: false, pageLoadStrategy: normal, platform: XP, platformName: XP, rotatable: false, setWindowRect: true, takesHeapSnapshot: true, takesScreenshot: true, unexpectedAlertBehaviour: , unhandledPromptBehavior: , version: 74.0.3729.131, webStorageEnabled: true}
Session ID: 56196e46c3a593c635dd7a604aafa50b">
      <![CDATA[org.openqa.selenium.InvalidElementStateException: invalid element state: Element is not currently interactable and may not be manipulated
  (Session info: chrome=74.0.3729.131)
  (Driver info: chromedriver=2.42.591088 (7b2b2dca23cca0862f674758c9a3933e685c27d5),platform=Windows NT 10.0.17134 x86_64) (WARNING: The server did not provide any stacktrace information)
Command duration or timeout: 0 milliseconds
Build info: version: '3.141.59', revision: 'e82be7d358', time: '2018-11-14T08:17:03'
System info: host: 'DESKTOP-PUPFFT7', ip: '192.168.178.25', os.name: 'Windows 10', os.arch: 'amd64', os.version: '10.0', java.version: '1.8.0_181'
Driver info: org.openqa.selenium.chrome.ChromeDriver
Capabilities {acceptInsecureCerts: false, acceptSslCerts: false, applicationCacheEnabled: false, browserConnectionEnabled: false, browserName: chrome, chrome: {chromedriverVersion: 2.42.591088 (7b2b2dca23cca0..., userDataDir: C:\Users\Gopi\AppData\Local...}, cssSelectorsEnabled: true, databaseEnabled: false, goog:chromeOptions: {debuggerAddress: localhost:52063}, handlesAlerts: true, hasTouchScreen: false, javascriptEnabled: true, locationContextEnabled: true, mobileEmulationEnabled: false, nativeEvents: true, networkConnectionEnabled: false, pageLoadStrategy: normal, platform: XP, platformName: XP, rotatable: false, setWindowRect: true, takesHeapSnapshot: true, takesScreenshot: true, unexpectedAlertBehaviour: , unhandledPromptBehavior: , version: 74.0.3729.131, webStorageEnabled: true}
Session ID: 56196e46c3a593c635dd7a604aafa50b
	at org.openqa.selenium.remote.ErrorHandler.createThrowable(ErrorHandler.java:214)
	at org.openqa.selenium.remote.ErrorHandler.throwIfResponseFailed(ErrorHandler.java:166)
	at org.openqa.selenium.remote.http.JsonHttpResponseCodec.reconstructValue(JsonHttpResponseCodec.java:40)
	at org.openqa.selenium.remote.http.AbstractHttpResponseCodec.decode(AbstractHttpResponseCodec.java:80)
	at org.openqa.selenium.remote.http.AbstractHttpResponseCodec.decode(AbstractHttpResponseCodec.java:44)
	at org.openqa.selenium.remote.HttpCommandExecutor.execute(HttpCommandExecutor.java:158)
	at org.openqa.selenium.remote.service.DriverCommandExecutor.execute(DriverCommandExecutor.java:83)
	at org.openqa.selenium.remote.RemoteWebDriver.execute(RemoteWebDriver.java:552)
	at org.openqa.selenium.remote.RemoteWebElement.execute(RemoteWebElement.java:285)
	at org.openqa.selenium.remote.RemoteWebElement.clear(RemoteWebElement.java:124)
	at org.openqa.selenium.support.pagefactory.internal.LocatingElementHandler.invoke(LocatingElementHandler.java:51)
	at com.sun.proxy.$Proxy10.clear(Unknown Source)
	at com.gurukula.pageObjects.StaffPage.CreateNewStaffforErrors(StaffPage.java:196)
	at com.gurukula.AutomationTestgurkula.LTC_05_StaffManagement_Test.PTC_SM_007_to_SM_009_Verify_Createbranch_functionality_withvariousinputs(LTC_05_StaffManagement_Test.java:74)
	at org.apache.maven.surefire.testng.TestNGExecutor.run(TestNGExecutor.java:178)
	at org.apache.maven.surefire.testng.TestNGXmlTestSuite.execute(TestNGXmlTestSuite.java:92)
	at org.apache.maven.surefire.testng.TestNGProvider.invoke(TestNGProvider.java:96)
	at org.apache.maven.surefire.util.ReflectionUtils.invokeMethodWithArray2(ReflectionUtils.java:208)
	at org.apache.maven.surefire.booter.ProviderFactory$ProviderProxy.invoke(ProviderFactory.java:159)
	at org.apache.maven.surefire.booter.ProviderFactory.invokeProvider(ProviderFactory.java:87)
	at org.apache.maven.surefire.booter.ForkedBooter.runSuitesInProcess(ForkedBooter.java:153)
	at org.apache.maven.surefire.booter.ForkedBooter.main(ForkedBooter.java:95)
... Removed 32 stack frames]]>
    </failure>
  </testcase> <!-- PTC_SM_007_to_SM_009_Verify_Createbranch_functionality_withvariousinputs -->
</testsuite> <!-- Gurukul Automation -->
