<?xml version="1.0" encoding="UTF-8"?>
<testsuite name="TestSuite" time="368.978" tests="58" errors="0" skipped="1" failures="13">
  <properties>
    <property name="java.runtime.name" value="Java(TM) SE Runtime Environment"/>
    <property name="sun.boot.library.path" value="C:\Program Files\Java\jdk1.8.0_181\jre\bin"/>
    <property name="java.vm.version" value="25.181-b13"/>
    <property name="java.vm.vendor" value="Oracle Corporation"/>
    <property name="maven.multiModuleProjectDirectory" value="C:\Users\Gopi\Desktop\Selenium\Gurukul Workspace\AutomationTestgurkula"/>
    <property name="java.vendor.url" value="http://java.oracle.com/"/>
    <property name="path.separator" value=";"/>
    <property name="guice.disable.misplaced.annotation.check" value="true"/>
    <property name="java.vm.name" value="Java HotSpot(TM) 64-Bit Server VM"/>
    <property name="file.encoding.pkg" value="sun.io"/>
    <property name="user.script" value=""/>
    <property name="user.country" value="IN"/>
    <property name="sun.java.launcher" value="SUN_STANDARD"/>
    <property name="sun.os.patch.level" value=""/>
    <property name="java.vm.specification.name" value="Java Virtual Machine Specification"/>
    <property name="user.dir" value="C:\Users\Gopi\Desktop\Selenium\Gurukul Workspace\AutomationTestgurkula"/>
    <property name="java.runtime.version" value="1.8.0_181-b13"/>
    <property name="java.awt.graphicsenv" value="sun.awt.Win32GraphicsEnvironment"/>
    <property name="java.endorsed.dirs" value="C:\Program Files\Java\jdk1.8.0_181\jre\lib\endorsed"/>
    <property name="os.arch" value="amd64"/>
    <property name="java.io.tmpdir" value="C:\Users\Gopi\AppData\Local\Temp\"/>
    <property name="line.separator" value="&#10;"/>
    <property name="java.vm.specification.vendor" value="Oracle Corporation"/>
    <property name="user.variant" value=""/>
    <property name="os.name" value="Windows 10"/>
    <property name="classworlds.conf" value="C:\Maven\apache-maven-3.6.0\bin\..\bin\m2.conf"/>
    <property name="sun.jnu.encoding" value="Cp1252"/>
    <property name="java.library.path" value="C:\Program Files\Java\jdk1.8.0_181\bin;C:\WINDOWS\Sun\Java\bin;C:\WINDOWS\system32;C:\WINDOWS;C:\Program Files (x86)\Common Files\Oracle\Java\javapath;C:\ProgramData\Oracle\Java\javapath;C:\Program Files (x86)\RSA SecurID Token Common;C:\Program Files (x86)\Intel\iCLS Client\;C:\Program Files\Intel\iCLS Client\;C:\WINDOWS\system32;C:\WINDOWS;C:\WINDOWS\System32\Wbem;C:\WINDOWS\System32\WindowsPowerShell\v1.0\;C:\Program Files (x86)\Intel\Intel(R) Management Engine Components\DAL;C:\Program Files\Intel\Intel(R) Management Engine Components\DAL;C:\Program Files (x86)\Intel\Intel(R) Management Engine Components\IPT;C:\Program Files\Intel\Intel(R) Management Engine Components\IPT;C:\Android;C:\Windows\System32;C:\WINDOWS\System32\OpenSSH\;C:\Program Files\Java\jdk1.8.0_181;C:\Program Files\Intel\WiFi\bin\;C:\Program Files\Common Files\Intel\WirelessCommon\;C:\Maven\apache-maven-3.6.0\bin;C:\Program Files\nodejs\;C:\Program Files\Git\cmd;C:\Program Files\Git\bin\git.exe;C:\Users\Gopi\AppData\Local\Programs\Python\Python37\;C:\Users\Gopi\AppData\Local\Programs\Python\Python37\DLLs;C:\SeleniumDrivers;C:\Users\Gopi\AppData\Local\Programs\Python\Python37\Lib;C:\Users\Gopi\AppData\Local\Programs\Python\Python37\Scripts;C:\Program Files\nodejs\node_modules\npm\bin;C:\ProgramData\Oracle\Java\javapath;C:\Program Files (x86)\RSA SecurID Token Common;C:\Program Files (x86)\Intel\iCLS Client\;C:\Program Files\Intel\iCLS Client\;C:\WINDOWS\system32;C:\WINDOWS;C:\WINDOWS\System32\Wbem;C:\WINDOWS\System32\WindowsPowerShell\v1.0\;C:\Program Files (x86)\Intel\Intel(R) Management Engine Components\DAL;C:\Program Files\Intel\Intel(R) Management Engine Components\DAL;C:\Program Files (x86)\Intel\Intel(R) Management Engine Components\IPT;C:\Program Files\Intel\Intel(R) Management Engine Components\IPT;C:\Program Files\Intel\WiFi\bin\;C:\Program Files\Common Files\Intel\WirelessCommon\;C:\Users\Gopi\AppData\Local\Microsoft\WindowsApps;C:\SeleniumDrivers;C:\Spark\bin;C:\Users\Gopi\AppData\Local\Microsoft\WindowsApps;C:\Users\Gopi\AppData\Roaming\npm;;."/>
    <property name="maven.conf" value="C:\Maven\apache-maven-3.6.0\bin\../conf"/>
    <property name="java.specification.name" value="Java Platform API Specification"/>
    <property name="java.class.version" value="52.0"/>
    <property name="sun.management.compiler" value="HotSpot 64-Bit Tiered Compilers"/>
    <property name="os.version" value="10.0"/>
    <property name="library.jansi.path" value="C:\Maven\apache-maven-3.6.0\bin\..\lib\jansi-native"/>
    <property name="user.home" value="C:\Users\Gopi"/>
    <property name="user.timezone" value="Europe/Berlin"/>
    <property name="java.awt.printerjob" value="sun.awt.windows.WPrinterJob"/>
    <property name="java.specification.version" value="1.8"/>
    <property name="file.encoding" value="Cp1252"/>
    <property name="user.name" value="Gopi"/>
    <property name="java.class.path" value="C:\Maven\apache-maven-3.6.0\bin\..\boot\plexus-classworlds-2.5.2.jar"/>
    <property name="java.vm.specification.version" value="1.8"/>
    <property name="sun.arch.data.model" value="64"/>
    <property name="java.home" value="C:\Program Files\Java\jdk1.8.0_181\jre"/>
    <property name="sun.java.command" value="org.codehaus.plexus.classworlds.launcher.Launcher test"/>
    <property name="java.specification.vendor" value="Oracle Corporation"/>
    <property name="user.language" value="en"/>
    <property name="awt.toolkit" value="sun.awt.windows.WToolkit"/>
    <property name="java.vm.info" value="mixed mode"/>
    <property name="java.version" value="1.8.0_181"/>
    <property name="java.ext.dirs" value="C:\Program Files\Java\jdk1.8.0_181\jre\lib\ext;C:\WINDOWS\Sun\Java\lib\ext"/>
    <property name="sun.boot.class.path" value="C:\Program Files\Java\jdk1.8.0_181\jre\lib\resources.jar;C:\Program Files\Java\jdk1.8.0_181\jre\lib\rt.jar;C:\Program Files\Java\jdk1.8.0_181\jre\lib\sunrsasign.jar;C:\Program Files\Java\jdk1.8.0_181\jre\lib\jsse.jar;C:\Program Files\Java\jdk1.8.0_181\jre\lib\jce.jar;C:\Program Files\Java\jdk1.8.0_181\jre\lib\charsets.jar;C:\Program Files\Java\jdk1.8.0_181\jre\lib\jfr.jar;C:\Program Files\Java\jdk1.8.0_181\jre\classes"/>
    <property name="sun.stderr.encoding" value="cp437"/>
    <property name="java.vendor" value="Oracle Corporation"/>
    <property name="maven.home" value="C:\Maven\apache-maven-3.6.0\bin\.."/>
    <property name="file.separator" value="\"/>
    <property name="java.vendor.url.bug" value="http://bugreport.sun.com/bugreport/"/>
    <property name="sun.cpu.endian" value="little"/>
    <property name="sun.io.unicode.encoding" value="UnicodeLittle"/>
    <property name="sun.stdout.encoding" value="cp437"/>
    <property name="sun.desktop" value="windows"/>
    <property name="sun.cpu.isalist" value="amd64"/>
  </properties>
  <testcase name="PTC_AM_01_Verify_User_Valid_login" classname="com.gurukula.AutomationTestgurkula.LTC_01_User_Authentication_Test" time="8.112"/>
  <testcase name="PTC_AM_02_Verify_User_InValid_login" classname="com.gurukula.AutomationTestgurkula.LTC_01_User_Authentication_Test" time="1.492"/>
  <testcase name="PTC_AM_03_Verify_User_Valid_loginwithAutomaticLoginenabled" classname="com.gurukula.AutomationTestgurkula.LTC_01_User_Authentication_Test" time="2.34"/>
  <testcase name="PTC_AM_04_Verify_User_Valid_loginandLogout" classname="com.gurukula.AutomationTestgurkula.LTC_01_User_Authentication_Test" time="6.906"/>
  <testcase name="PTC_AM_05_Verify_User_Valid_loginandLogout" classname="com.gurukula.AutomationTestgurkula.LTC_01_User_Authentication_Test" time="1.293"/>
  <testcase name="PTC_AM_06_Verify_ResetPassword_button_isenabled_with_validemailid" classname="com.gurukula.AutomationTestgurkula.LTC_01_User_Authentication_Test" time="0">
    <skipped/>
    <system-out>Closing the webdriver
</system-out>
  </testcase>
  <testcase name="PTC_AM_07_Verify_ResetPassword_button_isenabled_with_invalidemailid" classname="com.gurukula.AutomationTestgurkula.LTC_01_User_Authentication_Test" time="5.617"/>
  <testcase name="PTC_RM_01_to_RM16_Verify_User_registarion_with_differentinputcombinations" classname="com.gurukula.AutomationTestgurkula.LTC_02_UserRegistration_Test" time="0.441"/>
  <testcase name="PTC_RM_01_to_RM16_Verify_User_registarion_with_differentinputcombinations" classname="com.gurukula.AutomationTestgurkula.LTC_02_UserRegistration_Test" time="1.76"/>
  <testcase name="PTC_RM_01_to_RM16_Verify_User_registarion_with_differentinputcombinations" classname="com.gurukula.AutomationTestgurkula.LTC_02_UserRegistration_Test" time="2.087"/>
  <testcase name="PTC_RM_01_to_RM16_Verify_User_registarion_with_differentinputcombinations" classname="com.gurukula.AutomationTestgurkula.LTC_02_UserRegistration_Test" time="1.652"/>
  <testcase name="PTC_RM_01_to_RM16_Verify_User_registarion_with_differentinputcombinations" classname="com.gurukula.AutomationTestgurkula.LTC_02_UserRegistration_Test" time="2.286"/>
  <testcase name="PTC_RM_01_to_RM16_Verify_User_registarion_with_differentinputcombinations" classname="com.gurukula.AutomationTestgurkula.LTC_02_UserRegistration_Test" time="2.432">
    <failure message="expected [Your e-mail is invalid.Your e-mail cannot be longer than 50 characters.] but found [Your e-mail is invalid.]" type="java.lang.AssertionError">java.lang.AssertionError: expected [Your e-mail is invalid.Your e-mail cannot be longer than 50 characters.] but found [Your e-mail is invalid.]
	at org.testng.Assert.fail(Assert.java:94)
	at org.testng.Assert.failNotEquals(Assert.java:494)
	at org.testng.Assert.assertEquals(Assert.java:123)
	at org.testng.Assert.assertEquals(Assert.java:176)
	at org.testng.Assert.assertEquals(Assert.java:186)
	at com.gurukula.AutomationTestgurkula.LTC_02_UserRegistration_Test.PTC_RM_01_to_RM16_Verify_User_registarion_with_differentinputcombinations(LTC_02_UserRegistration_Test.java:59)
</failure>
    <system-out>Closing the webdriver
chrome
Gurkul home page is launched
Executing PTC_RM_01_to_RM16_Verify_User_registarion_with_differentinputcombinations 
Executing screen help error message validation
help-block ng-scope ng-hide
false

help-block ng-scope ng-hide
false

help-block ng-scope ng-hide
false

help-block ng-scope ng-hide
false

help-block ng-scope ng-hide
false

help-block ng-scope
true
Your e-mail is invalid.
help-block ng-scope ng-hide
false

help-block ng-scope ng-hide
false

help-block ng-scope ng-hide
false

help-block ng-scope ng-hide
false

help-block ng-scope ng-hide
false

help-block ng-scope ng-hide
false

help-block ng-scope ng-hide
false

help-block ng-scope ng-hide
false

help-block ng-scope ng-hide
false

help-block ng-scope ng-hide
false

Total help error string: Your e-mail is invalid.
</system-out>
    <system-err>Starting ChromeDriver 2.42.591088 (7b2b2dca23cca0862f674758c9a3933e685c27d5) on port 33722
Only local connections are allowed.
May 08, 2019 11:08:02 PM org.openqa.selenium.remote.ProtocolHandshake createSession
INFO: Detected dialect: OSS
</system-err>
  </testcase>
  <testcase name="PTC_RM_01_to_RM16_Verify_User_registarion_with_differentinputcombinations" classname="com.gurukula.AutomationTestgurkula.LTC_02_UserRegistration_Test" time="2.761"/>
  <testcase name="PTC_RM_01_to_RM16_Verify_User_registarion_with_differentinputcombinations" classname="com.gurukula.AutomationTestgurkula.LTC_02_UserRegistration_Test" time="3.073"/>
  <testcase name="PTC_RM_01_to_RM16_Verify_User_registarion_with_differentinputcombinations" classname="com.gurukula.AutomationTestgurkula.LTC_02_UserRegistration_Test" time="2.448"/>
  <testcase name="PTC_RM_01_to_RM16_Verify_User_registarion_with_differentinputcombinations" classname="com.gurukula.AutomationTestgurkula.LTC_02_UserRegistration_Test" time="3.187"/>
  <testcase name="PTC_RM_01_to_RM16_Verify_User_registarion_with_differentinputcombinations" classname="com.gurukula.AutomationTestgurkula.LTC_02_UserRegistration_Test" time="2.124"/>
  <testcase name="PTC_RM_01_to_RM16_Verify_User_registarion_with_differentinputcombinations" classname="com.gurukula.AutomationTestgurkula.LTC_02_UserRegistration_Test" time="2.973"/>
  <testcase name="PTC_RM_01_to_RM16_Verify_User_registarion_with_differentinputcombinations" classname="com.gurukula.AutomationTestgurkula.LTC_02_UserRegistration_Test" time="2.095"/>
  <testcase name="PTC_RM_01_to_RM16_Verify_User_registarion_with_differentinputcombinations" classname="com.gurukula.AutomationTestgurkula.LTC_02_UserRegistration_Test" time="2.548"/>
  <testcase name="PTC_RM_01_to_RM16_Verify_User_registarion_with_differentinputcombinations" classname="com.gurukula.AutomationTestgurkula.LTC_02_UserRegistration_Test" time="2.089"/>
  <testcase name="PTC_RM_01_to_RM16_Verify_User_registarion_with_differentinputcombinations" classname="com.gurukula.AutomationTestgurkula.LTC_02_UserRegistration_Test" time="2.276"/>
  <testcase name="PTC_AC01_to_AC07_Verify_User_settings_with_differentinputcombinations" classname="com.gurukula.AutomationTestgurkula.LTC_03_AcccountManagement_Test" time="1.406">
    <failure message="expected [Settings saved!] but found []" type="java.lang.AssertionError">java.lang.AssertionError: expected [Settings saved!] but found []
	at org.testng.Assert.fail(Assert.java:94)
	at org.testng.Assert.failNotEquals(Assert.java:494)
	at org.testng.Assert.assertEquals(Assert.java:123)
	at org.testng.Assert.assertEquals(Assert.java:176)
	at org.testng.Assert.assertEquals(Assert.java:186)
	at com.gurukula.AutomationTestgurkula.LTC_03_AcccountManagement_Test.PTC_AC01_to_AC07_Verify_User_settings_with_differentinputcombinations(LTC_03_AcccountManagement_Test.java:61)
</failure>
    <system-out>Closing the webdriver
chrome
Executing PTC_AC01_to_AC07_Verify_User_settings_with_differentinputcombinations 
</system-out>
    <system-err>Starting ChromeDriver 2.42.591088 (7b2b2dca23cca0862f674758c9a3933e685c27d5) on port 25626
Only local connections are allowed.
May 08, 2019 11:09:43 PM org.openqa.selenium.remote.ProtocolHandshake createSession
INFO: Detected dialect: OSS
</system-err>
  </testcase>
  <testcase name="PTC_AC01_to_AC07_Verify_User_settings_with_differentinputcombinations" classname="com.gurukula.AutomationTestgurkula.LTC_03_AcccountManagement_Test" time="1.735"/>
  <testcase name="PTC_AC01_to_AC07_Verify_User_settings_with_differentinputcombinations" classname="com.gurukula.AutomationTestgurkula.LTC_03_AcccountManagement_Test" time="1.469"/>
  <testcase name="PTC_AC01_to_AC07_Verify_User_settings_with_differentinputcombinations" classname="com.gurukula.AutomationTestgurkula.LTC_03_AcccountManagement_Test" time="1.693">
    <failure message="expected [Your first name is required.] but found []" type="java.lang.AssertionError">java.lang.AssertionError: expected [Your first name is required.] but found []
	at org.testng.Assert.fail(Assert.java:94)
	at org.testng.Assert.failNotEquals(Assert.java:494)
	at org.testng.Assert.assertEquals(Assert.java:123)
	at org.testng.Assert.assertEquals(Assert.java:176)
	at org.testng.Assert.assertEquals(Assert.java:186)
	at com.gurukula.AutomationTestgurkula.LTC_03_AcccountManagement_Test.PTC_AC01_to_AC07_Verify_User_settings_with_differentinputcombinations(LTC_03_AcccountManagement_Test.java:67)
</failure>
    <system-out>Closing the webdriver
chrome
Executing PTC_AC01_to_AC07_Verify_User_settings_with_differentinputcombinations 
Executing screen help error message validation
help-block ng-scope ng-hide
false

help-block ng-scope ng-hide
false

help-block ng-scope ng-hide
false

help-block ng-scope ng-hide
false

help-block ng-scope ng-hide
false

help-block ng-scope ng-hide
false

help-block ng-scope ng-hide
false

help-block ng-scope ng-hide
false

help-block ng-scope ng-hide
false

help-block ng-scope ng-hide
false

Total help error string: 
</system-out>
    <system-err>Starting ChromeDriver 2.42.591088 (7b2b2dca23cca0862f674758c9a3933e685c27d5) on port 7768
Only local connections are allowed.
May 08, 2019 11:10:10 PM org.openqa.selenium.remote.ProtocolHandshake createSession
INFO: Detected dialect: OSS
</system-err>
  </testcase>
  <testcase name="PTC_AC01_to_AC07_Verify_User_settings_with_differentinputcombinations" classname="com.gurukula.AutomationTestgurkula.LTC_03_AcccountManagement_Test" time="1.631">
    <failure message="expected [Your last name is required.] but found [Your first name is required.]" type="java.lang.AssertionError">java.lang.AssertionError: expected [Your last name is required.] but found [Your first name is required.]
	at org.testng.Assert.fail(Assert.java:94)
	at org.testng.Assert.failNotEquals(Assert.java:494)
	at org.testng.Assert.assertEquals(Assert.java:123)
	at org.testng.Assert.assertEquals(Assert.java:176)
	at org.testng.Assert.assertEquals(Assert.java:186)
	at com.gurukula.AutomationTestgurkula.LTC_03_AcccountManagement_Test.PTC_AC01_to_AC07_Verify_User_settings_with_differentinputcombinations(LTC_03_AcccountManagement_Test.java:67)
</failure>
    <system-out>Closing the webdriver
chrome
Executing PTC_AC01_to_AC07_Verify_User_settings_with_differentinputcombinations 
Executing screen help error message validation
help-block ng-scope
true
Your first name is required.
help-block ng-scope ng-hide
false

help-block ng-scope ng-hide
false

help-block ng-scope ng-hide
false

help-block ng-scope ng-hide
false

help-block ng-scope ng-hide
false

help-block ng-scope ng-hide
false

help-block ng-scope ng-hide
false

help-block ng-scope ng-hide
false

help-block ng-scope ng-hide
false

Total help error string: Your first name is required.
</system-out>
    <system-err>Starting ChromeDriver 2.42.591088 (7b2b2dca23cca0862f674758c9a3933e685c27d5) on port 27394
Only local connections are allowed.
May 08, 2019 11:10:20 PM org.openqa.selenium.remote.ProtocolHandshake createSession
INFO: Detected dialect: OSS
</system-err>
  </testcase>
  <testcase name="PTC_AC01_to_AC07_Verify_User_settings_with_differentinputcombinations" classname="com.gurukula.AutomationTestgurkula.LTC_03_AcccountManagement_Test" time="1.474"/>
  <testcase name="PTC_AC08_to_AC15_Verify_User_settings_with_differentinputcombinations" classname="com.gurukula.AutomationTestgurkula.LTC_03_AcccountManagement_Test" time="1.037">
    <failure message="expected [Password changed!] but found []" type="java.lang.AssertionError">java.lang.AssertionError: expected [Password changed!] but found []
	at org.testng.Assert.fail(Assert.java:94)
	at org.testng.Assert.failNotEquals(Assert.java:494)
	at org.testng.Assert.assertEquals(Assert.java:123)
	at org.testng.Assert.assertEquals(Assert.java:176)
	at org.testng.Assert.assertEquals(Assert.java:186)
	at com.gurukula.AutomationTestgurkula.LTC_03_AcccountManagement_Test.PTC_AC08_to_AC15_Verify_User_settings_with_differentinputcombinations(LTC_03_AcccountManagement_Test.java:89)
</failure>
    <system-out>Closing the webdriver
chrome
Executing PTC_AC08_to_AC15_Verify_User_settings_with_differentinputcombinations 
</system-out>
    <system-err>Starting ChromeDriver 2.42.591088 (7b2b2dca23cca0862f674758c9a3933e685c27d5) on port 22620
Only local connections are allowed.
May 08, 2019 11:10:39 PM org.openqa.selenium.remote.ProtocolHandshake createSession
INFO: Detected dialect: OSS
</system-err>
  </testcase>
  <testcase name="PTC_AC08_to_AC15_Verify_User_settings_with_differentinputcombinations" classname="com.gurukula.AutomationTestgurkula.LTC_03_AcccountManagement_Test" time="0.949"/>
  <testcase name="PTC_AC08_to_AC15_Verify_User_settings_with_differentinputcombinations" classname="com.gurukula.AutomationTestgurkula.LTC_03_AcccountManagement_Test" time="1.52"/>
  <testcase name="PTC_AC08_to_AC15_Verify_User_settings_with_differentinputcombinations" classname="com.gurukula.AutomationTestgurkula.LTC_03_AcccountManagement_Test" time="1.121"/>
  <testcase name="PTC_AC08_to_AC15_Verify_User_settings_with_differentinputcombinations" classname="com.gurukula.AutomationTestgurkula.LTC_03_AcccountManagement_Test" time="1.415"/>
  <testcase name="PTC_AC08_to_AC15_Verify_User_settings_with_differentinputcombinations" classname="com.gurukula.AutomationTestgurkula.LTC_03_AcccountManagement_Test" time="1.213"/>
  <testcase name="PTC_AC08_to_AC15_Verify_User_settings_with_differentinputcombinations" classname="com.gurukula.AutomationTestgurkula.LTC_03_AcccountManagement_Test" time="0.972"/>
  <testcase name="PTC_AC08_to_AC15_Verify_User_settings_with_differentinputcombinations" classname="com.gurukula.AutomationTestgurkula.LTC_03_AcccountManagement_Test" time="0.831"/>
  <testcase name="PTC_AC16_InvalidateSession" classname="com.gurukula.AutomationTestgurkula.LTC_03_AcccountManagement_Test" time="0.726">
    <failure message="expected [Session invalidated!] but found []" type="java.lang.AssertionError">java.lang.AssertionError: expected [Session invalidated!] but found []
	at org.testng.Assert.fail(Assert.java:94)
	at org.testng.Assert.failNotEquals(Assert.java:494)
	at org.testng.Assert.assertEquals(Assert.java:123)
	at org.testng.Assert.assertEquals(Assert.java:176)
	at org.testng.Assert.assertEquals(Assert.java:186)
	at com.gurukula.AutomationTestgurkula.LTC_03_AcccountManagement_Test.PTC_AC16_InvalidateSession(LTC_03_AcccountManagement_Test.java:113)
</failure>
    <system-out>Closing the webdriver
chrome
PTC_AC16_InvalidateSession
</system-out>
    <system-err>Starting ChromeDriver 2.42.591088 (7b2b2dca23cca0862f674758c9a3933e685c27d5) on port 28776
Only local connections are allowed.
May 08, 2019 11:11:50 PM org.openqa.selenium.remote.ProtocolHandshake createSession
INFO: Detected dialect: OSS
</system-err>
  </testcase>
  <testcase name="PTC_BM_001_Verify_BranchCreation" classname="com.gurukula.AutomationTestgurkula.LTC_04_BranchesManagement_Test" time="7.081"/>
  <testcase name="PTC_BM_002_Verify_Branch_view_functionality" classname="com.gurukula.AutomationTestgurkula.LTC_04_BranchesManagement_Test" time="0.509"/>
  <testcase name="PTC_BM_003_Verify_BranchEditing" classname="com.gurukula.AutomationTestgurkula.LTC_04_BranchesManagement_Test" time="6.637"/>
  <testcase name="PTC_BM_004_Verify_delete_functionality" classname="com.gurukula.AutomationTestgurkula.LTC_04_BranchesManagement_Test" time="61.668"/>
  <testcase name="PTC_BM_007_to_BM_013_Verify_Createbranch_functionality_withvariousinputs" classname="com.gurukula.AutomationTestgurkula.LTC_04_BranchesManagement_Test" time="6.011"/>
  <testcase name="PTC_BM_007_to_BM_013_Verify_Createbranch_functionality_withvariousinputs" classname="com.gurukula.AutomationTestgurkula.LTC_04_BranchesManagement_Test" time="6.264"/>
  <testcase name="PTC_BM_007_to_BM_013_Verify_Createbranch_functionality_withvariousinputs" classname="com.gurukula.AutomationTestgurkula.LTC_04_BranchesManagement_Test" time="6.032"/>
  <testcase name="PTC_BM_007_to_BM_013_Verify_Createbranch_functionality_withvariousinputs" classname="com.gurukula.AutomationTestgurkula.LTC_04_BranchesManagement_Test" time="5.997"/>
  <testcase name="PTC_BM_007_to_BM_013_Verify_Createbranch_functionality_withvariousinputs" classname="com.gurukula.AutomationTestgurkula.LTC_04_BranchesManagement_Test" time="6.015"/>
  <testcase name="PTC_BM_007_to_BM_013_Verify_Createbranch_functionality_withvariousinputs" classname="com.gurukula.AutomationTestgurkula.LTC_04_BranchesManagement_Test" time="6.016"/>
  <testcase name="PTC_BM_007_to_BM_013_Verify_Createbranch_functionality_withvariousinputs" classname="com.gurukula.AutomationTestgurkula.LTC_04_BranchesManagement_Test" time="6.099">
    <failure message="expected [This field should follow pattern ^[a-zA-Z\s]*$.] but found [This field should follow pattern ^[A-Z0-9]*$.]" type="java.lang.AssertionError">java.lang.AssertionError: expected [This field should follow pattern ^[a-zA-Z\s]*$.] but found [This field should follow pattern ^[A-Z0-9]*$.]
	at org.testng.Assert.fail(Assert.java:94)
	at org.testng.Assert.failNotEquals(Assert.java:494)
	at org.testng.Assert.assertEquals(Assert.java:123)
	at org.testng.Assert.assertEquals(Assert.java:176)
	at org.testng.Assert.assertEquals(Assert.java:186)
	at com.gurukula.AutomationTestgurkula.LTC_04_BranchesManagement_Test.PTC_BM_007_to_BM_013_Verify_Createbranch_functionality_withvariousinputs(LTC_04_BranchesManagement_Test.java:79)
</failure>
    <system-out>Closing the webdriver
chrome
Able to click create branch button
help-block ng-scope ng-hide
false

help-block ng-scope ng-hide
false

help-block ng-scope ng-hide
false

help-block ng-scope ng-hide
false

help-block ng-scope ng-hide
false

help-block ng-scope ng-hide
false

help-block ng-scope ng-hide
false

help-block ng-scope
true
This field should follow pattern ^[A-Z0-9]*$.
Total help error string: This field should follow pattern ^[A-Z0-9]*$.
</system-out>
    <system-err>Starting ChromeDriver 2.42.591088 (7b2b2dca23cca0862f674758c9a3933e685c27d5) on port 18720
Only local connections are allowed.
May 08, 2019 11:16:01 PM org.openqa.selenium.remote.ProtocolHandshake createSession
INFO: Detected dialect: OSS
</system-err>
  </testcase>
  <testcase name="PTC_SM_001_Verify_StaffCreation" classname="com.gurukula.AutomationTestgurkula.LTC_05_StaffManagement_Test" time="27.073">
    <failure message="Staff creation is not succesfull expected [true] but found [false]" type="java.lang.AssertionError">java.lang.AssertionError: Staff creation is not succesfull expected [true] but found [false]
	at org.testng.Assert.fail(Assert.java:94)
	at org.testng.Assert.failNotEquals(Assert.java:494)
	at org.testng.Assert.assertTrue(Assert.java:42)
	at com.gurukula.AutomationTestgurkula.LTC_05_StaffManagement_Test.PTC_SM_001_Verify_StaffCreation(LTC_05_StaffManagement_Test.java:48)
</failure>
    <system-out>Closing the webdriver
chrome
Able to click create branch button
branch_select_element field on staff creation page doesn't exist : org.openqa.selenium.NoSuchElementException: Cannot locate element with text: CIVILENG
For documentation on this error, please visit: https://www.seleniumhq.org/exceptions/no_such_element.html
Build info: version: '3.141.59', revision: 'e82be7d358', time: '2018-11-14T08:17:03'
System info: host: 'DESKTOP-PUPFFT7', ip: '192.168.178.25', os.name: 'Windows 10', os.arch: 'amd64', os.version: '10.0', java.version: '1.8.0_181'
Driver info: driver.version: unknown
Total no of rows: 1
srikanth|
Total no of rows: 1
</system-out>
    <system-err>Starting ChromeDriver 2.42.591088 (7b2b2dca23cca0862f674758c9a3933e685c27d5) on port 45873
Only local connections are allowed.
May 08, 2019 11:16:20 PM org.openqa.selenium.remote.ProtocolHandshake createSession
INFO: Detected dialect: OSS
</system-err>
  </testcase>
  <testcase name="PTC_SM_001_Verify_StaffCreation" classname="com.gurukula.AutomationTestgurkula.LTC_05_StaffManagement_Test" time="26.857">
    <failure message="Staff creation is not succesfull expected [true] but found [false]" type="java.lang.AssertionError">java.lang.AssertionError: Staff creation is not succesfull expected [true] but found [false]
	at org.testng.Assert.fail(Assert.java:94)
	at org.testng.Assert.failNotEquals(Assert.java:494)
	at org.testng.Assert.assertTrue(Assert.java:42)
	at com.gurukula.AutomationTestgurkula.LTC_05_StaffManagement_Test.PTC_SM_001_Verify_StaffCreation(LTC_05_StaffManagement_Test.java:48)
</failure>
    <system-out>Closing the webdriver
chrome
Able to click create branch button
branch_select_element field on staff creation page doesn't exist : org.openqa.selenium.NoSuchElementException: Cannot locate element with text: CIVILENG
For documentation on this error, please visit: https://www.seleniumhq.org/exceptions/no_such_element.html
Build info: version: '3.141.59', revision: 'e82be7d358', time: '2018-11-14T08:17:03'
System info: host: 'DESKTOP-PUPFFT7', ip: '192.168.178.25', os.name: 'Windows 10', os.arch: 'amd64', os.version: '10.0', java.version: '1.8.0_181'
Driver info: driver.version: unknown
Total no of rows: 2
gopi|
Total no of rows: 2
</system-out>
    <system-err>Starting ChromeDriver 2.42.591088 (7b2b2dca23cca0862f674758c9a3933e685c27d5) on port 38812
Only local connections are allowed.
May 08, 2019 11:17:00 PM org.openqa.selenium.remote.ProtocolHandshake createSession
INFO: Detected dialect: OSS
</system-err>
  </testcase>
  <testcase name="PTC_SM_001_Verify_StaffCreation" classname="com.gurukula.AutomationTestgurkula.LTC_05_StaffManagement_Test" time="27.301">
    <failure message="Staff creation is not succesfull expected [true] but found [false]" type="java.lang.AssertionError">java.lang.AssertionError: Staff creation is not succesfull expected [true] but found [false]
	at org.testng.Assert.fail(Assert.java:94)
	at org.testng.Assert.failNotEquals(Assert.java:494)
	at org.testng.Assert.assertTrue(Assert.java:42)
	at com.gurukula.AutomationTestgurkula.LTC_05_StaffManagement_Test.PTC_SM_001_Verify_StaffCreation(LTC_05_StaffManagement_Test.java:48)
</failure>
    <system-out>Closing the webdriver
chrome
Able to click create branch button
branch_select_element field on staff creation page doesn't exist : org.openqa.selenium.NoSuchElementException: Cannot locate element with text: CIVILENG
For documentation on this error, please visit: https://www.seleniumhq.org/exceptions/no_such_element.html
Build info: version: '3.141.59', revision: 'e82be7d358', time: '2018-11-14T08:17:03'
System info: host: 'DESKTOP-PUPFFT7', ip: '192.168.178.25', os.name: 'Windows 10', os.arch: 'amd64', os.version: '10.0', java.version: '1.8.0_181'
Driver info: driver.version: unknown
Total no of rows: 3
kosuru|
Total no of rows: 3
</system-out>
    <system-err>Starting ChromeDriver 2.42.591088 (7b2b2dca23cca0862f674758c9a3933e685c27d5) on port 21513
Only local connections are allowed.
May 08, 2019 11:17:40 PM org.openqa.selenium.remote.ProtocolHandshake createSession
INFO: Detected dialect: OSS
</system-err>
  </testcase>
  <testcase name="PTC_SM_002_Verify_Branch_view_functionality" classname="com.gurukula.AutomationTestgurkula.LTC_05_StaffManagement_Test" time="0.592"/>
  <testcase name="PTC_SM_003_Verify_BranchEditing" classname="com.gurukula.AutomationTestgurkula.LTC_05_StaffManagement_Test" time="27.108">
    <failure message="Staff editing is not successfull expected [true] but found [false]" type="java.lang.AssertionError">java.lang.AssertionError: Staff editing is not successfull expected [true] but found [false]
	at org.testng.Assert.fail(Assert.java:94)
	at org.testng.Assert.failNotEquals(Assert.java:494)
	at org.testng.Assert.assertTrue(Assert.java:42)
	at com.gurukula.AutomationTestgurkula.LTC_05_StaffManagement_Test.PTC_SM_003_Verify_BranchEditing(LTC_05_StaffManagement_Test.java:61)
</failure>
    <system-out>Closing the webdriver
chrome
//tr[3]//td[4]//button[2]
branch_select_element field on staff creation page doesn't exist : org.openqa.selenium.NoSuchElementException: Cannot locate element with text: CIVILENG
For documentation on this error, please visit: https://www.seleniumhq.org/exceptions/no_such_element.html
Build info: version: '3.141.59', revision: 'e82be7d358', time: '2018-11-14T08:17:03'
System info: host: 'DESKTOP-PUPFFT7', ip: '192.168.178.25', os.name: 'Windows 10', os.arch: 'amd64', os.version: '10.0', java.version: '1.8.0_181'
Driver info: driver.version: unknown
Total no of rows: 3
STAFFEDIT|
Total no of rows: 3
</system-out>
    <system-err>Starting ChromeDriver 2.42.591088 (7b2b2dca23cca0862f674758c9a3933e685c27d5) on port 31906
Only local connections are allowed.
May 08, 2019 11:18:35 PM org.openqa.selenium.remote.ProtocolHandshake createSession
INFO: Detected dialect: OSS
</system-err>
  </testcase>
  <testcase name="PTC_SM_004_Verify_delete_functionality" classname="com.gurukula.AutomationTestgurkula.LTC_05_StaffManagement_Test" time="2.493"/>
  <testcase name="PTC_SM_007_to_SM_009_Verify_Createbranch_functionality_withvariousinputs" classname="com.gurukula.AutomationTestgurkula.LTC_05_StaffManagement_Test" time="26.831"/>
  <testcase name="PTC_SM_007_to_SM_009_Verify_Createbranch_functionality_withvariousinputs" classname="com.gurukula.AutomationTestgurkula.LTC_05_StaffManagement_Test" time="25.873">
    <failure message="expected [This field is required.] but found []" type="java.lang.AssertionError">java.lang.AssertionError: expected [This field is required.] but found []
	at org.testng.Assert.fail(Assert.java:94)
	at org.testng.Assert.failNotEquals(Assert.java:494)
	at org.testng.Assert.assertEquals(Assert.java:123)
	at org.testng.Assert.assertEquals(Assert.java:176)
	at org.testng.Assert.assertEquals(Assert.java:186)
	at com.gurukula.AutomationTestgurkula.LTC_05_StaffManagement_Test.PTC_SM_007_to_SM_009_Verify_Createbranch_functionality_withvariousinputs(LTC_05_StaffManagement_Test.java:75)
</failure>
    <system-out>Closing the webdriver
chrome
Able to click create branch button
branch_select_element field on staff creation page doesn't exist : org.openqa.selenium.NoSuchElementException: Cannot locate element with text: CIVILENG
For documentation on this error, please visit: https://www.seleniumhq.org/exceptions/no_such_element.html
Build info: version: '3.141.59', revision: 'e82be7d358', time: '2018-11-14T08:17:03'
System info: host: 'DESKTOP-PUPFFT7', ip: '192.168.178.25', os.name: 'Windows 10', os.arch: 'amd64', os.version: '10.0', java.version: '1.8.0_181'
Driver info: driver.version: unknown
help-block ng-scope
false

help-block ng-scope ng-hide
false

help-block ng-scope ng-hide
false

help-block ng-scope ng-hide
false

Total help error string: 
</system-out>
    <system-err>Starting ChromeDriver 2.42.591088 (7b2b2dca23cca0862f674758c9a3933e685c27d5) on port 11494
Only local connections are allowed.
May 08, 2019 11:20:15 PM org.openqa.selenium.remote.ProtocolHandshake createSession
INFO: Detected dialect: OSS
</system-err>
  </testcase>
  <testcase name="PTC_SM_007_to_SM_009_Verify_Createbranch_functionality_withvariousinputs" classname="com.gurukula.AutomationTestgurkula.LTC_05_StaffManagement_Test" time="5.337">
    <failure message="invalid element state: Element is not currently interactable and may not be manipulated&#10;  (Session info: chrome=74.0.3729.131)&#10;  (Driver info: chromedriver=2.42.591088 (7b2b2dca23cca0862f674758c9a3933e685c27d5),platform=Windows NT 10.0.17134 x86_64) (WARNING: The server did not provide any stacktrace information)&#10;Command duration or timeout: 0 milliseconds&#10;Build info: version: &apos;3.141.59&apos;, revision: &apos;e82be7d358&apos;, time: &apos;2018-11-14T08:17:03&apos;&#10;System info: host: &apos;DESKTOP-PUPFFT7&apos;, ip: &apos;192.168.178.25&apos;, os.name: &apos;Windows 10&apos;, os.arch: &apos;amd64&apos;, os.version: &apos;10.0&apos;, java.version: &apos;1.8.0_181&apos;&#10;Driver info: org.openqa.selenium.chrome.ChromeDriver&#10;Capabilities {acceptInsecureCerts: false, acceptSslCerts: false, applicationCacheEnabled: false, browserConnectionEnabled: false, browserName: chrome, chrome: {chromedriverVersion: 2.42.591088 (7b2b2dca23cca0..., userDataDir: C:\Users\Gopi\AppData\Local...}, cssSelectorsEnabled: true, databaseEnabled: false, goog:chromeOptions: {debuggerAddress: localhost:52063}, handlesAlerts: true, hasTouchScreen: false, javascriptEnabled: true, locationContextEnabled: true, mobileEmulationEnabled: false, nativeEvents: true, networkConnectionEnabled: false, pageLoadStrategy: normal, platform: XP, platformName: XP, rotatable: false, setWindowRect: true, takesHeapSnapshot: true, takesScreenshot: true, unexpectedAlertBehaviour: , unhandledPromptBehavior: , version: 74.0.3729.131, webStorageEnabled: true}&#10;Session ID: 56196e46c3a593c635dd7a604aafa50b" type="org.openqa.selenium.InvalidElementStateException">org.openqa.selenium.InvalidElementStateException: invalid element state: Element is not currently interactable and may not be manipulated
  (Session info: chrome=74.0.3729.131)
  (Driver info: chromedriver=2.42.591088 (7b2b2dca23cca0862f674758c9a3933e685c27d5),platform=Windows NT 10.0.17134 x86_64) (WARNING: The server did not provide any stacktrace information)
Command duration or timeout: 0 milliseconds
Build info: version: '3.141.59', revision: 'e82be7d358', time: '2018-11-14T08:17:03'
System info: host: 'DESKTOP-PUPFFT7', ip: '192.168.178.25', os.name: 'Windows 10', os.arch: 'amd64', os.version: '10.0', java.version: '1.8.0_181'
Driver info: org.openqa.selenium.chrome.ChromeDriver
Capabilities {acceptInsecureCerts: false, acceptSslCerts: false, applicationCacheEnabled: false, browserConnectionEnabled: false, browserName: chrome, chrome: {chromedriverVersion: 2.42.591088 (7b2b2dca23cca0..., userDataDir: C:\Users\Gopi\AppData\Local...}, cssSelectorsEnabled: true, databaseEnabled: false, goog:chromeOptions: {debuggerAddress: localhost:52063}, handlesAlerts: true, hasTouchScreen: false, javascriptEnabled: true, locationContextEnabled: true, mobileEmulationEnabled: false, nativeEvents: true, networkConnectionEnabled: false, pageLoadStrategy: normal, platform: XP, platformName: XP, rotatable: false, setWindowRect: true, takesHeapSnapshot: true, takesScreenshot: true, unexpectedAlertBehaviour: , unhandledPromptBehavior: , version: 74.0.3729.131, webStorageEnabled: true}
Session ID: 56196e46c3a593c635dd7a604aafa50b
	at sun.reflect.NativeConstructorAccessorImpl.newInstance0(Native Method)
	at sun.reflect.NativeConstructorAccessorImpl.newInstance(NativeConstructorAccessorImpl.java:62)
	at sun.reflect.DelegatingConstructorAccessorImpl.newInstance(DelegatingConstructorAccessorImpl.java:45)
	at java.lang.reflect.Constructor.newInstance(Constructor.java:423)
	at org.openqa.selenium.remote.ErrorHandler.createThrowable(ErrorHandler.java:214)
	at org.openqa.selenium.remote.ErrorHandler.throwIfResponseFailed(ErrorHandler.java:166)
	at org.openqa.selenium.remote.http.JsonHttpResponseCodec.reconstructValue(JsonHttpResponseCodec.java:40)
	at org.openqa.selenium.remote.http.AbstractHttpResponseCodec.decode(AbstractHttpResponseCodec.java:80)
	at org.openqa.selenium.remote.http.AbstractHttpResponseCodec.decode(AbstractHttpResponseCodec.java:44)
	at org.openqa.selenium.remote.HttpCommandExecutor.execute(HttpCommandExecutor.java:158)
	at org.openqa.selenium.remote.service.DriverCommandExecutor.execute(DriverCommandExecutor.java:83)
	at org.openqa.selenium.remote.RemoteWebDriver.execute(RemoteWebDriver.java:552)
	at org.openqa.selenium.remote.RemoteWebElement.execute(RemoteWebElement.java:285)
	at org.openqa.selenium.remote.RemoteWebElement.clear(RemoteWebElement.java:124)
	at sun.reflect.GeneratedMethodAccessor3.invoke(Unknown Source)
	at sun.reflect.DelegatingMethodAccessorImpl.invoke(DelegatingMethodAccessorImpl.java:43)
	at java.lang.reflect.Method.invoke(Method.java:498)
	at org.openqa.selenium.support.pagefactory.internal.LocatingElementHandler.invoke(LocatingElementHandler.java:51)
	at com.sun.proxy.$Proxy10.clear(Unknown Source)
	at com.gurukula.pageObjects.StaffPage.CreateNewStaffforErrors(StaffPage.java:196)
	at com.gurukula.AutomationTestgurkula.LTC_05_StaffManagement_Test.PTC_SM_007_to_SM_009_Verify_Createbranch_functionality_withvariousinputs(LTC_05_StaffManagement_Test.java:74)
</failure>
    <system-out>Closing the webdriver
chrome
Able to click create branch button
Exception occured in enterStaff_nameonCreate function : org.openqa.selenium.InvalidElementStateException: invalid element state: Element is not currently interactable and may not be manipulated
  (Session info: chrome=74.0.3729.131)
  (Driver info: chromedriver=2.42.591088 (7b2b2dca23cca0862f674758c9a3933e685c27d5),platform=Windows NT 10.0.17134 x86_64) (WARNING: The server did not provide any stacktrace information)
Command duration or timeout: 0 milliseconds
Build info: version: '3.141.59', revision: 'e82be7d358', time: '2018-11-14T08:17:03'
System info: host: 'DESKTOP-PUPFFT7', ip: '192.168.178.25', os.name: 'Windows 10', os.arch: 'amd64', os.version: '10.0', java.version: '1.8.0_181'
Driver info: org.openqa.selenium.chrome.ChromeDriver
Capabilities {acceptInsecureCerts: false, acceptSslCerts: false, applicationCacheEnabled: false, browserConnectionEnabled: false, browserName: chrome, chrome: {chromedriverVersion: 2.42.591088 (7b2b2dca23cca0..., userDataDir: C:\Users\Gopi\AppData\Local...}, cssSelectorsEnabled: true, databaseEnabled: false, goog:chromeOptions: {debuggerAddress: localhost:52063}, handlesAlerts: true, hasTouchScreen: false, javascriptEnabled: true, locationContextEnabled: true, mobileEmulationEnabled: false, nativeEvents: true, networkConnectionEnabled: false, pageLoadStrategy: normal, platform: XP, platformName: XP, rotatable: false, setWindowRect: true, takesHeapSnapshot: true, takesScreenshot: true, unexpectedAlertBehaviour: , unhandledPromptBehavior: , version: 74.0.3729.131, webStorageEnabled: true}
Session ID: 56196e46c3a593c635dd7a604aafa50b
</system-out>
    <system-err>Starting ChromeDriver 2.42.591088 (7b2b2dca23cca0862f674758c9a3933e685c27d5) on port 14771
Only local connections are allowed.
May 08, 2019 11:20:53 PM org.openqa.selenium.remote.ProtocolHandshake createSession
INFO: Detected dialect: OSS
</system-err>
  </testcase>
</testsuite>