<?xml version="1.0" encoding="UTF-8"?>
<testng-results skipped="0" failed="14" total="58" passed="44">
  <reporter-output>
  </reporter-output>
  <suite name="Suite" duration-ms="936189" started-at="2019-05-08T21:05:34Z" finished-at="2019-05-08T21:21:10Z">
    <groups>
    </groups>
    <test name="Gurukul Automation" duration-ms="936189" started-at="2019-05-08T21:05:34Z" finished-at="2019-05-08T21:21:10Z">
      <class name="com.gurukula.AutomationTestgurkula.LTC_01_User_Authentication_Test">
        <test-method status="PASS" signature="launchApplication()[pri:0, instance:com.gurukula.AutomationTestgurkula.LTC_01_User_Authentication_Test@4e04a765]" name="launchApplication" is-config="true" duration-ms="18" started-at="2019-05-08T23:05:34Z" finished-at="2019-05-08T23:05:34Z">
          <reporter-output>
          </reporter-output>
        </test-method> <!-- launchApplication -->
        <test-method status="PASS" signature="setupBeforeTest()[pri:0, instance:com.gurukula.AutomationTestgurkula.LTC_01_User_Authentication_Test@4e04a765]" name="setupBeforeTest" is-config="true" duration-ms="24762" started-at="2019-05-08T23:05:34Z" finished-at="2019-05-08T23:05:58Z">
          <reporter-output>
          </reporter-output>
        </test-method> <!-- setupBeforeTest -->
        <test-method status="PASS" signature="PTC_AM_01_Verify_User_Valid_login(java.lang.String, java.lang.String, java.lang.String)[pri:0, instance:com.gurukula.AutomationTestgurkula.LTC_01_User_Authentication_Test@4e04a765]" name="PTC_AM_01_Verify_User_Valid_login" duration-ms="8128" started-at="2019-05-08T23:05:58Z" finished-at="2019-05-08T23:06:07Z">
          <params>
            <param index="0">
              <value>
                <![CDATA[admin]]>
              </value>
            </param>
            <param index="1">
              <value>
                <![CDATA[admin]]>
              </value>
            </param>
            <param index="2">
              <value>
                <![CDATA[You are logged in as user ]]>
              </value>
            </param>
          </params>
          <reporter-output>
          </reporter-output>
        </test-method> <!-- PTC_AM_01_Verify_User_Valid_login -->
        <test-method status="PASS" signature="closebrowser()[pri:0, instance:com.gurukula.AutomationTestgurkula.LTC_01_User_Authentication_Test@4e04a765]" name="closebrowser" is-config="true" duration-ms="1023" started-at="2019-05-08T23:06:07Z" finished-at="2019-05-08T23:06:08Z">
          <reporter-output>
          </reporter-output>
        </test-method> <!-- closebrowser -->
        <test-method status="PASS" signature="setupBeforeTest()[pri:0, instance:com.gurukula.AutomationTestgurkula.LTC_01_User_Authentication_Test@4e04a765]" name="setupBeforeTest" is-config="true" duration-ms="12389" started-at="2019-05-08T23:06:08Z" finished-at="2019-05-08T23:06:20Z">
          <reporter-output>
          </reporter-output>
        </test-method> <!-- setupBeforeTest -->
        <test-method status="PASS" signature="PTC_AM_02_Verify_User_InValid_login(java.lang.String, java.lang.String, java.lang.String)[pri:0, instance:com.gurukula.AutomationTestgurkula.LTC_01_User_Authentication_Test@4e04a765]" name="PTC_AM_02_Verify_User_InValid_login" duration-ms="1508" started-at="2019-05-08T23:06:20Z" finished-at="2019-05-08T23:06:22Z">
          <params>
            <param index="0">
              <value>
                <![CDATA[adddd]]>
              </value>
            </param>
            <param index="1">
              <value>
                <![CDATA[adddd]]>
              </value>
            </param>
            <param index="2">
              <value>
                <![CDATA[Authentication failed]]>
              </value>
            </param>
          </params>
          <reporter-output>
          </reporter-output>
        </test-method> <!-- PTC_AM_02_Verify_User_InValid_login -->
        <test-method status="PASS" signature="closebrowser()[pri:0, instance:com.gurukula.AutomationTestgurkula.LTC_01_User_Authentication_Test@4e04a765]" name="closebrowser" is-config="true" duration-ms="868" started-at="2019-05-08T23:06:22Z" finished-at="2019-05-08T23:06:22Z">
          <reporter-output>
          </reporter-output>
        </test-method> <!-- closebrowser -->
        <test-method status="PASS" signature="setupBeforeTest()[pri:0, instance:com.gurukula.AutomationTestgurkula.LTC_01_User_Authentication_Test@4e04a765]" name="setupBeforeTest" is-config="true" duration-ms="12686" started-at="2019-05-08T23:06:22Z" finished-at="2019-05-08T23:06:35Z">
          <reporter-output>
          </reporter-output>
        </test-method> <!-- setupBeforeTest -->
        <test-method status="PASS" signature="PTC_AM_03_Verify_User_Valid_loginwithAutomaticLoginenabled(java.lang.String, java.lang.String, java.lang.String)[pri:0, instance:com.gurukula.AutomationTestgurkula.LTC_01_User_Authentication_Test@4e04a765]" name="PTC_AM_03_Verify_User_Valid_loginwithAutomaticLoginenabled" duration-ms="2343" started-at="2019-05-08T23:06:35Z" finished-at="2019-05-08T23:06:37Z">
          <params>
            <param index="0">
              <value>
                <![CDATA[admin]]>
              </value>
            </param>
            <param index="1">
              <value>
                <![CDATA[admin]]>
              </value>
            </param>
            <param index="2">
              <value>
                <![CDATA[You are logged in as user ]]>
              </value>
            </param>
          </params>
          <reporter-output>
          </reporter-output>
        </test-method> <!-- PTC_AM_03_Verify_User_Valid_loginwithAutomaticLoginenabled -->
        <test-method status="PASS" signature="closebrowser()[pri:0, instance:com.gurukula.AutomationTestgurkula.LTC_01_User_Authentication_Test@4e04a765]" name="closebrowser" is-config="true" duration-ms="1009" started-at="2019-05-08T23:06:37Z" finished-at="2019-05-08T23:06:38Z">
          <reporter-output>
          </reporter-output>
        </test-method> <!-- closebrowser -->
        <test-method status="PASS" signature="setupBeforeTest()[pri:0, instance:com.gurukula.AutomationTestgurkula.LTC_01_User_Authentication_Test@4e04a765]" name="setupBeforeTest" is-config="true" duration-ms="8134" started-at="2019-05-08T23:06:38Z" finished-at="2019-05-08T23:06:47Z">
          <reporter-output>
          </reporter-output>
        </test-method> <!-- setupBeforeTest -->
        <test-method status="PASS" signature="PTC_AM_04_Verify_User_Valid_loginandLogout(java.lang.String, java.lang.String, java.lang.String)[pri:0, instance:com.gurukula.AutomationTestgurkula.LTC_01_User_Authentication_Test@4e04a765]" name="PTC_AM_04_Verify_User_Valid_loginandLogout" duration-ms="6909" started-at="2019-05-08T23:06:47Z" finished-at="2019-05-08T23:06:53Z">
          <params>
            <param index="0">
              <value>
                <![CDATA[admin]]>
              </value>
            </param>
            <param index="1">
              <value>
                <![CDATA[admin]]>
              </value>
            </param>
            <param index="2">
              <value>
                <![CDATA[You are logged in as user ]]>
              </value>
            </param>
          </params>
          <reporter-output>
          </reporter-output>
        </test-method> <!-- PTC_AM_04_Verify_User_Valid_loginandLogout -->
        <test-method status="PASS" signature="closebrowser()[pri:0, instance:com.gurukula.AutomationTestgurkula.LTC_01_User_Authentication_Test@4e04a765]" name="closebrowser" is-config="true" duration-ms="859" started-at="2019-05-08T23:06:53Z" finished-at="2019-05-08T23:06:54Z">
          <reporter-output>
          </reporter-output>
        </test-method> <!-- closebrowser -->
        <test-method status="PASS" signature="setupBeforeTest()[pri:0, instance:com.gurukula.AutomationTestgurkula.LTC_01_User_Authentication_Test@4e04a765]" name="setupBeforeTest" is-config="true" duration-ms="7137" started-at="2019-05-08T23:06:54Z" finished-at="2019-05-08T23:07:01Z">
          <reporter-output>
          </reporter-output>
        </test-method> <!-- setupBeforeTest -->
        <test-method status="PASS" signature="PTC_AM_05_Verify_User_Valid_loginandLogout(java.lang.String, java.lang.String, java.lang.String)[pri:0, instance:com.gurukula.AutomationTestgurkula.LTC_01_User_Authentication_Test@4e04a765]" name="PTC_AM_05_Verify_User_Valid_loginandLogout" duration-ms="1294" started-at="2019-05-08T23:07:01Z" finished-at="2019-05-08T23:07:03Z">
          <params>
            <param index="0">
              <value>
                <![CDATA[admin]]>
              </value>
            </param>
            <param index="1">
              <value>
                <![CDATA[admin]]>
              </value>
            </param>
            <param index="2">
              <value>
                <![CDATA[You are logged in as user ]]>
              </value>
            </param>
          </params>
          <reporter-output>
          </reporter-output>
        </test-method> <!-- PTC_AM_05_Verify_User_Valid_loginandLogout -->
        <test-method status="PASS" signature="closebrowser()[pri:0, instance:com.gurukula.AutomationTestgurkula.LTC_01_User_Authentication_Test@4e04a765]" name="closebrowser" is-config="true" duration-ms="866" started-at="2019-05-08T23:07:03Z" finished-at="2019-05-08T23:07:04Z">
          <reporter-output>
          </reporter-output>
        </test-method> <!-- closebrowser -->
        <test-method status="FAIL" signature="PTC_AM_06_Verify_ResetPassword_button_isenabled_with_validemailid(java.lang.String)[pri:0, instance:com.gurukula.AutomationTestgurkula.LTC_01_User_Authentication_Test@4e04a765]" name="PTC_AM_06_Verify_ResetPassword_button_isenabled_with_validemailid" duration-ms="0" started-at="2019-05-08T23:07:04Z" finished-at="2019-05-08T23:07:04Z">
          <exception class="org.testng.TestNGException">
            <message>
              <![CDATA[
Parameter 'validEmailid' is required by @Test on method PTC_AM_06_Verify_ResetPassword_button_isenabled_with_validemailid but has not been marked @Optional or defined
in C:\Users\Gopi\Desktop\Selenium\Gurukul Workspace\AutomationTestgurkula\testng.xml]]>
            </message>
            <full-stacktrace>
              <![CDATA[org.testng.TestNGException: 
Parameter 'validEmailid' is required by @Test on method PTC_AM_06_Verify_ResetPassword_button_isenabled_with_validemailid but has not been marked @Optional or defined
in C:\Users\Gopi\Desktop\Selenium\Gurukul Workspace\AutomationTestgurkula\testng.xml
	at org.testng.internal.Parameters.createParameters(Parameters.java:155)
	at org.testng.internal.Parameters.createParameters(Parameters.java:355)
	at org.testng.internal.Parameters.handleParameters(Parameters.java:447)
	at org.testng.internal.Invoker.handleParameters(Invoker.java:1383)
	at org.testng.internal.Invoker.createParameters(Invoker.java:1075)
	at org.testng.internal.Invoker.invokeTestMethods(Invoker.java:1180)
	at org.testng.internal.TestMethodWorker.invokeTestMethods(TestMethodWorker.java:127)
	at org.testng.internal.TestMethodWorker.run(TestMethodWorker.java:111)
	at org.testng.TestRunner.privateRun(TestRunner.java:767)
	at org.testng.TestRunner.run(TestRunner.java:617)
	at org.testng.SuiteRunner.runTest(SuiteRunner.java:334)
	at org.testng.SuiteRunner.runSequentially(SuiteRunner.java:329)
	at org.testng.SuiteRunner.privateRun(SuiteRunner.java:291)
	at org.testng.SuiteRunner.run(SuiteRunner.java:240)
	at org.testng.SuiteRunnerWorker.runSuite(SuiteRunnerWorker.java:52)
	at org.testng.SuiteRunnerWorker.run(SuiteRunnerWorker.java:86)
	at org.testng.TestNG.runSuitesSequentially(TestNG.java:1198)
	at org.testng.TestNG.runSuitesLocally(TestNG.java:1123)
	at org.testng.TestNG.run(TestNG.java:1031)
	at org.apache.maven.surefire.testng.TestNGExecutor.run(TestNGExecutor.java:178)
	at org.apache.maven.surefire.testng.TestNGXmlTestSuite.execute(TestNGXmlTestSuite.java:92)
	at org.apache.maven.surefire.testng.TestNGProvider.invoke(TestNGProvider.java:96)
	at sun.reflect.NativeMethodAccessorImpl.invoke0(Native Method)
	at sun.reflect.NativeMethodAccessorImpl.invoke(NativeMethodAccessorImpl.java:62)
	at sun.reflect.DelegatingMethodAccessorImpl.invoke(DelegatingMethodAccessorImpl.java:43)
	at java.lang.reflect.Method.invoke(Method.java:498)
	at org.apache.maven.surefire.util.ReflectionUtils.invokeMethodWithArray2(ReflectionUtils.java:208)
	at org.apache.maven.surefire.booter.ProviderFactory$ProviderProxy.invoke(ProviderFactory.java:159)
	at org.apache.maven.surefire.booter.ProviderFactory.invokeProvider(ProviderFactory.java:87)
	at org.apache.maven.surefire.booter.ForkedBooter.runSuitesInProcess(ForkedBooter.java:153)
	at org.apache.maven.surefire.booter.ForkedBooter.main(ForkedBooter.java:95)
]]>
            </full-stacktrace>
          </exception> <!-- org.testng.TestNGException -->
          <reporter-output>
          </reporter-output>
        </test-method> <!-- PTC_AM_06_Verify_ResetPassword_button_isenabled_with_validemailid -->
        <test-method status="PASS" signature="setupBeforeTest()[pri:0, instance:com.gurukula.AutomationTestgurkula.LTC_01_User_Authentication_Test@4e04a765]" name="setupBeforeTest" is-config="true" duration-ms="6577" started-at="2019-05-08T23:07:04Z" finished-at="2019-05-08T23:07:10Z">
          <reporter-output>
          </reporter-output>
        </test-method> <!-- setupBeforeTest -->
        <test-method status="PASS" signature="PTC_AM_07_Verify_ResetPassword_button_isenabled_with_invalidemailid(java.lang.String)[pri:0, instance:com.gurukula.AutomationTestgurkula.LTC_01_User_Authentication_Test@4e04a765]" name="PTC_AM_07_Verify_ResetPassword_button_isenabled_with_invalidemailid" duration-ms="5628" started-at="2019-05-08T23:07:10Z" finished-at="2019-05-08T23:07:16Z">
          <params>
            <param index="0">
              <value>
                <![CDATA[ggggg#dd]]>
              </value>
            </param>
          </params>
          <reporter-output>
          </reporter-output>
        </test-method> <!-- PTC_AM_07_Verify_ResetPassword_button_isenabled_with_invalidemailid -->
        <test-method status="PASS" signature="closebrowser()[pri:0, instance:com.gurukula.AutomationTestgurkula.LTC_01_User_Authentication_Test@4e04a765]" name="closebrowser" is-config="true" duration-ms="859" started-at="2019-05-08T23:07:16Z" finished-at="2019-05-08T23:07:17Z">
          <reporter-output>
          </reporter-output>
        </test-method> <!-- closebrowser -->
      </class> <!-- com.gurukula.AutomationTestgurkula.LTC_01_User_Authentication_Test -->
      <class name="com.gurukula.AutomationTestgurkula.LTC_02_UserRegistration_Test">
        <test-method status="PASS" signature="setupBeforeTest()[pri:0, instance:com.gurukula.AutomationTestgurkula.LTC_02_UserRegistration_Test@13fee20c]" name="setupBeforeTest" is-config="true" duration-ms="7339" started-at="2019-05-08T23:07:17Z" finished-at="2019-05-08T23:07:24Z">
          <reporter-output>
          </reporter-output>
        </test-method> <!-- setupBeforeTest -->
        <test-method status="PASS" signature="PTC_RM_01_to_RM16_Verify_User_registarion_with_differentinputcombinations(java.lang.String, java.lang.String, java.lang.String, java.lang.String, java.lang.String, java.lang.String)[pri:0, instance:com.gurukula.AutomationTestgurkula.LTC_02_UserRegistration_Test@13fee20c]" name="PTC_RM_01_to_RM16_Verify_User_registarion_with_differentinputcombinations" duration-ms="439" started-at="2019-05-08T23:07:24Z" data-provider="userRegistrationdetails" finished-at="2019-05-08T23:07:24Z">
          <params>
            <param index="0">
              <value>
                <![CDATA[gopisrikanth1]]>
              </value>
            </param>
            <param index="1">
              <value>
                <![CDATA[gopisrikanthkosuru@gmail.com]]>
              </value>
            </param>
            <param index="2">
              <value>
                <![CDATA[May@2019]]>
              </value>
            </param>
            <param index="3">
              <value>
                <![CDATA[May@2019]]>
              </value>
            </param>
            <param index="4">
              <value>
                <![CDATA[Registration Successful]]>
              </value>
            </param>
            <param index="5">
              <value>
                <![CDATA[scenario1]]>
              </value>
            </param>
          </params>
          <reporter-output>
          </reporter-output>
        </test-method> <!-- PTC_RM_01_to_RM16_Verify_User_registarion_with_differentinputcombinations -->
        <test-method status="PASS" signature="closebrowser()[pri:0, instance:com.gurukula.AutomationTestgurkula.LTC_02_UserRegistration_Test@13fee20c]" name="closebrowser" is-config="true" duration-ms="902" started-at="2019-05-08T23:07:24Z" finished-at="2019-05-08T23:07:25Z">
          <reporter-output>
          </reporter-output>
        </test-method> <!-- closebrowser -->
        <test-method status="PASS" signature="setupBeforeTest()[pri:0, instance:com.gurukula.AutomationTestgurkula.LTC_02_UserRegistration_Test@13fee20c]" name="setupBeforeTest" is-config="true" duration-ms="6297" started-at="2019-05-08T23:07:25Z" finished-at="2019-05-08T23:07:32Z">
          <reporter-output>
          </reporter-output>
        </test-method> <!-- setupBeforeTest -->
        <test-method status="PASS" signature="PTC_RM_01_to_RM16_Verify_User_registarion_with_differentinputcombinations(java.lang.String, java.lang.String, java.lang.String, java.lang.String, java.lang.String, java.lang.String)[pri:0, instance:com.gurukula.AutomationTestgurkula.LTC_02_UserRegistration_Test@13fee20c]" name="PTC_RM_01_to_RM16_Verify_User_registarion_with_differentinputcombinations" duration-ms="1762" started-at="2019-05-08T23:07:32Z" data-provider="userRegistrationdetails" finished-at="2019-05-08T23:07:33Z">
          <params>
            <param index="0">
              <value>
                <![CDATA[admin]]>
              </value>
            </param>
            <param index="1">
              <value>
                <![CDATA[gopisrikanth1@gmail.com]]>
              </value>
            </param>
            <param index="2">
              <value>
                <![CDATA[May@2019]]>
              </value>
            </param>
            <param index="3">
              <value>
                <![CDATA[May@2019]]>
              </value>
            </param>
            <param index="4">
              <value>
                <![CDATA[Login name already registered! Please choose another one.]]>
              </value>
            </param>
            <param index="5">
              <value>
                <![CDATA[flagX]]>
              </value>
            </param>
          </params>
          <reporter-output>
          </reporter-output>
        </test-method> <!-- PTC_RM_01_to_RM16_Verify_User_registarion_with_differentinputcombinations -->
        <test-method status="PASS" signature="closebrowser()[pri:0, instance:com.gurukula.AutomationTestgurkula.LTC_02_UserRegistration_Test@13fee20c]" name="closebrowser" is-config="true" duration-ms="844" started-at="2019-05-08T23:07:33Z" finished-at="2019-05-08T23:07:34Z">
          <reporter-output>
          </reporter-output>
        </test-method> <!-- closebrowser -->
        <test-method status="PASS" signature="setupBeforeTest()[pri:0, instance:com.gurukula.AutomationTestgurkula.LTC_02_UserRegistration_Test@13fee20c]" name="setupBeforeTest" is-config="true" duration-ms="5294" started-at="2019-05-08T23:07:34Z" finished-at="2019-05-08T23:07:40Z">
          <reporter-output>
          </reporter-output>
        </test-method> <!-- setupBeforeTest -->
        <test-method status="PASS" signature="PTC_RM_01_to_RM16_Verify_User_registarion_with_differentinputcombinations(java.lang.String, java.lang.String, java.lang.String, java.lang.String, java.lang.String, java.lang.String)[pri:0, instance:com.gurukula.AutomationTestgurkula.LTC_02_UserRegistration_Test@13fee20c]" name="PTC_RM_01_to_RM16_Verify_User_registarion_with_differentinputcombinations" duration-ms="2073" started-at="2019-05-08T23:07:40Z" data-provider="userRegistrationdetails" finished-at="2019-05-08T23:07:42Z">
          <params>
            <param index="0">
              <value>
                <![CDATA[gopisrikanth1]]>
              </value>
            </param>
            <param index="1">
              <value>
                <![CDATA[admin@localhost]]>
              </value>
            </param>
            <param index="2">
              <value>
                <![CDATA[May@2019]]>
              </value>
            </param>
            <param index="3">
              <value>
                <![CDATA[May@2019]]>
              </value>
            </param>
            <param index="4">
              <value>
                <![CDATA[E-mail is already in use! Please choose another one.]]>
              </value>
            </param>
            <param index="5">
              <value>
                <![CDATA[flagX]]>
              </value>
            </param>
          </params>
          <reporter-output>
          </reporter-output>
        </test-method> <!-- PTC_RM_01_to_RM16_Verify_User_registarion_with_differentinputcombinations -->
        <test-method status="PASS" signature="closebrowser()[pri:0, instance:com.gurukula.AutomationTestgurkula.LTC_02_UserRegistration_Test@13fee20c]" name="closebrowser" is-config="true" duration-ms="874" started-at="2019-05-08T23:07:42Z" finished-at="2019-05-08T23:07:43Z">
          <reporter-output>
          </reporter-output>
        </test-method> <!-- closebrowser -->
        <test-method status="PASS" signature="setupBeforeTest()[pri:0, instance:com.gurukula.AutomationTestgurkula.LTC_02_UserRegistration_Test@13fee20c]" name="setupBeforeTest" is-config="true" duration-ms="5610" started-at="2019-05-08T23:07:43Z" finished-at="2019-05-08T23:07:48Z">
          <reporter-output>
          </reporter-output>
        </test-method> <!-- setupBeforeTest -->
        <test-method status="PASS" signature="PTC_RM_01_to_RM16_Verify_User_registarion_with_differentinputcombinations(java.lang.String, java.lang.String, java.lang.String, java.lang.String, java.lang.String, java.lang.String)[pri:0, instance:com.gurukula.AutomationTestgurkula.LTC_02_UserRegistration_Test@13fee20c]" name="PTC_RM_01_to_RM16_Verify_User_registarion_with_differentinputcombinations" duration-ms="1654" started-at="2019-05-08T23:07:48Z" data-provider="userRegistrationdetails" finished-at="2019-05-08T23:07:50Z">
          <params>
            <param index="0">
              <value>
                <![CDATA[gopisrikanth1]]>
              </value>
            </param>
            <param index="1">
              <value>
                <![CDATA[gopisrikanthkosuru@gmail.com]]>
              </value>
            </param>
            <param index="2">
              <value>
                <![CDATA[May@2019]]>
              </value>
            </param>
            <param index="3">
              <value>
                <![CDATA[october@2019]]>
              </value>
            </param>
            <param index="4">
              <value>
                <![CDATA[The password and its confirmation do not match!]]>
              </value>
            </param>
            <param index="5">
              <value>
                <![CDATA[flagX]]>
              </value>
            </param>
          </params>
          <reporter-output>
          </reporter-output>
        </test-method> <!-- PTC_RM_01_to_RM16_Verify_User_registarion_with_differentinputcombinations -->
        <test-method status="PASS" signature="closebrowser()[pri:0, instance:com.gurukula.AutomationTestgurkula.LTC_02_UserRegistration_Test@13fee20c]" name="closebrowser" is-config="true" duration-ms="828" started-at="2019-05-08T23:07:50Z" finished-at="2019-05-08T23:07:51Z">
          <reporter-output>
          </reporter-output>
        </test-method> <!-- closebrowser -->
        <test-method status="PASS" signature="setupBeforeTest()[pri:0, instance:com.gurukula.AutomationTestgurkula.LTC_02_UserRegistration_Test@13fee20c]" name="setupBeforeTest" is-config="true" duration-ms="5964" started-at="2019-05-08T23:07:51Z" finished-at="2019-05-08T23:07:57Z">
          <reporter-output>
          </reporter-output>
        </test-method> <!-- setupBeforeTest -->
        <test-method status="PASS" signature="PTC_RM_01_to_RM16_Verify_User_registarion_with_differentinputcombinations(java.lang.String, java.lang.String, java.lang.String, java.lang.String, java.lang.String, java.lang.String)[pri:0, instance:com.gurukula.AutomationTestgurkula.LTC_02_UserRegistration_Test@13fee20c]" name="PTC_RM_01_to_RM16_Verify_User_registarion_with_differentinputcombinations" duration-ms="2290" started-at="2019-05-08T23:07:57Z" data-provider="userRegistrationdetails" finished-at="2019-05-08T23:07:59Z">
          <params>
            <param index="0">
              <value>
                <![CDATA[gopisrikanth1]]>
              </value>
            </param>
            <param index="1">
              <value>
                <![CDATA[gg]]>
              </value>
            </param>
            <param index="2">
              <value>
                <![CDATA[May@2019]]>
              </value>
            </param>
            <param index="3">
              <value>
                <![CDATA[october@2019]]>
              </value>
            </param>
            <param index="4">
              <value>
                <![CDATA[Your e-mail is invalid.Your e-mail is required to be at least 5 characters.]]>
              </value>
            </param>
            <param index="5">
              <value>
                <![CDATA[flagY]]>
              </value>
            </param>
          </params>
          <reporter-output>
          </reporter-output>
        </test-method> <!-- PTC_RM_01_to_RM16_Verify_User_registarion_with_differentinputcombinations -->
        <test-method status="PASS" signature="closebrowser()[pri:0, instance:com.gurukula.AutomationTestgurkula.LTC_02_UserRegistration_Test@13fee20c]" name="closebrowser" is-config="true" duration-ms="890" started-at="2019-05-08T23:07:59Z" finished-at="2019-05-08T23:08:00Z">
          <reporter-output>
          </reporter-output>
        </test-method> <!-- closebrowser -->
        <test-method status="PASS" signature="setupBeforeTest()[pri:0, instance:com.gurukula.AutomationTestgurkula.LTC_02_UserRegistration_Test@13fee20c]" name="setupBeforeTest" is-config="true" duration-ms="5280" started-at="2019-05-08T23:08:00Z" finished-at="2019-05-08T23:08:05Z">
          <reporter-output>
          </reporter-output>
        </test-method> <!-- setupBeforeTest -->
        <test-method status="FAIL" signature="PTC_RM_01_to_RM16_Verify_User_registarion_with_differentinputcombinations(java.lang.String, java.lang.String, java.lang.String, java.lang.String, java.lang.String, java.lang.String)[pri:0, instance:com.gurukula.AutomationTestgurkula.LTC_02_UserRegistration_Test@13fee20c]" name="PTC_RM_01_to_RM16_Verify_User_registarion_with_differentinputcombinations" duration-ms="2399" started-at="2019-05-08T23:08:05Z" data-provider="userRegistrationdetails" finished-at="2019-05-08T23:08:07Z">
          <params>
            <param index="0">
              <value>
                <![CDATA[gopisrikanth1]]>
              </value>
            </param>
            <param index="1">
              <value>
                <![CDATA[ggggggggggggggggggggggggggggggggggggggggggggggggggg]]>
              </value>
            </param>
            <param index="2">
              <value>
                <![CDATA[May@2019]]>
              </value>
            </param>
            <param index="3">
              <value>
                <![CDATA[october@2019]]>
              </value>
            </param>
            <param index="4">
              <value>
                <![CDATA[Your e-mail is invalid.Your e-mail cannot be longer than 50 characters.]]>
              </value>
            </param>
            <param index="5">
              <value>
                <![CDATA[flagY]]>
              </value>
            </param>
          </params>
          <exception class="java.lang.AssertionError">
            <message>
              <![CDATA[expected [Your e-mail is invalid.Your e-mail cannot be longer than 50 characters.] but found [Your e-mail is invalid.]]]>
            </message>
            <full-stacktrace>
              <![CDATA[java.lang.AssertionError: expected [Your e-mail is invalid.Your e-mail cannot be longer than 50 characters.] but found [Your e-mail is invalid.]
	at org.testng.Assert.fail(Assert.java:94)
	at org.testng.Assert.failNotEquals(Assert.java:494)
	at org.testng.Assert.assertEquals(Assert.java:123)
	at org.testng.Assert.assertEquals(Assert.java:176)
	at org.testng.Assert.assertEquals(Assert.java:186)
	at com.gurukula.AutomationTestgurkula.LTC_02_UserRegistration_Test.PTC_RM_01_to_RM16_Verify_User_registarion_with_differentinputcombinations(LTC_02_UserRegistration_Test.java:59)
	at sun.reflect.NativeMethodAccessorImpl.invoke0(Native Method)
	at sun.reflect.NativeMethodAccessorImpl.invoke(NativeMethodAccessorImpl.java:62)
	at sun.reflect.DelegatingMethodAccessorImpl.invoke(DelegatingMethodAccessorImpl.java:43)
	at java.lang.reflect.Method.invoke(Method.java:498)
	at org.testng.internal.MethodInvocationHelper.invokeMethod(MethodInvocationHelper.java:80)
	at org.testng.internal.Invoker.invokeMethod(Invoker.java:714)
	at org.testng.internal.Invoker.invokeTestMethod(Invoker.java:901)
	at org.testng.internal.Invoker.invokeTestMethods(Invoker.java:1231)
	at org.testng.internal.TestMethodWorker.invokeTestMethods(TestMethodWorker.java:127)
	at org.testng.internal.TestMethodWorker.run(TestMethodWorker.java:111)
	at org.testng.TestRunner.privateRun(TestRunner.java:767)
	at org.testng.TestRunner.run(TestRunner.java:617)
	at org.testng.SuiteRunner.runTest(SuiteRunner.java:334)
	at org.testng.SuiteRunner.runSequentially(SuiteRunner.java:329)
	at org.testng.SuiteRunner.privateRun(SuiteRunner.java:291)
	at org.testng.SuiteRunner.run(SuiteRunner.java:240)
	at org.testng.SuiteRunnerWorker.runSuite(SuiteRunnerWorker.java:52)
	at org.testng.SuiteRunnerWorker.run(SuiteRunnerWorker.java:86)
	at org.testng.TestNG.runSuitesSequentially(TestNG.java:1198)
	at org.testng.TestNG.runSuitesLocally(TestNG.java:1123)
	at org.testng.TestNG.run(TestNG.java:1031)
	at org.apache.maven.surefire.testng.TestNGExecutor.run(TestNGExecutor.java:178)
	at org.apache.maven.surefire.testng.TestNGXmlTestSuite.execute(TestNGXmlTestSuite.java:92)
	at org.apache.maven.surefire.testng.TestNGProvider.invoke(TestNGProvider.java:96)
	at sun.reflect.NativeMethodAccessorImpl.invoke0(Native Method)
	at sun.reflect.NativeMethodAccessorImpl.invoke(NativeMethodAccessorImpl.java:62)
	at sun.reflect.DelegatingMethodAccessorImpl.invoke(DelegatingMethodAccessorImpl.java:43)
	at java.lang.reflect.Method.invoke(Method.java:498)
	at org.apache.maven.surefire.util.ReflectionUtils.invokeMethodWithArray2(ReflectionUtils.java:208)
	at org.apache.maven.surefire.booter.ProviderFactory$ProviderProxy.invoke(ProviderFactory.java:159)
	at org.apache.maven.surefire.booter.ProviderFactory.invokeProvider(ProviderFactory.java:87)
	at org.apache.maven.surefire.booter.ForkedBooter.runSuitesInProcess(ForkedBooter.java:153)
	at org.apache.maven.surefire.booter.ForkedBooter.main(ForkedBooter.java:95)
]]>
            </full-stacktrace>
          </exception> <!-- java.lang.AssertionError -->
          <reporter-output>
          </reporter-output>
        </test-method> <!-- PTC_RM_01_to_RM16_Verify_User_registarion_with_differentinputcombinations -->
        <test-method status="PASS" signature="closebrowser()[pri:0, instance:com.gurukula.AutomationTestgurkula.LTC_02_UserRegistration_Test@13fee20c]" name="closebrowser" is-config="true" duration-ms="859" started-at="2019-05-08T23:08:07Z" finished-at="2019-05-08T23:08:08Z">
          <reporter-output>
          </reporter-output>
        </test-method> <!-- closebrowser -->
        <test-method status="PASS" signature="setupBeforeTest()[pri:0, instance:com.gurukula.AutomationTestgurkula.LTC_02_UserRegistration_Test@13fee20c]" name="setupBeforeTest" is-config="true" duration-ms="6602" started-at="2019-05-08T23:08:08Z" finished-at="2019-05-08T23:08:15Z">
          <reporter-output>
          </reporter-output>
        </test-method> <!-- setupBeforeTest -->
        <test-method status="PASS" signature="PTC_RM_01_to_RM16_Verify_User_registarion_with_differentinputcombinations(java.lang.String, java.lang.String, java.lang.String, java.lang.String, java.lang.String, java.lang.String)[pri:0, instance:com.gurukula.AutomationTestgurkula.LTC_02_UserRegistration_Test@13fee20c]" name="PTC_RM_01_to_RM16_Verify_User_registarion_with_differentinputcombinations" duration-ms="2766" started-at="2019-05-08T23:08:15Z" data-provider="userRegistrationdetails" finished-at="2019-05-08T23:08:18Z">
          <params>
            <param index="0">
              <value>
                <![CDATA[gopisrikanth#]]>
              </value>
            </param>
            <param index="1">
              <value>
                <![CDATA[gopisrikanth1@gmail.com]]>
              </value>
            </param>
            <param index="2">
              <value>
                <![CDATA[May@2019]]>
              </value>
            </param>
            <param index="3">
              <value>
                <![CDATA[october@2019]]>
              </value>
            </param>
            <param index="4">
              <value>
                <![CDATA[Your login can only contain lower-case letters and digits.]]>
              </value>
            </param>
            <param index="5">
              <value>
                <![CDATA[flagY]]>
              </value>
            </param>
          </params>
          <reporter-output>
          </reporter-output>
        </test-method> <!-- PTC_RM_01_to_RM16_Verify_User_registarion_with_differentinputcombinations -->
        <test-method status="PASS" signature="closebrowser()[pri:0, instance:com.gurukula.AutomationTestgurkula.LTC_02_UserRegistration_Test@13fee20c]" name="closebrowser" is-config="true" duration-ms="968" started-at="2019-05-08T23:08:18Z" finished-at="2019-05-08T23:08:19Z">
          <reporter-output>
          </reporter-output>
        </test-method> <!-- closebrowser -->
        <test-method status="PASS" signature="setupBeforeTest()[pri:0, instance:com.gurukula.AutomationTestgurkula.LTC_02_UserRegistration_Test@13fee20c]" name="setupBeforeTest" is-config="true" duration-ms="5444" started-at="2019-05-08T23:08:19Z" finished-at="2019-05-08T23:08:24Z">
          <reporter-output>
          </reporter-output>
        </test-method> <!-- setupBeforeTest -->
        <test-method status="PASS" signature="PTC_RM_01_to_RM16_Verify_User_registarion_with_differentinputcombinations(java.lang.String, java.lang.String, java.lang.String, java.lang.String, java.lang.String, java.lang.String)[pri:0, instance:com.gurukula.AutomationTestgurkula.LTC_02_UserRegistration_Test@13fee20c]" name="PTC_RM_01_to_RM16_Verify_User_registarion_with_differentinputcombinations" duration-ms="3073" started-at="2019-05-08T23:08:24Z" data-provider="userRegistrationdetails" finished-at="2019-05-08T23:08:27Z">
          <params>
            <param index="0">
              <value>
                <![CDATA[ggggggggggggggggggggggggggggggggggggggggggggggggggg]]>
              </value>
            </param>
            <param index="1">
              <value>
                <![CDATA[gopisrikanth1@gmail.com]]>
              </value>
            </param>
            <param index="2">
              <value>
                <![CDATA[May@2019]]>
              </value>
            </param>
            <param index="3">
              <value>
                <![CDATA[october@2019]]>
              </value>
            </param>
            <param index="4">
              <value>
                <![CDATA[Your login cannot be longer than 50 characters.]]>
              </value>
            </param>
            <param index="5">
              <value>
                <![CDATA[flagY]]>
              </value>
            </param>
          </params>
          <reporter-output>
          </reporter-output>
        </test-method> <!-- PTC_RM_01_to_RM16_Verify_User_registarion_with_differentinputcombinations -->
        <test-method status="PASS" signature="closebrowser()[pri:0, instance:com.gurukula.AutomationTestgurkula.LTC_02_UserRegistration_Test@13fee20c]" name="closebrowser" is-config="true" duration-ms="1255" started-at="2019-05-08T23:08:27Z" finished-at="2019-05-08T23:08:28Z">
          <reporter-output>
          </reporter-output>
        </test-method> <!-- closebrowser -->
        <test-method status="PASS" signature="setupBeforeTest()[pri:0, instance:com.gurukula.AutomationTestgurkula.LTC_02_UserRegistration_Test@13fee20c]" name="setupBeforeTest" is-config="true" duration-ms="5772" started-at="2019-05-08T23:08:28Z" finished-at="2019-05-08T23:08:34Z">
          <reporter-output>
          </reporter-output>
        </test-method> <!-- setupBeforeTest -->
        <test-method status="PASS" signature="PTC_RM_01_to_RM16_Verify_User_registarion_with_differentinputcombinations(java.lang.String, java.lang.String, java.lang.String, java.lang.String, java.lang.String, java.lang.String)[pri:0, instance:com.gurukula.AutomationTestgurkula.LTC_02_UserRegistration_Test@13fee20c]" name="PTC_RM_01_to_RM16_Verify_User_registarion_with_differentinputcombinations" duration-ms="2448" started-at="2019-05-08T23:08:34Z" data-provider="userRegistrationdetails" finished-at="2019-05-08T23:08:37Z">
          <params>
            <param index="0">
              <value>
                <![CDATA[gopisrikanth348]]>
              </value>
            </param>
            <param index="1">
              <value>
                <![CDATA[gopisrikanthkosuru@gmail.com]]>
              </value>
            </param>
            <param index="2">
              <value>
                <![CDATA[12]]>
              </value>
            </param>
            <param index="3">
              <value>
                <![CDATA[october@2019]]>
              </value>
            </param>
            <param index="4">
              <value>
                <![CDATA[Your password is required to be at least 5 characters.]]>
              </value>
            </param>
            <param index="5">
              <value>
                <![CDATA[flagY]]>
              </value>
            </param>
          </params>
          <reporter-output>
          </reporter-output>
        </test-method> <!-- PTC_RM_01_to_RM16_Verify_User_registarion_with_differentinputcombinations -->
        <test-method status="PASS" signature="closebrowser()[pri:0, instance:com.gurukula.AutomationTestgurkula.LTC_02_UserRegistration_Test@13fee20c]" name="closebrowser" is-config="true" duration-ms="936" started-at="2019-05-08T23:08:37Z" finished-at="2019-05-08T23:08:38Z">
          <reporter-output>
          </reporter-output>
        </test-method> <!-- closebrowser -->
        <test-method status="PASS" signature="setupBeforeTest()[pri:0, instance:com.gurukula.AutomationTestgurkula.LTC_02_UserRegistration_Test@13fee20c]" name="setupBeforeTest" is-config="true" duration-ms="5774" started-at="2019-05-08T23:08:38Z" finished-at="2019-05-08T23:08:43Z">
          <reporter-output>
          </reporter-output>
        </test-method> <!-- setupBeforeTest -->
        <test-method status="PASS" signature="PTC_RM_01_to_RM16_Verify_User_registarion_with_differentinputcombinations(java.lang.String, java.lang.String, java.lang.String, java.lang.String, java.lang.String, java.lang.String)[pri:0, instance:com.gurukula.AutomationTestgurkula.LTC_02_UserRegistration_Test@13fee20c]" name="PTC_RM_01_to_RM16_Verify_User_registarion_with_differentinputcombinations" duration-ms="3172" started-at="2019-05-08T23:08:43Z" data-provider="userRegistrationdetails" finished-at="2019-05-08T23:08:47Z">
          <params>
            <param index="0">
              <value>
                <![CDATA[gopisrikanth348]]>
              </value>
            </param>
            <param index="1">
              <value>
                <![CDATA[gopisrikanthkosuru@gmail.com]]>
              </value>
            </param>
            <param index="2">
              <value>
                <![CDATA[ggggggggggggggggggggggggggggggggggggggggggggggggggg]]>
              </value>
            </param>
            <param index="3">
              <value>
                <![CDATA[october@2019]]>
              </value>
            </param>
            <param index="4">
              <value>
                <![CDATA[Your password cannot be longer than 50 characters.]]>
              </value>
            </param>
            <param index="5">
              <value>
                <![CDATA[flagY]]>
              </value>
            </param>
          </params>
          <reporter-output>
          </reporter-output>
        </test-method> <!-- PTC_RM_01_to_RM16_Verify_User_registarion_with_differentinputcombinations -->
        <test-method status="PASS" signature="closebrowser()[pri:0, instance:com.gurukula.AutomationTestgurkula.LTC_02_UserRegistration_Test@13fee20c]" name="closebrowser" is-config="true" duration-ms="875" started-at="2019-05-08T23:08:47Z" finished-at="2019-05-08T23:08:47Z">
          <reporter-output>
          </reporter-output>
        </test-method> <!-- closebrowser -->
        <test-method status="PASS" signature="setupBeforeTest()[pri:0, instance:com.gurukula.AutomationTestgurkula.LTC_02_UserRegistration_Test@13fee20c]" name="setupBeforeTest" is-config="true" duration-ms="5267" started-at="2019-05-08T23:08:47Z" finished-at="2019-05-08T23:08:53Z">
          <reporter-output>
          </reporter-output>
        </test-method> <!-- setupBeforeTest -->
        <test-method status="PASS" signature="PTC_RM_01_to_RM16_Verify_User_registarion_with_differentinputcombinations(java.lang.String, java.lang.String, java.lang.String, java.lang.String, java.lang.String, java.lang.String)[pri:0, instance:com.gurukula.AutomationTestgurkula.LTC_02_UserRegistration_Test@13fee20c]" name="PTC_RM_01_to_RM16_Verify_User_registarion_with_differentinputcombinations" duration-ms="2125" started-at="2019-05-08T23:08:53Z" data-provider="userRegistrationdetails" finished-at="2019-05-08T23:08:55Z">
          <params>
            <param index="0">
              <value>
                <![CDATA[gopisrikanth348]]>
              </value>
            </param>
            <param index="1">
              <value>
                <![CDATA[gopisrikanthkosuru@gmail.com]]>
              </value>
            </param>
            <param index="2">
              <value>
                <![CDATA[october@2019]]>
              </value>
            </param>
            <param index="3">
              <value>
                <![CDATA[12]]>
              </value>
            </param>
            <param index="4">
              <value>
                <![CDATA[Your confirmation password is required to be at least 5 characters.]]>
              </value>
            </param>
            <param index="5">
              <value>
                <![CDATA[flagY]]>
              </value>
            </param>
          </params>
          <reporter-output>
          </reporter-output>
        </test-method> <!-- PTC_RM_01_to_RM16_Verify_User_registarion_with_differentinputcombinations -->
        <test-method status="PASS" signature="closebrowser()[pri:0, instance:com.gurukula.AutomationTestgurkula.LTC_02_UserRegistration_Test@13fee20c]" name="closebrowser" is-config="true" duration-ms="875" started-at="2019-05-08T23:08:55Z" finished-at="2019-05-08T23:08:56Z">
          <reporter-output>
          </reporter-output>
        </test-method> <!-- closebrowser -->
        <test-method status="PASS" signature="setupBeforeTest()[pri:0, instance:com.gurukula.AutomationTestgurkula.LTC_02_UserRegistration_Test@13fee20c]" name="setupBeforeTest" is-config="true" duration-ms="5376" started-at="2019-05-08T23:08:56Z" finished-at="2019-05-08T23:09:01Z">
          <reporter-output>
          </reporter-output>
        </test-method> <!-- setupBeforeTest -->
        <test-method status="PASS" signature="PTC_RM_01_to_RM16_Verify_User_registarion_with_differentinputcombinations(java.lang.String, java.lang.String, java.lang.String, java.lang.String, java.lang.String, java.lang.String)[pri:0, instance:com.gurukula.AutomationTestgurkula.LTC_02_UserRegistration_Test@13fee20c]" name="PTC_RM_01_to_RM16_Verify_User_registarion_with_differentinputcombinations" duration-ms="2975" started-at="2019-05-08T23:09:01Z" data-provider="userRegistrationdetails" finished-at="2019-05-08T23:09:04Z">
          <params>
            <param index="0">
              <value>
                <![CDATA[gopisrikanth348]]>
              </value>
            </param>
            <param index="1">
              <value>
                <![CDATA[gopisrikanthkosuru@gmail.com]]>
              </value>
            </param>
            <param index="2">
              <value>
                <![CDATA[october@2019]]>
              </value>
            </param>
            <param index="3">
              <value>
                <![CDATA[ggggggggggggggggggggggggggggggggggggggggggggggggggg]]>
              </value>
            </param>
            <param index="4">
              <value>
                <![CDATA[Your confirmation password cannot be longer than 50 characters.]]>
              </value>
            </param>
            <param index="5">
              <value>
                <![CDATA[flagY]]>
              </value>
            </param>
          </params>
          <reporter-output>
          </reporter-output>
        </test-method> <!-- PTC_RM_01_to_RM16_Verify_User_registarion_with_differentinputcombinations -->
        <test-method status="PASS" signature="closebrowser()[pri:0, instance:com.gurukula.AutomationTestgurkula.LTC_02_UserRegistration_Test@13fee20c]" name="closebrowser" is-config="true" duration-ms="872" started-at="2019-05-08T23:09:04Z" finished-at="2019-05-08T23:09:05Z">
          <reporter-output>
          </reporter-output>
        </test-method> <!-- closebrowser -->
        <test-method status="PASS" signature="setupBeforeTest()[pri:0, instance:com.gurukula.AutomationTestgurkula.LTC_02_UserRegistration_Test@13fee20c]" name="setupBeforeTest" is-config="true" duration-ms="5469" started-at="2019-05-08T23:09:05Z" finished-at="2019-05-08T23:09:10Z">
          <reporter-output>
          </reporter-output>
        </test-method> <!-- setupBeforeTest -->
        <test-method status="PASS" signature="PTC_RM_01_to_RM16_Verify_User_registarion_with_differentinputcombinations(java.lang.String, java.lang.String, java.lang.String, java.lang.String, java.lang.String, java.lang.String)[pri:0, instance:com.gurukula.AutomationTestgurkula.LTC_02_UserRegistration_Test@13fee20c]" name="PTC_RM_01_to_RM16_Verify_User_registarion_with_differentinputcombinations" duration-ms="2101" started-at="2019-05-08T23:09:10Z" data-provider="userRegistrationdetails" finished-at="2019-05-08T23:09:12Z">
          <params>
            <param index="0">
              <value>
                <![CDATA[gopisrikanth348]]>
              </value>
            </param>
            <param index="1">
              <value>
                <![CDATA[gopisrikanthkosuru@gmail.com]]>
              </value>
            </param>
            <param index="2">
              <value>
                <![CDATA[october@2019]]>
              </value>
            </param>
            <param index="3">
              <value>
                <![CDATA[]]>
              </value>
            </param>
            <param index="4">
              <value>
                <![CDATA[Your confirmation password is required.]]>
              </value>
            </param>
            <param index="5">
              <value>
                <![CDATA[flagY]]>
              </value>
            </param>
          </params>
          <reporter-output>
          </reporter-output>
        </test-method> <!-- PTC_RM_01_to_RM16_Verify_User_registarion_with_differentinputcombinations -->
        <test-method status="PASS" signature="closebrowser()[pri:0, instance:com.gurukula.AutomationTestgurkula.LTC_02_UserRegistration_Test@13fee20c]" name="closebrowser" is-config="true" duration-ms="843" started-at="2019-05-08T23:09:12Z" finished-at="2019-05-08T23:09:13Z">
          <reporter-output>
          </reporter-output>
        </test-method> <!-- closebrowser -->
        <test-method status="PASS" signature="setupBeforeTest()[pri:0, instance:com.gurukula.AutomationTestgurkula.LTC_02_UserRegistration_Test@13fee20c]" name="setupBeforeTest" is-config="true" duration-ms="5425" started-at="2019-05-08T23:09:13Z" finished-at="2019-05-08T23:09:19Z">
          <reporter-output>
          </reporter-output>
        </test-method> <!-- setupBeforeTest -->
        <test-method status="PASS" signature="PTC_RM_01_to_RM16_Verify_User_registarion_with_differentinputcombinations(java.lang.String, java.lang.String, java.lang.String, java.lang.String, java.lang.String, java.lang.String)[pri:0, instance:com.gurukula.AutomationTestgurkula.LTC_02_UserRegistration_Test@13fee20c]" name="PTC_RM_01_to_RM16_Verify_User_registarion_with_differentinputcombinations" duration-ms="2549" started-at="2019-05-08T23:09:19Z" data-provider="userRegistrationdetails" finished-at="2019-05-08T23:09:21Z">
          <params>
            <param index="0">
              <value>
                <![CDATA[gopisrikanth348]]>
              </value>
            </param>
            <param index="1">
              <value>
                <![CDATA[gopisrikanthkosuru@gmail.com]]>
              </value>
            </param>
            <param index="2">
              <value>
                <![CDATA[]]>
              </value>
            </param>
            <param index="3">
              <value>
                <![CDATA[october@2019]]>
              </value>
            </param>
            <param index="4">
              <value>
                <![CDATA[Your password is required.]]>
              </value>
            </param>
            <param index="5">
              <value>
                <![CDATA[flagY]]>
              </value>
            </param>
          </params>
          <reporter-output>
          </reporter-output>
        </test-method> <!-- PTC_RM_01_to_RM16_Verify_User_registarion_with_differentinputcombinations -->
        <test-method status="PASS" signature="closebrowser()[pri:0, instance:com.gurukula.AutomationTestgurkula.LTC_02_UserRegistration_Test@13fee20c]" name="closebrowser" is-config="true" duration-ms="891" started-at="2019-05-08T23:09:21Z" finished-at="2019-05-08T23:09:22Z">
          <reporter-output>
          </reporter-output>
        </test-method> <!-- closebrowser -->
        <test-method status="PASS" signature="setupBeforeTest()[pri:0, instance:com.gurukula.AutomationTestgurkula.LTC_02_UserRegistration_Test@13fee20c]" name="setupBeforeTest" is-config="true" duration-ms="5104" started-at="2019-05-08T23:09:22Z" finished-at="2019-05-08T23:09:27Z">
          <reporter-output>
          </reporter-output>
        </test-method> <!-- setupBeforeTest -->
        <test-method status="PASS" signature="PTC_RM_01_to_RM16_Verify_User_registarion_with_differentinputcombinations(java.lang.String, java.lang.String, java.lang.String, java.lang.String, java.lang.String, java.lang.String)[pri:0, instance:com.gurukula.AutomationTestgurkula.LTC_02_UserRegistration_Test@13fee20c]" name="PTC_RM_01_to_RM16_Verify_User_registarion_with_differentinputcombinations" duration-ms="2090" started-at="2019-05-08T23:09:27Z" data-provider="userRegistrationdetails" finished-at="2019-05-08T23:09:29Z">
          <params>
            <param index="0">
              <value>
                <![CDATA[gopisrikanth348]]>
              </value>
            </param>
            <param index="1">
              <value>
                <![CDATA[]]>
              </value>
            </param>
            <param index="2">
              <value>
                <![CDATA[october@2019]]>
              </value>
            </param>
            <param index="3">
              <value>
                <![CDATA[october@2019]]>
              </value>
            </param>
            <param index="4">
              <value>
                <![CDATA[Your e-mail is required.]]>
              </value>
            </param>
            <param index="5">
              <value>
                <![CDATA[flagY]]>
              </value>
            </param>
          </params>
          <reporter-output>
          </reporter-output>
        </test-method> <!-- PTC_RM_01_to_RM16_Verify_User_registarion_with_differentinputcombinations -->
        <test-method status="PASS" signature="closebrowser()[pri:0, instance:com.gurukula.AutomationTestgurkula.LTC_02_UserRegistration_Test@13fee20c]" name="closebrowser" is-config="true" duration-ms="843" started-at="2019-05-08T23:09:29Z" finished-at="2019-05-08T23:09:30Z">
          <reporter-output>
          </reporter-output>
        </test-method> <!-- closebrowser -->
        <test-method status="PASS" signature="setupBeforeTest()[pri:0, instance:com.gurukula.AutomationTestgurkula.LTC_02_UserRegistration_Test@13fee20c]" name="setupBeforeTest" is-config="true" duration-ms="7268" started-at="2019-05-08T23:09:30Z" finished-at="2019-05-08T23:09:37Z">
          <reporter-output>
          </reporter-output>
        </test-method> <!-- setupBeforeTest -->
        <test-method status="PASS" signature="PTC_RM_01_to_RM16_Verify_User_registarion_with_differentinputcombinations(java.lang.String, java.lang.String, java.lang.String, java.lang.String, java.lang.String, java.lang.String)[pri:0, instance:com.gurukula.AutomationTestgurkula.LTC_02_UserRegistration_Test@13fee20c]" name="PTC_RM_01_to_RM16_Verify_User_registarion_with_differentinputcombinations" duration-ms="2268" started-at="2019-05-08T23:09:37Z" data-provider="userRegistrationdetails" finished-at="2019-05-08T23:09:40Z">
          <params>
            <param index="0">
              <value>
                <![CDATA[]]>
              </value>
            </param>
            <param index="1">
              <value>
                <![CDATA[gopisrikanthkosuru@gmail.com]]>
              </value>
            </param>
            <param index="2">
              <value>
                <![CDATA[october@2019]]>
              </value>
            </param>
            <param index="3">
              <value>
                <![CDATA[october@2019]]>
              </value>
            </param>
            <param index="4">
              <value>
                <![CDATA[Your login is required.]]>
              </value>
            </param>
            <param index="5">
              <value>
                <![CDATA[flagY]]>
              </value>
            </param>
          </params>
          <reporter-output>
          </reporter-output>
        </test-method> <!-- PTC_RM_01_to_RM16_Verify_User_registarion_with_differentinputcombinations -->
        <test-method status="PASS" signature="closebrowser()[pri:0, instance:com.gurukula.AutomationTestgurkula.LTC_02_UserRegistration_Test@13fee20c]" name="closebrowser" is-config="true" duration-ms="859" started-at="2019-05-08T23:09:40Z" finished-at="2019-05-08T23:09:41Z">
          <reporter-output>
          </reporter-output>
        </test-method> <!-- closebrowser -->
      </class> <!-- com.gurukula.AutomationTestgurkula.LTC_02_UserRegistration_Test -->
      <class name="com.gurukula.AutomationTestgurkula.LTC_05_StaffManagement_Test">
        <test-method status="PASS" signature="setupBeforeTest(java.lang.String, java.lang.String, java.lang.String)[pri:0, instance:com.gurukula.AutomationTestgurkula.LTC_05_StaffManagement_Test@3b81a1bc]" name="setupBeforeTest" is-config="true" duration-ms="11289" started-at="2019-05-08T23:16:17Z" finished-at="2019-05-08T23:16:29Z">
          <params>
            <param index="0">
              <value>
                <![CDATA[admin]]>
              </value>
            </param>
            <param index="1">
              <value>
                <![CDATA[admin]]>
              </value>
            </param>
            <param index="2">
              <value>
                <![CDATA[You are logged in as user ]]>
              </value>
            </param>
          </params>
          <reporter-output>
          </reporter-output>
        </test-method> <!-- setupBeforeTest -->
        <test-method status="FAIL" signature="PTC_SM_001_Verify_StaffCreation(java.lang.String, java.lang.String)[pri:0, instance:com.gurukula.AutomationTestgurkula.LTC_05_StaffManagement_Test@3b81a1bc]" name="PTC_SM_001_Verify_StaffCreation" duration-ms="27073" started-at="2019-05-08T23:16:29Z" data-provider="createStaffvalidData" finished-at="2019-05-08T23:16:56Z">
          <params>
            <param index="0">
              <value>
                <![CDATA[srikanth]]>
              </value>
            </param>
            <param index="1">
              <value>
                <![CDATA[CIVILENG]]>
              </value>
            </param>
          </params>
          <exception class="java.lang.AssertionError">
            <message>
              <![CDATA[Staff creation is not succesfull expected [true] but found [false]]]>
            </message>
            <full-stacktrace>
              <![CDATA[java.lang.AssertionError: Staff creation is not succesfull expected [true] but found [false]
	at org.testng.Assert.fail(Assert.java:94)
	at org.testng.Assert.failNotEquals(Assert.java:494)
	at org.testng.Assert.assertTrue(Assert.java:42)
	at com.gurukula.AutomationTestgurkula.LTC_05_StaffManagement_Test.PTC_SM_001_Verify_StaffCreation(LTC_05_StaffManagement_Test.java:48)
	at sun.reflect.NativeMethodAccessorImpl.invoke0(Native Method)
	at sun.reflect.NativeMethodAccessorImpl.invoke(NativeMethodAccessorImpl.java:62)
	at sun.reflect.DelegatingMethodAccessorImpl.invoke(DelegatingMethodAccessorImpl.java:43)
	at java.lang.reflect.Method.invoke(Method.java:498)
	at org.testng.internal.MethodInvocationHelper.invokeMethod(MethodInvocationHelper.java:80)
	at org.testng.internal.Invoker.invokeMethod(Invoker.java:714)
	at org.testng.internal.Invoker.invokeTestMethod(Invoker.java:901)
	at org.testng.internal.Invoker.invokeTestMethods(Invoker.java:1231)
	at org.testng.internal.TestMethodWorker.invokeTestMethods(TestMethodWorker.java:127)
	at org.testng.internal.TestMethodWorker.run(TestMethodWorker.java:111)
	at org.testng.TestRunner.privateRun(TestRunner.java:767)
	at org.testng.TestRunner.run(TestRunner.java:617)
	at org.testng.SuiteRunner.runTest(SuiteRunner.java:334)
	at org.testng.SuiteRunner.runSequentially(SuiteRunner.java:329)
	at org.testng.SuiteRunner.privateRun(SuiteRunner.java:291)
	at org.testng.SuiteRunner.run(SuiteRunner.java:240)
	at org.testng.SuiteRunnerWorker.runSuite(SuiteRunnerWorker.java:52)
	at org.testng.SuiteRunnerWorker.run(SuiteRunnerWorker.java:86)
	at org.testng.TestNG.runSuitesSequentially(TestNG.java:1198)
	at org.testng.TestNG.runSuitesLocally(TestNG.java:1123)
	at org.testng.TestNG.run(TestNG.java:1031)
	at org.apache.maven.surefire.testng.TestNGExecutor.run(TestNGExecutor.java:178)
	at org.apache.maven.surefire.testng.TestNGXmlTestSuite.execute(TestNGXmlTestSuite.java:92)
	at org.apache.maven.surefire.testng.TestNGProvider.invoke(TestNGProvider.java:96)
	at sun.reflect.NativeMethodAccessorImpl.invoke0(Native Method)
	at sun.reflect.NativeMethodAccessorImpl.invoke(NativeMethodAccessorImpl.java:62)
	at sun.reflect.DelegatingMethodAccessorImpl.invoke(DelegatingMethodAccessorImpl.java:43)
	at java.lang.reflect.Method.invoke(Method.java:498)
	at org.apache.maven.surefire.util.ReflectionUtils.invokeMethodWithArray2(ReflectionUtils.java:208)
	at org.apache.maven.surefire.booter.ProviderFactory$ProviderProxy.invoke(ProviderFactory.java:159)
	at org.apache.maven.surefire.booter.ProviderFactory.invokeProvider(ProviderFactory.java:87)
	at org.apache.maven.surefire.booter.ForkedBooter.runSuitesInProcess(ForkedBooter.java:153)
	at org.apache.maven.surefire.booter.ForkedBooter.main(ForkedBooter.java:95)
]]>
            </full-stacktrace>
          </exception> <!-- java.lang.AssertionError -->
          <reporter-output>
          </reporter-output>
        </test-method> <!-- PTC_SM_001_Verify_StaffCreation -->
        <test-method status="PASS" signature="closebrowser()[pri:0, instance:com.gurukula.AutomationTestgurkula.LTC_05_StaffManagement_Test@3b81a1bc]" name="closebrowser" is-config="true" duration-ms="1094" started-at="2019-05-08T23:16:56Z" finished-at="2019-05-08T23:16:57Z">
          <reporter-output>
          </reporter-output>
        </test-method> <!-- closebrowser -->
        <test-method status="PASS" signature="setupBeforeTest(java.lang.String, java.lang.String, java.lang.String)[pri:0, instance:com.gurukula.AutomationTestgurkula.LTC_05_StaffManagement_Test@3b81a1bc]" name="setupBeforeTest" is-config="true" duration-ms="12961" started-at="2019-05-08T23:16:57Z" finished-at="2019-05-08T23:17:10Z">
          <params>
            <param index="0">
              <value>
                <![CDATA[admin]]>
              </value>
            </param>
            <param index="1">
              <value>
                <![CDATA[admin]]>
              </value>
            </param>
            <param index="2">
              <value>
                <![CDATA[You are logged in as user ]]>
              </value>
            </param>
          </params>
          <reporter-output>
          </reporter-output>
        </test-method> <!-- setupBeforeTest -->
        <test-method status="FAIL" signature="PTC_SM_001_Verify_StaffCreation(java.lang.String, java.lang.String)[pri:0, instance:com.gurukula.AutomationTestgurkula.LTC_05_StaffManagement_Test@3b81a1bc]" name="PTC_SM_001_Verify_StaffCreation" duration-ms="26857" started-at="2019-05-08T23:17:10Z" data-provider="createStaffvalidData" finished-at="2019-05-08T23:17:36Z">
          <params>
            <param index="0">
              <value>
                <![CDATA[gopi]]>
              </value>
            </param>
            <param index="1">
              <value>
                <![CDATA[CIVILENG]]>
              </value>
            </param>
          </params>
          <exception class="java.lang.AssertionError">
            <message>
              <![CDATA[Staff creation is not succesfull expected [true] but found [false]]]>
            </message>
            <full-stacktrace>
              <![CDATA[java.lang.AssertionError: Staff creation is not succesfull expected [true] but found [false]
	at org.testng.Assert.fail(Assert.java:94)
	at org.testng.Assert.failNotEquals(Assert.java:494)
	at org.testng.Assert.assertTrue(Assert.java:42)
	at com.gurukula.AutomationTestgurkula.LTC_05_StaffManagement_Test.PTC_SM_001_Verify_StaffCreation(LTC_05_StaffManagement_Test.java:48)
	at sun.reflect.NativeMethodAccessorImpl.invoke0(Native Method)
	at sun.reflect.NativeMethodAccessorImpl.invoke(NativeMethodAccessorImpl.java:62)
	at sun.reflect.DelegatingMethodAccessorImpl.invoke(DelegatingMethodAccessorImpl.java:43)
	at java.lang.reflect.Method.invoke(Method.java:498)
	at org.testng.internal.MethodInvocationHelper.invokeMethod(MethodInvocationHelper.java:80)
	at org.testng.internal.Invoker.invokeMethod(Invoker.java:714)
	at org.testng.internal.Invoker.invokeTestMethod(Invoker.java:901)
	at org.testng.internal.Invoker.invokeTestMethods(Invoker.java:1231)
	at org.testng.internal.TestMethodWorker.invokeTestMethods(TestMethodWorker.java:127)
	at org.testng.internal.TestMethodWorker.run(TestMethodWorker.java:111)
	at org.testng.TestRunner.privateRun(TestRunner.java:767)
	at org.testng.TestRunner.run(TestRunner.java:617)
	at org.testng.SuiteRunner.runTest(SuiteRunner.java:334)
	at org.testng.SuiteRunner.runSequentially(SuiteRunner.java:329)
	at org.testng.SuiteRunner.privateRun(SuiteRunner.java:291)
	at org.testng.SuiteRunner.run(SuiteRunner.java:240)
	at org.testng.SuiteRunnerWorker.runSuite(SuiteRunnerWorker.java:52)
	at org.testng.SuiteRunnerWorker.run(SuiteRunnerWorker.java:86)
	at org.testng.TestNG.runSuitesSequentially(TestNG.java:1198)
	at org.testng.TestNG.runSuitesLocally(TestNG.java:1123)
	at org.testng.TestNG.run(TestNG.java:1031)
	at org.apache.maven.surefire.testng.TestNGExecutor.run(TestNGExecutor.java:178)
	at org.apache.maven.surefire.testng.TestNGXmlTestSuite.execute(TestNGXmlTestSuite.java:92)
	at org.apache.maven.surefire.testng.TestNGProvider.invoke(TestNGProvider.java:96)
	at sun.reflect.NativeMethodAccessorImpl.invoke0(Native Method)
	at sun.reflect.NativeMethodAccessorImpl.invoke(NativeMethodAccessorImpl.java:62)
	at sun.reflect.DelegatingMethodAccessorImpl.invoke(DelegatingMethodAccessorImpl.java:43)
	at java.lang.reflect.Method.invoke(Method.java:498)
	at org.apache.maven.surefire.util.ReflectionUtils.invokeMethodWithArray2(ReflectionUtils.java:208)
	at org.apache.maven.surefire.booter.ProviderFactory$ProviderProxy.invoke(ProviderFactory.java:159)
	at org.apache.maven.surefire.booter.ProviderFactory.invokeProvider(ProviderFactory.java:87)
	at org.apache.maven.surefire.booter.ForkedBooter.runSuitesInProcess(ForkedBooter.java:153)
	at org.apache.maven.surefire.booter.ForkedBooter.main(ForkedBooter.java:95)
]]>
            </full-stacktrace>
          </exception> <!-- java.lang.AssertionError -->
          <reporter-output>
          </reporter-output>
        </test-method> <!-- PTC_SM_001_Verify_StaffCreation -->
        <test-method status="PASS" signature="closebrowser()[pri:0, instance:com.gurukula.AutomationTestgurkula.LTC_05_StaffManagement_Test@3b81a1bc]" name="closebrowser" is-config="true" duration-ms="890" started-at="2019-05-08T23:17:36Z" finished-at="2019-05-08T23:17:37Z">
          <reporter-output>
          </reporter-output>
        </test-method> <!-- closebrowser -->
        <test-method status="PASS" signature="setupBeforeTest(java.lang.String, java.lang.String, java.lang.String)[pri:0, instance:com.gurukula.AutomationTestgurkula.LTC_05_StaffManagement_Test@3b81a1bc]" name="setupBeforeTest" is-config="true" duration-ms="12030" started-at="2019-05-08T23:17:37Z" finished-at="2019-05-08T23:17:49Z">
          <params>
            <param index="0">
              <value>
                <![CDATA[admin]]>
              </value>
            </param>
            <param index="1">
              <value>
                <![CDATA[admin]]>
              </value>
            </param>
            <param index="2">
              <value>
                <![CDATA[You are logged in as user ]]>
              </value>
            </param>
          </params>
          <reporter-output>
          </reporter-output>
        </test-method> <!-- setupBeforeTest -->
        <test-method status="FAIL" signature="PTC_SM_001_Verify_StaffCreation(java.lang.String, java.lang.String)[pri:0, instance:com.gurukula.AutomationTestgurkula.LTC_05_StaffManagement_Test@3b81a1bc]" name="PTC_SM_001_Verify_StaffCreation" duration-ms="27300" started-at="2019-05-08T23:17:49Z" data-provider="createStaffvalidData" finished-at="2019-05-08T23:18:17Z">
          <params>
            <param index="0">
              <value>
                <![CDATA[kosuru]]>
              </value>
            </param>
            <param index="1">
              <value>
                <![CDATA[CIVILENG]]>
              </value>
            </param>
          </params>
          <exception class="java.lang.AssertionError">
            <message>
              <![CDATA[Staff creation is not succesfull expected [true] but found [false]]]>
            </message>
            <full-stacktrace>
              <![CDATA[java.lang.AssertionError: Staff creation is not succesfull expected [true] but found [false]
	at org.testng.Assert.fail(Assert.java:94)
	at org.testng.Assert.failNotEquals(Assert.java:494)
	at org.testng.Assert.assertTrue(Assert.java:42)
	at com.gurukula.AutomationTestgurkula.LTC_05_StaffManagement_Test.PTC_SM_001_Verify_StaffCreation(LTC_05_StaffManagement_Test.java:48)
	at sun.reflect.NativeMethodAccessorImpl.invoke0(Native Method)
	at sun.reflect.NativeMethodAccessorImpl.invoke(NativeMethodAccessorImpl.java:62)
	at sun.reflect.DelegatingMethodAccessorImpl.invoke(DelegatingMethodAccessorImpl.java:43)
	at java.lang.reflect.Method.invoke(Method.java:498)
	at org.testng.internal.MethodInvocationHelper.invokeMethod(MethodInvocationHelper.java:80)
	at org.testng.internal.Invoker.invokeMethod(Invoker.java:714)
	at org.testng.internal.Invoker.invokeTestMethod(Invoker.java:901)
	at org.testng.internal.Invoker.invokeTestMethods(Invoker.java:1231)
	at org.testng.internal.TestMethodWorker.invokeTestMethods(TestMethodWorker.java:127)
	at org.testng.internal.TestMethodWorker.run(TestMethodWorker.java:111)
	at org.testng.TestRunner.privateRun(TestRunner.java:767)
	at org.testng.TestRunner.run(TestRunner.java:617)
	at org.testng.SuiteRunner.runTest(SuiteRunner.java:334)
	at org.testng.SuiteRunner.runSequentially(SuiteRunner.java:329)
	at org.testng.SuiteRunner.privateRun(SuiteRunner.java:291)
	at org.testng.SuiteRunner.run(SuiteRunner.java:240)
	at org.testng.SuiteRunnerWorker.runSuite(SuiteRunnerWorker.java:52)
	at org.testng.SuiteRunnerWorker.run(SuiteRunnerWorker.java:86)
	at org.testng.TestNG.runSuitesSequentially(TestNG.java:1198)
	at org.testng.TestNG.runSuitesLocally(TestNG.java:1123)
	at org.testng.TestNG.run(TestNG.java:1031)
	at org.apache.maven.surefire.testng.TestNGExecutor.run(TestNGExecutor.java:178)
	at org.apache.maven.surefire.testng.TestNGXmlTestSuite.execute(TestNGXmlTestSuite.java:92)
	at org.apache.maven.surefire.testng.TestNGProvider.invoke(TestNGProvider.java:96)
	at sun.reflect.NativeMethodAccessorImpl.invoke0(Native Method)
	at sun.reflect.NativeMethodAccessorImpl.invoke(NativeMethodAccessorImpl.java:62)
	at sun.reflect.DelegatingMethodAccessorImpl.invoke(DelegatingMethodAccessorImpl.java:43)
	at java.lang.reflect.Method.invoke(Method.java:498)
	at org.apache.maven.surefire.util.ReflectionUtils.invokeMethodWithArray2(ReflectionUtils.java:208)
	at org.apache.maven.surefire.booter.ProviderFactory$ProviderProxy.invoke(ProviderFactory.java:159)
	at org.apache.maven.surefire.booter.ProviderFactory.invokeProvider(ProviderFactory.java:87)
	at org.apache.maven.surefire.booter.ForkedBooter.runSuitesInProcess(ForkedBooter.java:153)
	at org.apache.maven.surefire.booter.ForkedBooter.main(ForkedBooter.java:95)
]]>
            </full-stacktrace>
          </exception> <!-- java.lang.AssertionError -->
          <reporter-output>
          </reporter-output>
        </test-method> <!-- PTC_SM_001_Verify_StaffCreation -->
        <test-method status="PASS" signature="closebrowser()[pri:0, instance:com.gurukula.AutomationTestgurkula.LTC_05_StaffManagement_Test@3b81a1bc]" name="closebrowser" is-config="true" duration-ms="1037" started-at="2019-05-08T23:18:17Z" finished-at="2019-05-08T23:18:18Z">
          <reporter-output>
          </reporter-output>
        </test-method> <!-- closebrowser -->
        <test-method status="PASS" signature="setupBeforeTest(java.lang.String, java.lang.String, java.lang.String)[pri:0, instance:com.gurukula.AutomationTestgurkula.LTC_05_StaffManagement_Test@3b81a1bc]" name="setupBeforeTest" is-config="true" duration-ms="12841" started-at="2019-05-08T23:18:18Z" finished-at="2019-05-08T23:18:31Z">
          <params>
            <param index="0">
              <value>
                <![CDATA[admin]]>
              </value>
            </param>
            <param index="1">
              <value>
                <![CDATA[admin]]>
              </value>
            </param>
            <param index="2">
              <value>
                <![CDATA[You are logged in as user ]]>
              </value>
            </param>
          </params>
          <reporter-output>
          </reporter-output>
        </test-method> <!-- setupBeforeTest -->
        <test-method status="PASS" signature="PTC_SM_002_Verify_Branch_view_functionality()[pri:0, instance:com.gurukula.AutomationTestgurkula.LTC_05_StaffManagement_Test@3b81a1bc]" name="PTC_SM_002_Verify_Branch_view_functionality" duration-ms="591" started-at="2019-05-08T23:18:31Z" finished-at="2019-05-08T23:18:31Z">
          <reporter-output>
          </reporter-output>
        </test-method> <!-- PTC_SM_002_Verify_Branch_view_functionality -->
        <test-method status="PASS" signature="closebrowser()[pri:0, instance:com.gurukula.AutomationTestgurkula.LTC_05_StaffManagement_Test@3b81a1bc]" name="closebrowser" is-config="true" duration-ms="1259" started-at="2019-05-08T23:18:31Z" finished-at="2019-05-08T23:18:32Z">
          <reporter-output>
          </reporter-output>
        </test-method> <!-- closebrowser -->
        <test-method status="PASS" signature="setupBeforeTest(java.lang.String, java.lang.String, java.lang.String)[pri:0, instance:com.gurukula.AutomationTestgurkula.LTC_05_StaffManagement_Test@3b81a1bc]" name="setupBeforeTest" is-config="true" duration-ms="12300" started-at="2019-05-08T23:18:32Z" finished-at="2019-05-08T23:18:45Z">
          <params>
            <param index="0">
              <value>
                <![CDATA[admin]]>
              </value>
            </param>
            <param index="1">
              <value>
                <![CDATA[admin]]>
              </value>
            </param>
            <param index="2">
              <value>
                <![CDATA[You are logged in as user ]]>
              </value>
            </param>
          </params>
          <reporter-output>
          </reporter-output>
        </test-method> <!-- setupBeforeTest -->
        <test-method status="FAIL" signature="PTC_SM_003_Verify_BranchEditing(java.lang.String, java.lang.String)[pri:0, instance:com.gurukula.AutomationTestgurkula.LTC_05_StaffManagement_Test@3b81a1bc]" name="PTC_SM_003_Verify_BranchEditing" duration-ms="27108" started-at="2019-05-08T23:18:45Z" finished-at="2019-05-08T23:19:12Z">
          <params>
            <param index="0">
              <value>
                <![CDATA[STAFFEDIT]]>
              </value>
            </param>
            <param index="1">
              <value>
                <![CDATA[CIVILENG]]>
              </value>
            </param>
          </params>
          <exception class="java.lang.AssertionError">
            <message>
              <![CDATA[Staff editing is not successfull expected [true] but found [false]]]>
            </message>
            <full-stacktrace>
              <![CDATA[java.lang.AssertionError: Staff editing is not successfull expected [true] but found [false]
	at org.testng.Assert.fail(Assert.java:94)
	at org.testng.Assert.failNotEquals(Assert.java:494)
	at org.testng.Assert.assertTrue(Assert.java:42)
	at com.gurukula.AutomationTestgurkula.LTC_05_StaffManagement_Test.PTC_SM_003_Verify_BranchEditing(LTC_05_StaffManagement_Test.java:61)
	at sun.reflect.NativeMethodAccessorImpl.invoke0(Native Method)
	at sun.reflect.NativeMethodAccessorImpl.invoke(NativeMethodAccessorImpl.java:62)
	at sun.reflect.DelegatingMethodAccessorImpl.invoke(DelegatingMethodAccessorImpl.java:43)
	at java.lang.reflect.Method.invoke(Method.java:498)
	at org.testng.internal.MethodInvocationHelper.invokeMethod(MethodInvocationHelper.java:80)
	at org.testng.internal.Invoker.invokeMethod(Invoker.java:714)
	at org.testng.internal.Invoker.invokeTestMethod(Invoker.java:901)
	at org.testng.internal.Invoker.invokeTestMethods(Invoker.java:1231)
	at org.testng.internal.TestMethodWorker.invokeTestMethods(TestMethodWorker.java:127)
	at org.testng.internal.TestMethodWorker.run(TestMethodWorker.java:111)
	at org.testng.TestRunner.privateRun(TestRunner.java:767)
	at org.testng.TestRunner.run(TestRunner.java:617)
	at org.testng.SuiteRunner.runTest(SuiteRunner.java:334)
	at org.testng.SuiteRunner.runSequentially(SuiteRunner.java:329)
	at org.testng.SuiteRunner.privateRun(SuiteRunner.java:291)
	at org.testng.SuiteRunner.run(SuiteRunner.java:240)
	at org.testng.SuiteRunnerWorker.runSuite(SuiteRunnerWorker.java:52)
	at org.testng.SuiteRunnerWorker.run(SuiteRunnerWorker.java:86)
	at org.testng.TestNG.runSuitesSequentially(TestNG.java:1198)
	at org.testng.TestNG.runSuitesLocally(TestNG.java:1123)
	at org.testng.TestNG.run(TestNG.java:1031)
	at org.apache.maven.surefire.testng.TestNGExecutor.run(TestNGExecutor.java:178)
	at org.apache.maven.surefire.testng.TestNGXmlTestSuite.execute(TestNGXmlTestSuite.java:92)
	at org.apache.maven.surefire.testng.TestNGProvider.invoke(TestNGProvider.java:96)
	at sun.reflect.NativeMethodAccessorImpl.invoke0(Native Method)
	at sun.reflect.NativeMethodAccessorImpl.invoke(NativeMethodAccessorImpl.java:62)
	at sun.reflect.DelegatingMethodAccessorImpl.invoke(DelegatingMethodAccessorImpl.java:43)
	at java.lang.reflect.Method.invoke(Method.java:498)
	at org.apache.maven.surefire.util.ReflectionUtils.invokeMethodWithArray2(ReflectionUtils.java:208)
	at org.apache.maven.surefire.booter.ProviderFactory$ProviderProxy.invoke(ProviderFactory.java:159)
	at org.apache.maven.surefire.booter.ProviderFactory.invokeProvider(ProviderFactory.java:87)
	at org.apache.maven.surefire.booter.ForkedBooter.runSuitesInProcess(ForkedBooter.java:153)
	at org.apache.maven.surefire.booter.ForkedBooter.main(ForkedBooter.java:95)
]]>
            </full-stacktrace>
          </exception> <!-- java.lang.AssertionError -->
          <reporter-output>
          </reporter-output>
        </test-method> <!-- PTC_SM_003_Verify_BranchEditing -->
        <test-method status="PASS" signature="closebrowser()[pri:0, instance:com.gurukula.AutomationTestgurkula.LTC_05_StaffManagement_Test@3b81a1bc]" name="closebrowser" is-config="true" duration-ms="1123" started-at="2019-05-08T23:19:12Z" finished-at="2019-05-08T23:19:13Z">
          <reporter-output>
          </reporter-output>
        </test-method> <!-- closebrowser -->
        <test-method status="PASS" signature="setupBeforeTest(java.lang.String, java.lang.String, java.lang.String)[pri:0, instance:com.gurukula.AutomationTestgurkula.LTC_05_StaffManagement_Test@3b81a1bc]" name="setupBeforeTest" is-config="true" duration-ms="12415" started-at="2019-05-08T23:19:13Z" finished-at="2019-05-08T23:19:25Z">
          <params>
            <param index="0">
              <value>
                <![CDATA[admin]]>
              </value>
            </param>
            <param index="1">
              <value>
                <![CDATA[admin]]>
              </value>
            </param>
            <param index="2">
              <value>
                <![CDATA[You are logged in as user ]]>
              </value>
            </param>
          </params>
          <reporter-output>
          </reporter-output>
        </test-method> <!-- setupBeforeTest -->
        <test-method status="PASS" signature="PTC_SM_004_Verify_delete_functionality()[pri:0, instance:com.gurukula.AutomationTestgurkula.LTC_05_StaffManagement_Test@3b81a1bc]" name="PTC_SM_004_Verify_delete_functionality" duration-ms="2493" started-at="2019-05-08T23:19:25Z" finished-at="2019-05-08T23:19:28Z">
          <reporter-output>
          </reporter-output>
        </test-method> <!-- PTC_SM_004_Verify_delete_functionality -->
        <test-method status="PASS" signature="closebrowser()[pri:0, instance:com.gurukula.AutomationTestgurkula.LTC_05_StaffManagement_Test@3b81a1bc]" name="closebrowser" is-config="true" duration-ms="1667" started-at="2019-05-08T23:19:28Z" finished-at="2019-05-08T23:19:30Z">
          <reporter-output>
          </reporter-output>
        </test-method> <!-- closebrowser -->
        <test-method status="PASS" signature="setupBeforeTest(java.lang.String, java.lang.String, java.lang.String)[pri:0, instance:com.gurukula.AutomationTestgurkula.LTC_05_StaffManagement_Test@3b81a1bc]" name="setupBeforeTest" is-config="true" duration-ms="14280" started-at="2019-05-08T23:19:30Z" finished-at="2019-05-08T23:19:44Z">
          <params>
            <param index="0">
              <value>
                <![CDATA[admin]]>
              </value>
            </param>
            <param index="1">
              <value>
                <![CDATA[admin]]>
              </value>
            </param>
            <param index="2">
              <value>
                <![CDATA[You are logged in as user ]]>
              </value>
            </param>
          </params>
          <reporter-output>
          </reporter-output>
        </test-method> <!-- setupBeforeTest -->
        <test-method status="PASS" signature="PTC_SM_007_to_SM_009_Verify_Createbranch_functionality_withvariousinputs(java.lang.String, java.lang.String, java.lang.String)[pri:0, instance:com.gurukula.AutomationTestgurkula.LTC_05_StaffManagement_Test@3b81a1bc]" name="PTC_SM_007_to_SM_009_Verify_Createbranch_functionality_withvariousinputs" duration-ms="26831" started-at="2019-05-08T23:19:44Z" data-provider="createStaffinvalidData" finished-at="2019-05-08T23:20:11Z">
          <params>
            <param index="0">
              <value>
                <![CDATA[aaaaaaaaaaaaaaaaaaaaaaaaaaaaaaaaaaaaaaaaaaaaaaaaaaaaaaaaaaaaaa]]>
              </value>
            </param>
            <param index="1">
              <value>
                <![CDATA[CIVILENG]]>
              </value>
            </param>
            <param index="2">
              <value>
                <![CDATA[This field cannot be longer than 50 characters.]]>
              </value>
            </param>
          </params>
          <reporter-output>
          </reporter-output>
        </test-method> <!-- PTC_SM_007_to_SM_009_Verify_Createbranch_functionality_withvariousinputs -->
        <test-method status="PASS" signature="closebrowser()[pri:0, instance:com.gurukula.AutomationTestgurkula.LTC_05_StaffManagement_Test@3b81a1bc]" name="closebrowser" is-config="true" duration-ms="1045" started-at="2019-05-08T23:20:11Z" finished-at="2019-05-08T23:20:12Z">
          <reporter-output>
          </reporter-output>
        </test-method> <!-- closebrowser -->
        <test-method status="PASS" signature="setupBeforeTest(java.lang.String, java.lang.String, java.lang.String)[pri:0, instance:com.gurukula.AutomationTestgurkula.LTC_05_StaffManagement_Test@3b81a1bc]" name="setupBeforeTest" is-config="true" duration-ms="11988" started-at="2019-05-08T23:20:12Z" finished-at="2019-05-08T23:20:24Z">
          <params>
            <param index="0">
              <value>
                <![CDATA[admin]]>
              </value>
            </param>
            <param index="1">
              <value>
                <![CDATA[admin]]>
              </value>
            </param>
            <param index="2">
              <value>
                <![CDATA[You are logged in as user ]]>
              </value>
            </param>
          </params>
          <reporter-output>
          </reporter-output>
        </test-method> <!-- setupBeforeTest -->
        <test-method status="FAIL" signature="PTC_SM_007_to_SM_009_Verify_Createbranch_functionality_withvariousinputs(java.lang.String, java.lang.String, java.lang.String)[pri:0, instance:com.gurukula.AutomationTestgurkula.LTC_05_StaffManagement_Test@3b81a1bc]" name="PTC_SM_007_to_SM_009_Verify_Createbranch_functionality_withvariousinputs" duration-ms="25873" started-at="2019-05-08T23:20:24Z" data-provider="createStaffinvalidData" finished-at="2019-05-08T23:20:50Z">
          <params>
            <param index="0">
              <value>
                <![CDATA[]]>
              </value>
            </param>
            <param index="1">
              <value>
                <![CDATA[CIVILENG]]>
              </value>
            </param>
            <param index="2">
              <value>
                <![CDATA[This field is required.]]>
              </value>
            </param>
          </params>
          <exception class="java.lang.AssertionError">
            <message>
              <![CDATA[expected [This field is required.] but found []]]>
            </message>
            <full-stacktrace>
              <![CDATA[java.lang.AssertionError: expected [This field is required.] but found []
	at org.testng.Assert.fail(Assert.java:94)
	at org.testng.Assert.failNotEquals(Assert.java:494)
	at org.testng.Assert.assertEquals(Assert.java:123)
	at org.testng.Assert.assertEquals(Assert.java:176)
	at org.testng.Assert.assertEquals(Assert.java:186)
	at com.gurukula.AutomationTestgurkula.LTC_05_StaffManagement_Test.PTC_SM_007_to_SM_009_Verify_Createbranch_functionality_withvariousinputs(LTC_05_StaffManagement_Test.java:75)
	at sun.reflect.NativeMethodAccessorImpl.invoke0(Native Method)
	at sun.reflect.NativeMethodAccessorImpl.invoke(NativeMethodAccessorImpl.java:62)
	at sun.reflect.DelegatingMethodAccessorImpl.invoke(DelegatingMethodAccessorImpl.java:43)
	at java.lang.reflect.Method.invoke(Method.java:498)
	at org.testng.internal.MethodInvocationHelper.invokeMethod(MethodInvocationHelper.java:80)
	at org.testng.internal.Invoker.invokeMethod(Invoker.java:714)
	at org.testng.internal.Invoker.invokeTestMethod(Invoker.java:901)
	at org.testng.internal.Invoker.invokeTestMethods(Invoker.java:1231)
	at org.testng.internal.TestMethodWorker.invokeTestMethods(TestMethodWorker.java:127)
	at org.testng.internal.TestMethodWorker.run(TestMethodWorker.java:111)
	at org.testng.TestRunner.privateRun(TestRunner.java:767)
	at org.testng.TestRunner.run(TestRunner.java:617)
	at org.testng.SuiteRunner.runTest(SuiteRunner.java:334)
	at org.testng.SuiteRunner.runSequentially(SuiteRunner.java:329)
	at org.testng.SuiteRunner.privateRun(SuiteRunner.java:291)
	at org.testng.SuiteRunner.run(SuiteRunner.java:240)
	at org.testng.SuiteRunnerWorker.runSuite(SuiteRunnerWorker.java:52)
	at org.testng.SuiteRunnerWorker.run(SuiteRunnerWorker.java:86)
	at org.testng.TestNG.runSuitesSequentially(TestNG.java:1198)
	at org.testng.TestNG.runSuitesLocally(TestNG.java:1123)
	at org.testng.TestNG.run(TestNG.java:1031)
	at org.apache.maven.surefire.testng.TestNGExecutor.run(TestNGExecutor.java:178)
	at org.apache.maven.surefire.testng.TestNGXmlTestSuite.execute(TestNGXmlTestSuite.java:92)
	at org.apache.maven.surefire.testng.TestNGProvider.invoke(TestNGProvider.java:96)
	at sun.reflect.NativeMethodAccessorImpl.invoke0(Native Method)
	at sun.reflect.NativeMethodAccessorImpl.invoke(NativeMethodAccessorImpl.java:62)
	at sun.reflect.DelegatingMethodAccessorImpl.invoke(DelegatingMethodAccessorImpl.java:43)
	at java.lang.reflect.Method.invoke(Method.java:498)
	at org.apache.maven.surefire.util.ReflectionUtils.invokeMethodWithArray2(ReflectionUtils.java:208)
	at org.apache.maven.surefire.booter.ProviderFactory$ProviderProxy.invoke(ProviderFactory.java:159)
	at org.apache.maven.surefire.booter.ProviderFactory.invokeProvider(ProviderFactory.java:87)
	at org.apache.maven.surefire.booter.ForkedBooter.runSuitesInProcess(ForkedBooter.java:153)
	at org.apache.maven.surefire.booter.ForkedBooter.main(ForkedBooter.java:95)
]]>
            </full-stacktrace>
          </exception> <!-- java.lang.AssertionError -->
          <reporter-output>
          </reporter-output>
        </test-method> <!-- PTC_SM_007_to_SM_009_Verify_Createbranch_functionality_withvariousinputs -->
        <test-method status="PASS" signature="closebrowser()[pri:0, instance:com.gurukula.AutomationTestgurkula.LTC_05_StaffManagement_Test@3b81a1bc]" name="closebrowser" is-config="true" duration-ms="770" started-at="2019-05-08T23:20:50Z" finished-at="2019-05-08T23:20:50Z">
          <reporter-output>
          </reporter-output>
        </test-method> <!-- closebrowser -->
        <test-method status="PASS" signature="setupBeforeTest(java.lang.String, java.lang.String, java.lang.String)[pri:0, instance:com.gurukula.AutomationTestgurkula.LTC_05_StaffManagement_Test@3b81a1bc]" name="setupBeforeTest" is-config="true" duration-ms="13288" started-at="2019-05-08T23:20:50Z" finished-at="2019-05-08T23:21:04Z">
          <params>
            <param index="0">
              <value>
                <![CDATA[admin]]>
              </value>
            </param>
            <param index="1">
              <value>
                <![CDATA[admin]]>
              </value>
            </param>
            <param index="2">
              <value>
                <![CDATA[You are logged in as user ]]>
              </value>
            </param>
          </params>
          <reporter-output>
          </reporter-output>
        </test-method> <!-- setupBeforeTest -->
        <test-method status="FAIL" signature="PTC_SM_007_to_SM_009_Verify_Createbranch_functionality_withvariousinputs(java.lang.String, java.lang.String, java.lang.String)[pri:0, instance:com.gurukula.AutomationTestgurkula.LTC_05_StaffManagement_Test@3b81a1bc]" name="PTC_SM_007_to_SM_009_Verify_Createbranch_functionality_withvariousinputs" duration-ms="5305" started-at="2019-05-08T23:21:04Z" data-provider="createStaffinvalidData" finished-at="2019-05-08T23:21:09Z">
          <params>
            <param index="0">
              <value>
                <![CDATA[1111]]>
              </value>
            </param>
            <param index="1">
              <value>
                <![CDATA[CIVILENG]]>
              </value>
            </param>
            <param index="2">
              <value>
                <![CDATA[This field should follow pattern ^[a-zA-Z\s]*$.]]>
              </value>
            </param>
          </params>
          <exception class="org.openqa.selenium.InvalidElementStateException">
            <message>
              <![CDATA[invalid element state: Element is not currently interactable and may not be manipulated
  (Session info: chrome=74.0.3729.131)
  (Driver info: chromedriver=2.42.591088 (7b2b2dca23cca0862f674758c9a3933e685c27d5),platform=Windows NT 10.0.17134 x86_64) (WARNING: The server did not provide any stacktrace information)
Command duration or timeout: 0 milliseconds
Build info: version: '3.141.59', revision: 'e82be7d358', time: '2018-11-14T08:17:03'
System info: host: 'DESKTOP-PUPFFT7', ip: '192.168.178.25', os.name: 'Windows 10', os.arch: 'amd64', os.version: '10.0', java.version: '1.8.0_181'
Driver info: org.openqa.selenium.chrome.ChromeDriver
Capabilities {acceptInsecureCerts: false, acceptSslCerts: false, applicationCacheEnabled: false, browserConnectionEnabled: false, browserName: chrome, chrome: {chromedriverVersion: 2.42.591088 (7b2b2dca23cca0..., userDataDir: C:\Users\Gopi\AppData\Local...}, cssSelectorsEnabled: true, databaseEnabled: false, goog:chromeOptions: {debuggerAddress: localhost:52063}, handlesAlerts: true, hasTouchScreen: false, javascriptEnabled: true, locationContextEnabled: true, mobileEmulationEnabled: false, nativeEvents: true, networkConnectionEnabled: false, pageLoadStrategy: normal, platform: XP, platformName: XP, rotatable: false, setWindowRect: true, takesHeapSnapshot: true, takesScreenshot: true, unexpectedAlertBehaviour: , unhandledPromptBehavior: , version: 74.0.3729.131, webStorageEnabled: true}
Session ID: 56196e46c3a593c635dd7a604aafa50b]]>
            </message>
            <full-stacktrace>
              <![CDATA[org.openqa.selenium.InvalidElementStateException: invalid element state: Element is not currently interactable and may not be manipulated
  (Session info: chrome=74.0.3729.131)
  (Driver info: chromedriver=2.42.591088 (7b2b2dca23cca0862f674758c9a3933e685c27d5),platform=Windows NT 10.0.17134 x86_64) (WARNING: The server did not provide any stacktrace information)
Command duration or timeout: 0 milliseconds
Build info: version: '3.141.59', revision: 'e82be7d358', time: '2018-11-14T08:17:03'
System info: host: 'DESKTOP-PUPFFT7', ip: '192.168.178.25', os.name: 'Windows 10', os.arch: 'amd64', os.version: '10.0', java.version: '1.8.0_181'
Driver info: org.openqa.selenium.chrome.ChromeDriver
Capabilities {acceptInsecureCerts: false, acceptSslCerts: false, applicationCacheEnabled: false, browserConnectionEnabled: false, browserName: chrome, chrome: {chromedriverVersion: 2.42.591088 (7b2b2dca23cca0..., userDataDir: C:\Users\Gopi\AppData\Local...}, cssSelectorsEnabled: true, databaseEnabled: false, goog:chromeOptions: {debuggerAddress: localhost:52063}, handlesAlerts: true, hasTouchScreen: false, javascriptEnabled: true, locationContextEnabled: true, mobileEmulationEnabled: false, nativeEvents: true, networkConnectionEnabled: false, pageLoadStrategy: normal, platform: XP, platformName: XP, rotatable: false, setWindowRect: true, takesHeapSnapshot: true, takesScreenshot: true, unexpectedAlertBehaviour: , unhandledPromptBehavior: , version: 74.0.3729.131, webStorageEnabled: true}
Session ID: 56196e46c3a593c635dd7a604aafa50b
	at sun.reflect.NativeConstructorAccessorImpl.newInstance0(Native Method)
	at sun.reflect.NativeConstructorAccessorImpl.newInstance(NativeConstructorAccessorImpl.java:62)
	at sun.reflect.DelegatingConstructorAccessorImpl.newInstance(DelegatingConstructorAccessorImpl.java:45)
	at java.lang.reflect.Constructor.newInstance(Constructor.java:423)
	at org.openqa.selenium.remote.ErrorHandler.createThrowable(ErrorHandler.java:214)
	at org.openqa.selenium.remote.ErrorHandler.throwIfResponseFailed(ErrorHandler.java:166)
	at org.openqa.selenium.remote.http.JsonHttpResponseCodec.reconstructValue(JsonHttpResponseCodec.java:40)
	at org.openqa.selenium.remote.http.AbstractHttpResponseCodec.decode(AbstractHttpResponseCodec.java:80)
	at org.openqa.selenium.remote.http.AbstractHttpResponseCodec.decode(AbstractHttpResponseCodec.java:44)
	at org.openqa.selenium.remote.HttpCommandExecutor.execute(HttpCommandExecutor.java:158)
	at org.openqa.selenium.remote.service.DriverCommandExecutor.execute(DriverCommandExecutor.java:83)
	at org.openqa.selenium.remote.RemoteWebDriver.execute(RemoteWebDriver.java:552)
	at org.openqa.selenium.remote.RemoteWebElement.execute(RemoteWebElement.java:285)
	at org.openqa.selenium.remote.RemoteWebElement.clear(RemoteWebElement.java:124)
	at sun.reflect.GeneratedMethodAccessor3.invoke(Unknown Source)
	at sun.reflect.DelegatingMethodAccessorImpl.invoke(DelegatingMethodAccessorImpl.java:43)
	at java.lang.reflect.Method.invoke(Method.java:498)
	at org.openqa.selenium.support.pagefactory.internal.LocatingElementHandler.invoke(LocatingElementHandler.java:51)
	at com.sun.proxy.$Proxy10.clear(Unknown Source)
	at com.gurukula.pageObjects.StaffPage.CreateNewStaffforErrors(StaffPage.java:196)
	at com.gurukula.AutomationTestgurkula.LTC_05_StaffManagement_Test.PTC_SM_007_to_SM_009_Verify_Createbranch_functionality_withvariousinputs(LTC_05_StaffManagement_Test.java:74)
	at sun.reflect.NativeMethodAccessorImpl.invoke0(Native Method)
	at sun.reflect.NativeMethodAccessorImpl.invoke(NativeMethodAccessorImpl.java:62)
	at sun.reflect.DelegatingMethodAccessorImpl.invoke(DelegatingMethodAccessorImpl.java:43)
	at java.lang.reflect.Method.invoke(Method.java:498)
	at org.testng.internal.MethodInvocationHelper.invokeMethod(MethodInvocationHelper.java:80)
	at org.testng.internal.Invoker.invokeMethod(Invoker.java:714)
	at org.testng.internal.Invoker.invokeTestMethod(Invoker.java:901)
	at org.testng.internal.Invoker.invokeTestMethods(Invoker.java:1231)
	at org.testng.internal.TestMethodWorker.invokeTestMethods(TestMethodWorker.java:127)
	at org.testng.internal.TestMethodWorker.run(TestMethodWorker.java:111)
	at org.testng.TestRunner.privateRun(TestRunner.java:767)
	at org.testng.TestRunner.run(TestRunner.java:617)
	at org.testng.SuiteRunner.runTest(SuiteRunner.java:334)
	at org.testng.SuiteRunner.runSequentially(SuiteRunner.java:329)
	at org.testng.SuiteRunner.privateRun(SuiteRunner.java:291)
	at org.testng.SuiteRunner.run(SuiteRunner.java:240)
	at org.testng.SuiteRunnerWorker.runSuite(SuiteRunnerWorker.java:52)
	at org.testng.SuiteRunnerWorker.run(SuiteRunnerWorker.java:86)
	at org.testng.TestNG.runSuitesSequentially(TestNG.java:1198)
	at org.testng.TestNG.runSuitesLocally(TestNG.java:1123)
	at org.testng.TestNG.run(TestNG.java:1031)
	at org.apache.maven.surefire.testng.TestNGExecutor.run(TestNGExecutor.java:178)
	at org.apache.maven.surefire.testng.TestNGXmlTestSuite.execute(TestNGXmlTestSuite.java:92)
	at org.apache.maven.surefire.testng.TestNGProvider.invoke(TestNGProvider.java:96)
	at sun.reflect.NativeMethodAccessorImpl.invoke0(Native Method)
	at sun.reflect.NativeMethodAccessorImpl.invoke(NativeMethodAccessorImpl.java:62)
	at sun.reflect.DelegatingMethodAccessorImpl.invoke(DelegatingMethodAccessorImpl.java:43)
	at java.lang.reflect.Method.invoke(Method.java:498)
	at org.apache.maven.surefire.util.ReflectionUtils.invokeMethodWithArray2(ReflectionUtils.java:208)
	at org.apache.maven.surefire.booter.ProviderFactory$ProviderProxy.invoke(ProviderFactory.java:159)
	at org.apache.maven.surefire.booter.ProviderFactory.invokeProvider(ProviderFactory.java:87)
	at org.apache.maven.surefire.booter.ForkedBooter.runSuitesInProcess(ForkedBooter.java:153)
	at org.apache.maven.surefire.booter.ForkedBooter.main(ForkedBooter.java:95)
]]>
            </full-stacktrace>
          </exception> <!-- org.openqa.selenium.InvalidElementStateException -->
          <reporter-output>
          </reporter-output>
        </test-method> <!-- PTC_SM_007_to_SM_009_Verify_Createbranch_functionality_withvariousinputs -->
        <test-method status="PASS" signature="closebrowser()[pri:0, instance:com.gurukula.AutomationTestgurkula.LTC_05_StaffManagement_Test@3b81a1bc]" name="closebrowser" is-config="true" duration-ms="937" started-at="2019-05-08T23:21:09Z" finished-at="2019-05-08T23:21:10Z">
          <reporter-output>
          </reporter-output>
        </test-method> <!-- closebrowser -->
      </class> <!-- com.gurukula.AutomationTestgurkula.LTC_05_StaffManagement_Test -->
      <class name="com.gurukula.AutomationTestgurkula.LTC_03_AcccountManagement_Test">
        <test-method status="PASS" signature="setupBeforeTest(java.lang.String, java.lang.String, java.lang.String)[pri:0, instance:com.gurukula.AutomationTestgurkula.LTC_03_AcccountManagement_Test@64616ca2]" name="setupBeforeTest" is-config="true" duration-ms="6254" started-at="2019-05-08T23:09:41Z" finished-at="2019-05-08T23:09:47Z">
          <params>
            <param index="0">
              <value>
                <![CDATA[admin]]>
              </value>
            </param>
            <param index="1">
              <value>
                <![CDATA[admin]]>
              </value>
            </param>
            <param index="2">
              <value>
                <![CDATA[You are logged in as user ]]>
              </value>
            </param>
          </params>
          <reporter-output>
          </reporter-output>
        </test-method> <!-- setupBeforeTest -->
        <test-method status="FAIL" signature="PTC_AC01_to_AC07_Verify_User_settings_with_differentinputcombinations(java.lang.String, java.lang.String, java.lang.String, java.lang.String, java.lang.String)[pri:0, instance:com.gurukula.AutomationTestgurkula.LTC_03_AcccountManagement_Test@64616ca2]" name="PTC_AC01_to_AC07_Verify_User_settings_with_differentinputcombinations" duration-ms="1406" started-at="2019-05-08T23:09:47Z" data-provider="userSettingsData" finished-at="2019-05-08T23:09:48Z">
          <params>
            <param index="0">
              <value>
                <![CDATA[Admin firstname]]>
              </value>
            </param>
            <param index="1">
              <value>
                <![CDATA[Admin lastname]]>
              </value>
            </param>
            <param index="2">
              <value>
                <![CDATA[admin1@localhost]]>
              </value>
            </param>
            <param index="3">
              <value>
                <![CDATA[Settings saved!]]>
              </value>
            </param>
            <param index="4">
              <value>
                <![CDATA[flagX]]>
              </value>
            </param>
          </params>
          <exception class="java.lang.AssertionError">
            <message>
              <![CDATA[expected [Settings saved!] but found []]]>
            </message>
            <full-stacktrace>
              <![CDATA[java.lang.AssertionError: expected [Settings saved!] but found []
	at org.testng.Assert.fail(Assert.java:94)
	at org.testng.Assert.failNotEquals(Assert.java:494)
	at org.testng.Assert.assertEquals(Assert.java:123)
	at org.testng.Assert.assertEquals(Assert.java:176)
	at org.testng.Assert.assertEquals(Assert.java:186)
	at com.gurukula.AutomationTestgurkula.LTC_03_AcccountManagement_Test.PTC_AC01_to_AC07_Verify_User_settings_with_differentinputcombinations(LTC_03_AcccountManagement_Test.java:61)
	at sun.reflect.NativeMethodAccessorImpl.invoke0(Native Method)
	at sun.reflect.NativeMethodAccessorImpl.invoke(NativeMethodAccessorImpl.java:62)
	at sun.reflect.DelegatingMethodAccessorImpl.invoke(DelegatingMethodAccessorImpl.java:43)
	at java.lang.reflect.Method.invoke(Method.java:498)
	at org.testng.internal.MethodInvocationHelper.invokeMethod(MethodInvocationHelper.java:80)
	at org.testng.internal.Invoker.invokeMethod(Invoker.java:714)
	at org.testng.internal.Invoker.invokeTestMethod(Invoker.java:901)
	at org.testng.internal.Invoker.invokeTestMethods(Invoker.java:1231)
	at org.testng.internal.TestMethodWorker.invokeTestMethods(TestMethodWorker.java:127)
	at org.testng.internal.TestMethodWorker.run(TestMethodWorker.java:111)
	at org.testng.TestRunner.privateRun(TestRunner.java:767)
	at org.testng.TestRunner.run(TestRunner.java:617)
	at org.testng.SuiteRunner.runTest(SuiteRunner.java:334)
	at org.testng.SuiteRunner.runSequentially(SuiteRunner.java:329)
	at org.testng.SuiteRunner.privateRun(SuiteRunner.java:291)
	at org.testng.SuiteRunner.run(SuiteRunner.java:240)
	at org.testng.SuiteRunnerWorker.runSuite(SuiteRunnerWorker.java:52)
	at org.testng.SuiteRunnerWorker.run(SuiteRunnerWorker.java:86)
	at org.testng.TestNG.runSuitesSequentially(TestNG.java:1198)
	at org.testng.TestNG.runSuitesLocally(TestNG.java:1123)
	at org.testng.TestNG.run(TestNG.java:1031)
	at org.apache.maven.surefire.testng.TestNGExecutor.run(TestNGExecutor.java:178)
	at org.apache.maven.surefire.testng.TestNGXmlTestSuite.execute(TestNGXmlTestSuite.java:92)
	at org.apache.maven.surefire.testng.TestNGProvider.invoke(TestNGProvider.java:96)
	at sun.reflect.NativeMethodAccessorImpl.invoke0(Native Method)
	at sun.reflect.NativeMethodAccessorImpl.invoke(NativeMethodAccessorImpl.java:62)
	at sun.reflect.DelegatingMethodAccessorImpl.invoke(DelegatingMethodAccessorImpl.java:43)
	at java.lang.reflect.Method.invoke(Method.java:498)
	at org.apache.maven.surefire.util.ReflectionUtils.invokeMethodWithArray2(ReflectionUtils.java:208)
	at org.apache.maven.surefire.booter.ProviderFactory$ProviderProxy.invoke(ProviderFactory.java:159)
	at org.apache.maven.surefire.booter.ProviderFactory.invokeProvider(ProviderFactory.java:87)
	at org.apache.maven.surefire.booter.ForkedBooter.runSuitesInProcess(ForkedBooter.java:153)
	at org.apache.maven.surefire.booter.ForkedBooter.main(ForkedBooter.java:95)
]]>
            </full-stacktrace>
          </exception> <!-- java.lang.AssertionError -->
          <reporter-output>
          </reporter-output>
        </test-method> <!-- PTC_AC01_to_AC07_Verify_User_settings_with_differentinputcombinations -->
        <test-method status="PASS" signature="closebrowser()[pri:0, instance:com.gurukula.AutomationTestgurkula.LTC_03_AcccountManagement_Test@64616ca2]" name="closebrowser" is-config="true" duration-ms="1029" started-at="2019-05-08T23:09:48Z" finished-at="2019-05-08T23:09:49Z">
          <reporter-output>
          </reporter-output>
        </test-method> <!-- closebrowser -->
        <test-method status="PASS" signature="setupBeforeTest(java.lang.String, java.lang.String, java.lang.String)[pri:0, instance:com.gurukula.AutomationTestgurkula.LTC_03_AcccountManagement_Test@64616ca2]" name="setupBeforeTest" is-config="true" duration-ms="6504" started-at="2019-05-08T23:09:49Z" finished-at="2019-05-08T23:09:56Z">
          <params>
            <param index="0">
              <value>
                <![CDATA[admin]]>
              </value>
            </param>
            <param index="1">
              <value>
                <![CDATA[admin]]>
              </value>
            </param>
            <param index="2">
              <value>
                <![CDATA[You are logged in as user ]]>
              </value>
            </param>
          </params>
          <reporter-output>
          </reporter-output>
        </test-method> <!-- setupBeforeTest -->
        <test-method status="PASS" signature="PTC_AC01_to_AC07_Verify_User_settings_with_differentinputcombinations(java.lang.String, java.lang.String, java.lang.String, java.lang.String, java.lang.String)[pri:0, instance:com.gurukula.AutomationTestgurkula.LTC_03_AcccountManagement_Test@64616ca2]" name="PTC_AC01_to_AC07_Verify_User_settings_with_differentinputcombinations" duration-ms="1735" started-at="2019-05-08T23:09:56Z" data-provider="userSettingsData" finished-at="2019-05-08T23:09:58Z">
          <params>
            <param index="0">
              <value>
                <![CDATA[Admin firstname]]>
              </value>
            </param>
            <param index="1">
              <value>
                <![CDATA[Admin lastname]]>
              </value>
            </param>
            <param index="2">
              <value>
                <![CDATA[aaaa]]>
              </value>
            </param>
            <param index="3">
              <value>
                <![CDATA[Your e-mail is invalid.Your e-mail is required to be at least 5 characters.]]>
              </value>
            </param>
            <param index="4">
              <value>
                <![CDATA[flagY]]>
              </value>
            </param>
          </params>
          <reporter-output>
          </reporter-output>
        </test-method> <!-- PTC_AC01_to_AC07_Verify_User_settings_with_differentinputcombinations -->
        <test-method status="PASS" signature="closebrowser()[pri:0, instance:com.gurukula.AutomationTestgurkula.LTC_03_AcccountManagement_Test@64616ca2]" name="closebrowser" is-config="true" duration-ms="859" started-at="2019-05-08T23:09:58Z" finished-at="2019-05-08T23:09:58Z">
          <reporter-output>
          </reporter-output>
        </test-method> <!-- closebrowser -->
        <test-method status="PASS" signature="setupBeforeTest(java.lang.String, java.lang.String, java.lang.String)[pri:0, instance:com.gurukula.AutomationTestgurkula.LTC_03_AcccountManagement_Test@64616ca2]" name="setupBeforeTest" is-config="true" duration-ms="6877" started-at="2019-05-08T23:09:58Z" finished-at="2019-05-08T23:10:05Z">
          <params>
            <param index="0">
              <value>
                <![CDATA[admin]]>
              </value>
            </param>
            <param index="1">
              <value>
                <![CDATA[admin]]>
              </value>
            </param>
            <param index="2">
              <value>
                <![CDATA[You are logged in as user ]]>
              </value>
            </param>
          </params>
          <reporter-output>
          </reporter-output>
        </test-method> <!-- setupBeforeTest -->
        <test-method status="PASS" signature="PTC_AC01_to_AC07_Verify_User_settings_with_differentinputcombinations(java.lang.String, java.lang.String, java.lang.String, java.lang.String, java.lang.String)[pri:0, instance:com.gurukula.AutomationTestgurkula.LTC_03_AcccountManagement_Test@64616ca2]" name="PTC_AC01_to_AC07_Verify_User_settings_with_differentinputcombinations" duration-ms="1470" started-at="2019-05-08T23:10:05Z" data-provider="userSettingsData" finished-at="2019-05-08T23:10:07Z">
          <params>
            <param index="0">
              <value>
                <![CDATA[Admin firstname]]>
              </value>
            </param>
            <param index="1">
              <value>
                <![CDATA[Admin lastname]]>
              </value>
            </param>
            <param index="2">
              <value>
                <![CDATA[aaaaaaa]]>
              </value>
            </param>
            <param index="3">
              <value>
                <![CDATA[Your e-mail is invalid.]]>
              </value>
            </param>
            <param index="4">
              <value>
                <![CDATA[flagY]]>
              </value>
            </param>
          </params>
          <reporter-output>
          </reporter-output>
        </test-method> <!-- PTC_AC01_to_AC07_Verify_User_settings_with_differentinputcombinations -->
        <test-method status="PASS" signature="closebrowser()[pri:0, instance:com.gurukula.AutomationTestgurkula.LTC_03_AcccountManagement_Test@64616ca2]" name="closebrowser" is-config="true" duration-ms="859" started-at="2019-05-08T23:10:07Z" finished-at="2019-05-08T23:10:08Z">
          <reporter-output>
          </reporter-output>
        </test-method> <!-- closebrowser -->
        <test-method status="PASS" signature="setupBeforeTest(java.lang.String, java.lang.String, java.lang.String)[pri:0, instance:com.gurukula.AutomationTestgurkula.LTC_03_AcccountManagement_Test@64616ca2]" name="setupBeforeTest" is-config="true" duration-ms="7040" started-at="2019-05-08T23:10:08Z" finished-at="2019-05-08T23:10:15Z">
          <params>
            <param index="0">
              <value>
                <![CDATA[admin]]>
              </value>
            </param>
            <param index="1">
              <value>
                <![CDATA[admin]]>
              </value>
            </param>
            <param index="2">
              <value>
                <![CDATA[You are logged in as user ]]>
              </value>
            </param>
          </params>
          <reporter-output>
          </reporter-output>
        </test-method> <!-- setupBeforeTest -->
        <test-method status="FAIL" signature="PTC_AC01_to_AC07_Verify_User_settings_with_differentinputcombinations(java.lang.String, java.lang.String, java.lang.String, java.lang.String, java.lang.String)[pri:0, instance:com.gurukula.AutomationTestgurkula.LTC_03_AcccountManagement_Test@64616ca2]" name="PTC_AC01_to_AC07_Verify_User_settings_with_differentinputcombinations" duration-ms="1693" started-at="2019-05-08T23:10:15Z" data-provider="userSettingsData" finished-at="2019-05-08T23:10:16Z">
          <params>
            <param index="0">
              <value>
                <![CDATA[]]>
              </value>
            </param>
            <param index="1">
              <value>
                <![CDATA[Admin lastname]]>
              </value>
            </param>
            <param index="2">
              <value>
                <![CDATA[admin1@localhost]]>
              </value>
            </param>
            <param index="3">
              <value>
                <![CDATA[Your first name is required.]]>
              </value>
            </param>
            <param index="4">
              <value>
                <![CDATA[flagY]]>
              </value>
            </param>
          </params>
          <exception class="java.lang.AssertionError">
            <message>
              <![CDATA[expected [Your first name is required.] but found []]]>
            </message>
            <full-stacktrace>
              <![CDATA[java.lang.AssertionError: expected [Your first name is required.] but found []
	at org.testng.Assert.fail(Assert.java:94)
	at org.testng.Assert.failNotEquals(Assert.java:494)
	at org.testng.Assert.assertEquals(Assert.java:123)
	at org.testng.Assert.assertEquals(Assert.java:176)
	at org.testng.Assert.assertEquals(Assert.java:186)
	at com.gurukula.AutomationTestgurkula.LTC_03_AcccountManagement_Test.PTC_AC01_to_AC07_Verify_User_settings_with_differentinputcombinations(LTC_03_AcccountManagement_Test.java:67)
	at sun.reflect.NativeMethodAccessorImpl.invoke0(Native Method)
	at sun.reflect.NativeMethodAccessorImpl.invoke(NativeMethodAccessorImpl.java:62)
	at sun.reflect.DelegatingMethodAccessorImpl.invoke(DelegatingMethodAccessorImpl.java:43)
	at java.lang.reflect.Method.invoke(Method.java:498)
	at org.testng.internal.MethodInvocationHelper.invokeMethod(MethodInvocationHelper.java:80)
	at org.testng.internal.Invoker.invokeMethod(Invoker.java:714)
	at org.testng.internal.Invoker.invokeTestMethod(Invoker.java:901)
	at org.testng.internal.Invoker.invokeTestMethods(Invoker.java:1231)
	at org.testng.internal.TestMethodWorker.invokeTestMethods(TestMethodWorker.java:127)
	at org.testng.internal.TestMethodWorker.run(TestMethodWorker.java:111)
	at org.testng.TestRunner.privateRun(TestRunner.java:767)
	at org.testng.TestRunner.run(TestRunner.java:617)
	at org.testng.SuiteRunner.runTest(SuiteRunner.java:334)
	at org.testng.SuiteRunner.runSequentially(SuiteRunner.java:329)
	at org.testng.SuiteRunner.privateRun(SuiteRunner.java:291)
	at org.testng.SuiteRunner.run(SuiteRunner.java:240)
	at org.testng.SuiteRunnerWorker.runSuite(SuiteRunnerWorker.java:52)
	at org.testng.SuiteRunnerWorker.run(SuiteRunnerWorker.java:86)
	at org.testng.TestNG.runSuitesSequentially(TestNG.java:1198)
	at org.testng.TestNG.runSuitesLocally(TestNG.java:1123)
	at org.testng.TestNG.run(TestNG.java:1031)
	at org.apache.maven.surefire.testng.TestNGExecutor.run(TestNGExecutor.java:178)
	at org.apache.maven.surefire.testng.TestNGXmlTestSuite.execute(TestNGXmlTestSuite.java:92)
	at org.apache.maven.surefire.testng.TestNGProvider.invoke(TestNGProvider.java:96)
	at sun.reflect.NativeMethodAccessorImpl.invoke0(Native Method)
	at sun.reflect.NativeMethodAccessorImpl.invoke(NativeMethodAccessorImpl.java:62)
	at sun.reflect.DelegatingMethodAccessorImpl.invoke(DelegatingMethodAccessorImpl.java:43)
	at java.lang.reflect.Method.invoke(Method.java:498)
	at org.apache.maven.surefire.util.ReflectionUtils.invokeMethodWithArray2(ReflectionUtils.java:208)
	at org.apache.maven.surefire.booter.ProviderFactory$ProviderProxy.invoke(ProviderFactory.java:159)
	at org.apache.maven.surefire.booter.ProviderFactory.invokeProvider(ProviderFactory.java:87)
	at org.apache.maven.surefire.booter.ForkedBooter.runSuitesInProcess(ForkedBooter.java:153)
	at org.apache.maven.surefire.booter.ForkedBooter.main(ForkedBooter.java:95)
]]>
            </full-stacktrace>
          </exception> <!-- java.lang.AssertionError -->
          <reporter-output>
          </reporter-output>
        </test-method> <!-- PTC_AC01_to_AC07_Verify_User_settings_with_differentinputcombinations -->
        <test-method status="PASS" signature="closebrowser()[pri:0, instance:com.gurukula.AutomationTestgurkula.LTC_03_AcccountManagement_Test@64616ca2]" name="closebrowser" is-config="true" duration-ms="844" started-at="2019-05-08T23:10:16Z" finished-at="2019-05-08T23:10:17Z">
          <reporter-output>
          </reporter-output>
        </test-method> <!-- closebrowser -->
        <test-method status="PASS" signature="setupBeforeTest(java.lang.String, java.lang.String, java.lang.String)[pri:0, instance:com.gurukula.AutomationTestgurkula.LTC_03_AcccountManagement_Test@64616ca2]" name="setupBeforeTest" is-config="true" duration-ms="6648" started-at="2019-05-08T23:10:17Z" finished-at="2019-05-08T23:10:24Z">
          <params>
            <param index="0">
              <value>
                <![CDATA[admin]]>
              </value>
            </param>
            <param index="1">
              <value>
                <![CDATA[admin]]>
              </value>
            </param>
            <param index="2">
              <value>
                <![CDATA[You are logged in as user ]]>
              </value>
            </param>
          </params>
          <reporter-output>
          </reporter-output>
        </test-method> <!-- setupBeforeTest -->
        <test-method status="FAIL" signature="PTC_AC01_to_AC07_Verify_User_settings_with_differentinputcombinations(java.lang.String, java.lang.String, java.lang.String, java.lang.String, java.lang.String)[pri:0, instance:com.gurukula.AutomationTestgurkula.LTC_03_AcccountManagement_Test@64616ca2]" name="PTC_AC01_to_AC07_Verify_User_settings_with_differentinputcombinations" duration-ms="1631" started-at="2019-05-08T23:10:24Z" data-provider="userSettingsData" finished-at="2019-05-08T23:10:25Z">
          <params>
            <param index="0">
              <value>
                <![CDATA[Admin firstname]]>
              </value>
            </param>
            <param index="1">
              <value>
                <![CDATA[]]>
              </value>
            </param>
            <param index="2">
              <value>
                <![CDATA[admin1@localhost]]>
              </value>
            </param>
            <param index="3">
              <value>
                <![CDATA[Your last name is required.]]>
              </value>
            </param>
            <param index="4">
              <value>
                <![CDATA[flagY]]>
              </value>
            </param>
          </params>
          <exception class="java.lang.AssertionError">
            <message>
              <![CDATA[expected [Your last name is required.] but found [Your first name is required.]]]>
            </message>
            <full-stacktrace>
              <![CDATA[java.lang.AssertionError: expected [Your last name is required.] but found [Your first name is required.]
	at org.testng.Assert.fail(Assert.java:94)
	at org.testng.Assert.failNotEquals(Assert.java:494)
	at org.testng.Assert.assertEquals(Assert.java:123)
	at org.testng.Assert.assertEquals(Assert.java:176)
	at org.testng.Assert.assertEquals(Assert.java:186)
	at com.gurukula.AutomationTestgurkula.LTC_03_AcccountManagement_Test.PTC_AC01_to_AC07_Verify_User_settings_with_differentinputcombinations(LTC_03_AcccountManagement_Test.java:67)
	at sun.reflect.NativeMethodAccessorImpl.invoke0(Native Method)
	at sun.reflect.NativeMethodAccessorImpl.invoke(NativeMethodAccessorImpl.java:62)
	at sun.reflect.DelegatingMethodAccessorImpl.invoke(DelegatingMethodAccessorImpl.java:43)
	at java.lang.reflect.Method.invoke(Method.java:498)
	at org.testng.internal.MethodInvocationHelper.invokeMethod(MethodInvocationHelper.java:80)
	at org.testng.internal.Invoker.invokeMethod(Invoker.java:714)
	at org.testng.internal.Invoker.invokeTestMethod(Invoker.java:901)
	at org.testng.internal.Invoker.invokeTestMethods(Invoker.java:1231)
	at org.testng.internal.TestMethodWorker.invokeTestMethods(TestMethodWorker.java:127)
	at org.testng.internal.TestMethodWorker.run(TestMethodWorker.java:111)
	at org.testng.TestRunner.privateRun(TestRunner.java:767)
	at org.testng.TestRunner.run(TestRunner.java:617)
	at org.testng.SuiteRunner.runTest(SuiteRunner.java:334)
	at org.testng.SuiteRunner.runSequentially(SuiteRunner.java:329)
	at org.testng.SuiteRunner.privateRun(SuiteRunner.java:291)
	at org.testng.SuiteRunner.run(SuiteRunner.java:240)
	at org.testng.SuiteRunnerWorker.runSuite(SuiteRunnerWorker.java:52)
	at org.testng.SuiteRunnerWorker.run(SuiteRunnerWorker.java:86)
	at org.testng.TestNG.runSuitesSequentially(TestNG.java:1198)
	at org.testng.TestNG.runSuitesLocally(TestNG.java:1123)
	at org.testng.TestNG.run(TestNG.java:1031)
	at org.apache.maven.surefire.testng.TestNGExecutor.run(TestNGExecutor.java:178)
	at org.apache.maven.surefire.testng.TestNGXmlTestSuite.execute(TestNGXmlTestSuite.java:92)
	at org.apache.maven.surefire.testng.TestNGProvider.invoke(TestNGProvider.java:96)
	at sun.reflect.NativeMethodAccessorImpl.invoke0(Native Method)
	at sun.reflect.NativeMethodAccessorImpl.invoke(NativeMethodAccessorImpl.java:62)
	at sun.reflect.DelegatingMethodAccessorImpl.invoke(DelegatingMethodAccessorImpl.java:43)
	at java.lang.reflect.Method.invoke(Method.java:498)
	at org.apache.maven.surefire.util.ReflectionUtils.invokeMethodWithArray2(ReflectionUtils.java:208)
	at org.apache.maven.surefire.booter.ProviderFactory$ProviderProxy.invoke(ProviderFactory.java:159)
	at org.apache.maven.surefire.booter.ProviderFactory.invokeProvider(ProviderFactory.java:87)
	at org.apache.maven.surefire.booter.ForkedBooter.runSuitesInProcess(ForkedBooter.java:153)
	at org.apache.maven.surefire.booter.ForkedBooter.main(ForkedBooter.java:95)
]]>
            </full-stacktrace>
          </exception> <!-- java.lang.AssertionError -->
          <reporter-output>
          </reporter-output>
        </test-method> <!-- PTC_AC01_to_AC07_Verify_User_settings_with_differentinputcombinations -->
        <test-method status="PASS" signature="closebrowser()[pri:0, instance:com.gurukula.AutomationTestgurkula.LTC_03_AcccountManagement_Test@64616ca2]" name="closebrowser" is-config="true" duration-ms="844" started-at="2019-05-08T23:10:25Z" finished-at="2019-05-08T23:10:26Z">
          <reporter-output>
          </reporter-output>
        </test-method> <!-- closebrowser -->
        <test-method status="PASS" signature="setupBeforeTest(java.lang.String, java.lang.String, java.lang.String)[pri:0, instance:com.gurukula.AutomationTestgurkula.LTC_03_AcccountManagement_Test@64616ca2]" name="setupBeforeTest" is-config="true" duration-ms="6633" started-at="2019-05-08T23:10:26Z" finished-at="2019-05-08T23:10:33Z">
          <params>
            <param index="0">
              <value>
                <![CDATA[admin]]>
              </value>
            </param>
            <param index="1">
              <value>
                <![CDATA[admin]]>
              </value>
            </param>
            <param index="2">
              <value>
                <![CDATA[You are logged in as user ]]>
              </value>
            </param>
          </params>
          <reporter-output>
          </reporter-output>
        </test-method> <!-- setupBeforeTest -->
        <test-method status="PASS" signature="PTC_AC01_to_AC07_Verify_User_settings_with_differentinputcombinations(java.lang.String, java.lang.String, java.lang.String, java.lang.String, java.lang.String)[pri:0, instance:com.gurukula.AutomationTestgurkula.LTC_03_AcccountManagement_Test@64616ca2]" name="PTC_AC01_to_AC07_Verify_User_settings_with_differentinputcombinations" duration-ms="1475" started-at="2019-05-08T23:10:33Z" data-provider="userSettingsData" finished-at="2019-05-08T23:10:34Z">
          <params>
            <param index="0">
              <value>
                <![CDATA[Admin firstname]]>
              </value>
            </param>
            <param index="1">
              <value>
                <![CDATA[Admin lastname]]>
              </value>
            </param>
            <param index="2">
              <value>
                <![CDATA[]]>
              </value>
            </param>
            <param index="3">
              <value>
                <![CDATA[Your e-mail is required.]]>
              </value>
            </param>
            <param index="4">
              <value>
                <![CDATA[flagY]]>
              </value>
            </param>
          </params>
          <reporter-output>
          </reporter-output>
        </test-method> <!-- PTC_AC01_to_AC07_Verify_User_settings_with_differentinputcombinations -->
        <test-method status="PASS" signature="closebrowser()[pri:0, instance:com.gurukula.AutomationTestgurkula.LTC_03_AcccountManagement_Test@64616ca2]" name="closebrowser" is-config="true" duration-ms="829" started-at="2019-05-08T23:10:34Z" finished-at="2019-05-08T23:10:35Z">
          <reporter-output>
          </reporter-output>
        </test-method> <!-- closebrowser -->
        <test-method status="PASS" signature="setupBeforeTest(java.lang.String, java.lang.String, java.lang.String)[pri:0, instance:com.gurukula.AutomationTestgurkula.LTC_03_AcccountManagement_Test@64616ca2]" name="setupBeforeTest" is-config="true" duration-ms="7459" started-at="2019-05-08T23:10:35Z" finished-at="2019-05-08T23:10:43Z">
          <params>
            <param index="0">
              <value>
                <![CDATA[admin]]>
              </value>
            </param>
            <param index="1">
              <value>
                <![CDATA[admin]]>
              </value>
            </param>
            <param index="2">
              <value>
                <![CDATA[You are logged in as user ]]>
              </value>
            </param>
          </params>
          <reporter-output>
          </reporter-output>
        </test-method> <!-- setupBeforeTest -->
        <test-method status="FAIL" signature="PTC_AC08_to_AC15_Verify_User_settings_with_differentinputcombinations(java.lang.String, java.lang.String, java.lang.String, java.lang.String)[pri:0, instance:com.gurukula.AutomationTestgurkula.LTC_03_AcccountManagement_Test@64616ca2]" name="PTC_AC08_to_AC15_Verify_User_settings_with_differentinputcombinations" duration-ms="1037" started-at="2019-05-08T23:10:43Z" data-provider="passwordsData" finished-at="2019-05-08T23:10:44Z">
          <params>
            <param index="0">
              <value>
                <![CDATA[May@2019]]>
              </value>
            </param>
            <param index="1">
              <value>
                <![CDATA[May@2019]]>
              </value>
            </param>
            <param index="2">
              <value>
                <![CDATA[Password changed!]]>
              </value>
            </param>
            <param index="3">
              <value>
                <![CDATA[flagX]]>
              </value>
            </param>
          </params>
          <exception class="java.lang.AssertionError">
            <message>
              <![CDATA[expected [Password changed!] but found []]]>
            </message>
            <full-stacktrace>
              <![CDATA[java.lang.AssertionError: expected [Password changed!] but found []
	at org.testng.Assert.fail(Assert.java:94)
	at org.testng.Assert.failNotEquals(Assert.java:494)
	at org.testng.Assert.assertEquals(Assert.java:123)
	at org.testng.Assert.assertEquals(Assert.java:176)
	at org.testng.Assert.assertEquals(Assert.java:186)
	at com.gurukula.AutomationTestgurkula.LTC_03_AcccountManagement_Test.PTC_AC08_to_AC15_Verify_User_settings_with_differentinputcombinations(LTC_03_AcccountManagement_Test.java:89)
	at sun.reflect.NativeMethodAccessorImpl.invoke0(Native Method)
	at sun.reflect.NativeMethodAccessorImpl.invoke(NativeMethodAccessorImpl.java:62)
	at sun.reflect.DelegatingMethodAccessorImpl.invoke(DelegatingMethodAccessorImpl.java:43)
	at java.lang.reflect.Method.invoke(Method.java:498)
	at org.testng.internal.MethodInvocationHelper.invokeMethod(MethodInvocationHelper.java:80)
	at org.testng.internal.Invoker.invokeMethod(Invoker.java:714)
	at org.testng.internal.Invoker.invokeTestMethod(Invoker.java:901)
	at org.testng.internal.Invoker.invokeTestMethods(Invoker.java:1231)
	at org.testng.internal.TestMethodWorker.invokeTestMethods(TestMethodWorker.java:127)
	at org.testng.internal.TestMethodWorker.run(TestMethodWorker.java:111)
	at org.testng.TestRunner.privateRun(TestRunner.java:767)
	at org.testng.TestRunner.run(TestRunner.java:617)
	at org.testng.SuiteRunner.runTest(SuiteRunner.java:334)
	at org.testng.SuiteRunner.runSequentially(SuiteRunner.java:329)
	at org.testng.SuiteRunner.privateRun(SuiteRunner.java:291)
	at org.testng.SuiteRunner.run(SuiteRunner.java:240)
	at org.testng.SuiteRunnerWorker.runSuite(SuiteRunnerWorker.java:52)
	at org.testng.SuiteRunnerWorker.run(SuiteRunnerWorker.java:86)
	at org.testng.TestNG.runSuitesSequentially(TestNG.java:1198)
	at org.testng.TestNG.runSuitesLocally(TestNG.java:1123)
	at org.testng.TestNG.run(TestNG.java:1031)
	at org.apache.maven.surefire.testng.TestNGExecutor.run(TestNGExecutor.java:178)
	at org.apache.maven.surefire.testng.TestNGXmlTestSuite.execute(TestNGXmlTestSuite.java:92)
	at org.apache.maven.surefire.testng.TestNGProvider.invoke(TestNGProvider.java:96)
	at sun.reflect.NativeMethodAccessorImpl.invoke0(Native Method)
	at sun.reflect.NativeMethodAccessorImpl.invoke(NativeMethodAccessorImpl.java:62)
	at sun.reflect.DelegatingMethodAccessorImpl.invoke(DelegatingMethodAccessorImpl.java:43)
	at java.lang.reflect.Method.invoke(Method.java:498)
	at org.apache.maven.surefire.util.ReflectionUtils.invokeMethodWithArray2(ReflectionUtils.java:208)
	at org.apache.maven.surefire.booter.ProviderFactory$ProviderProxy.invoke(ProviderFactory.java:159)
	at org.apache.maven.surefire.booter.ProviderFactory.invokeProvider(ProviderFactory.java:87)
	at org.apache.maven.surefire.booter.ForkedBooter.runSuitesInProcess(ForkedBooter.java:153)
	at org.apache.maven.surefire.booter.ForkedBooter.main(ForkedBooter.java:95)
]]>
            </full-stacktrace>
          </exception> <!-- java.lang.AssertionError -->
          <reporter-output>
          </reporter-output>
        </test-method> <!-- PTC_AC08_to_AC15_Verify_User_settings_with_differentinputcombinations -->
        <test-method status="PASS" signature="closebrowser()[pri:0, instance:com.gurukula.AutomationTestgurkula.LTC_03_AcccountManagement_Test@64616ca2]" name="closebrowser" is-config="true" duration-ms="862" started-at="2019-05-08T23:10:44Z" finished-at="2019-05-08T23:10:45Z">
          <reporter-output>
          </reporter-output>
        </test-method> <!-- closebrowser -->
        <test-method status="PASS" signature="setupBeforeTest(java.lang.String, java.lang.String, java.lang.String)[pri:0, instance:com.gurukula.AutomationTestgurkula.LTC_03_AcccountManagement_Test@64616ca2]" name="setupBeforeTest" is-config="true" duration-ms="7912" started-at="2019-05-08T23:10:45Z" finished-at="2019-05-08T23:10:53Z">
          <params>
            <param index="0">
              <value>
                <![CDATA[admin]]>
              </value>
            </param>
            <param index="1">
              <value>
                <![CDATA[admin]]>
              </value>
            </param>
            <param index="2">
              <value>
                <![CDATA[You are logged in as user ]]>
              </value>
            </param>
          </params>
          <reporter-output>
          </reporter-output>
        </test-method> <!-- setupBeforeTest -->
        <test-method status="PASS" signature="PTC_AC08_to_AC15_Verify_User_settings_with_differentinputcombinations(java.lang.String, java.lang.String, java.lang.String, java.lang.String)[pri:0, instance:com.gurukula.AutomationTestgurkula.LTC_03_AcccountManagement_Test@64616ca2]" name="PTC_AC08_to_AC15_Verify_User_settings_with_differentinputcombinations" duration-ms="950" started-at="2019-05-08T23:10:53Z" data-provider="passwordsData" finished-at="2019-05-08T23:10:53Z">
          <params>
            <param index="0">
              <value>
                <![CDATA[mm]]>
              </value>
            </param>
            <param index="1">
              <value>
                <![CDATA[May@2019]]>
              </value>
            </param>
            <param index="2">
              <value>
                <![CDATA[Your password is required to be at least 5 characters.]]>
              </value>
            </param>
            <param index="3">
              <value>
                <![CDATA[flagY]]>
              </value>
            </param>
          </params>
          <reporter-output>
          </reporter-output>
        </test-method> <!-- PTC_AC08_to_AC15_Verify_User_settings_with_differentinputcombinations -->
        <test-method status="PASS" signature="closebrowser()[pri:0, instance:com.gurukula.AutomationTestgurkula.LTC_03_AcccountManagement_Test@64616ca2]" name="closebrowser" is-config="true" duration-ms="844" started-at="2019-05-08T23:10:53Z" finished-at="2019-05-08T23:10:54Z">
          <reporter-output>
          </reporter-output>
        </test-method> <!-- closebrowser -->
        <test-method status="PASS" signature="setupBeforeTest(java.lang.String, java.lang.String, java.lang.String)[pri:0, instance:com.gurukula.AutomationTestgurkula.LTC_03_AcccountManagement_Test@64616ca2]" name="setupBeforeTest" is-config="true" duration-ms="7488" started-at="2019-05-08T23:10:54Z" finished-at="2019-05-08T23:11:02Z">
          <params>
            <param index="0">
              <value>
                <![CDATA[admin]]>
              </value>
            </param>
            <param index="1">
              <value>
                <![CDATA[admin]]>
              </value>
            </param>
            <param index="2">
              <value>
                <![CDATA[You are logged in as user ]]>
              </value>
            </param>
          </params>
          <reporter-output>
          </reporter-output>
        </test-method> <!-- setupBeforeTest -->
        <test-method status="PASS" signature="PTC_AC08_to_AC15_Verify_User_settings_with_differentinputcombinations(java.lang.String, java.lang.String, java.lang.String, java.lang.String)[pri:0, instance:com.gurukula.AutomationTestgurkula.LTC_03_AcccountManagement_Test@64616ca2]" name="PTC_AC08_to_AC15_Verify_User_settings_with_differentinputcombinations" duration-ms="1521" started-at="2019-05-08T23:11:02Z" data-provider="passwordsData" finished-at="2019-05-08T23:11:03Z">
          <params>
            <param index="0">
              <value>
                <![CDATA[ggggggggggggggggggggggggggggggggggggggggggggggggggg]]>
              </value>
            </param>
            <param index="1">
              <value>
                <![CDATA[May@2019]]>
              </value>
            </param>
            <param index="2">
              <value>
                <![CDATA[Your password cannot be longer than 50 characters.]]>
              </value>
            </param>
            <param index="3">
              <value>
                <![CDATA[flagY]]>
              </value>
            </param>
          </params>
          <reporter-output>
          </reporter-output>
        </test-method> <!-- PTC_AC08_to_AC15_Verify_User_settings_with_differentinputcombinations -->
        <test-method status="PASS" signature="closebrowser()[pri:0, instance:com.gurukula.AutomationTestgurkula.LTC_03_AcccountManagement_Test@64616ca2]" name="closebrowser" is-config="true" duration-ms="890" started-at="2019-05-08T23:11:03Z" finished-at="2019-05-08T23:11:04Z">
          <reporter-output>
          </reporter-output>
        </test-method> <!-- closebrowser -->
        <test-method status="PASS" signature="setupBeforeTest(java.lang.String, java.lang.String, java.lang.String)[pri:0, instance:com.gurukula.AutomationTestgurkula.LTC_03_AcccountManagement_Test@64616ca2]" name="setupBeforeTest" is-config="true" duration-ms="6289" started-at="2019-05-08T23:11:04Z" finished-at="2019-05-08T23:11:11Z">
          <params>
            <param index="0">
              <value>
                <![CDATA[admin]]>
              </value>
            </param>
            <param index="1">
              <value>
                <![CDATA[admin]]>
              </value>
            </param>
            <param index="2">
              <value>
                <![CDATA[You are logged in as user ]]>
              </value>
            </param>
          </params>
          <reporter-output>
          </reporter-output>
        </test-method> <!-- setupBeforeTest -->
        <test-method status="PASS" signature="PTC_AC08_to_AC15_Verify_User_settings_with_differentinputcombinations(java.lang.String, java.lang.String, java.lang.String, java.lang.String)[pri:0, instance:com.gurukula.AutomationTestgurkula.LTC_03_AcccountManagement_Test@64616ca2]" name="PTC_AC08_to_AC15_Verify_User_settings_with_differentinputcombinations" duration-ms="1122" started-at="2019-05-08T23:11:11Z" data-provider="passwordsData" finished-at="2019-05-08T23:11:12Z">
          <params>
            <param index="0">
              <value>
                <![CDATA[May@2019]]>
              </value>
            </param>
            <param index="1">
              <value>
                <![CDATA[mm]]>
              </value>
            </param>
            <param index="2">
              <value>
                <![CDATA[Your confirmation password is required to be at least 5 characters.]]>
              </value>
            </param>
            <param index="3">
              <value>
                <![CDATA[flagY]]>
              </value>
            </param>
          </params>
          <reporter-output>
          </reporter-output>
        </test-method> <!-- PTC_AC08_to_AC15_Verify_User_settings_with_differentinputcombinations -->
        <test-method status="PASS" signature="closebrowser()[pri:0, instance:com.gurukula.AutomationTestgurkula.LTC_03_AcccountManagement_Test@64616ca2]" name="closebrowser" is-config="true" duration-ms="860" started-at="2019-05-08T23:11:12Z" finished-at="2019-05-08T23:11:12Z">
          <reporter-output>
          </reporter-output>
        </test-method> <!-- closebrowser -->
        <test-method status="PASS" signature="setupBeforeTest(java.lang.String, java.lang.String, java.lang.String)[pri:0, instance:com.gurukula.AutomationTestgurkula.LTC_03_AcccountManagement_Test@64616ca2]" name="setupBeforeTest" is-config="true" duration-ms="7929" started-at="2019-05-08T23:11:12Z" finished-at="2019-05-08T23:11:20Z">
          <params>
            <param index="0">
              <value>
                <![CDATA[admin]]>
              </value>
            </param>
            <param index="1">
              <value>
                <![CDATA[admin]]>
              </value>
            </param>
            <param index="2">
              <value>
                <![CDATA[You are logged in as user ]]>
              </value>
            </param>
          </params>
          <reporter-output>
          </reporter-output>
        </test-method> <!-- setupBeforeTest -->
        <test-method status="PASS" signature="PTC_AC08_to_AC15_Verify_User_settings_with_differentinputcombinations(java.lang.String, java.lang.String, java.lang.String, java.lang.String)[pri:0, instance:com.gurukula.AutomationTestgurkula.LTC_03_AcccountManagement_Test@64616ca2]" name="PTC_AC08_to_AC15_Verify_User_settings_with_differentinputcombinations" duration-ms="1415" started-at="2019-05-08T23:11:20Z" data-provider="passwordsData" finished-at="2019-05-08T23:11:22Z">
          <params>
            <param index="0">
              <value>
                <![CDATA[May@2019]]>
              </value>
            </param>
            <param index="1">
              <value>
                <![CDATA[ggggggggggggggggggggggggggggggggggggggggggggggggggg]]>
              </value>
            </param>
            <param index="2">
              <value>
                <![CDATA[Your confirmation password cannot be longer than 50 characters.]]>
              </value>
            </param>
            <param index="3">
              <value>
                <![CDATA[flagY]]>
              </value>
            </param>
          </params>
          <reporter-output>
          </reporter-output>
        </test-method> <!-- PTC_AC08_to_AC15_Verify_User_settings_with_differentinputcombinations -->
        <test-method status="PASS" signature="closebrowser()[pri:0, instance:com.gurukula.AutomationTestgurkula.LTC_03_AcccountManagement_Test@64616ca2]" name="closebrowser" is-config="true" duration-ms="857" started-at="2019-05-08T23:11:22Z" finished-at="2019-05-08T23:11:23Z">
          <reporter-output>
          </reporter-output>
        </test-method> <!-- closebrowser -->
        <test-method status="PASS" signature="setupBeforeTest(java.lang.String, java.lang.String, java.lang.String)[pri:0, instance:com.gurukula.AutomationTestgurkula.LTC_03_AcccountManagement_Test@64616ca2]" name="setupBeforeTest" is-config="true" duration-ms="6093" started-at="2019-05-08T23:11:23Z" finished-at="2019-05-08T23:11:29Z">
          <params>
            <param index="0">
              <value>
                <![CDATA[admin]]>
              </value>
            </param>
            <param index="1">
              <value>
                <![CDATA[admin]]>
              </value>
            </param>
            <param index="2">
              <value>
                <![CDATA[You are logged in as user ]]>
              </value>
            </param>
          </params>
          <reporter-output>
          </reporter-output>
        </test-method> <!-- setupBeforeTest -->
        <test-method status="PASS" signature="PTC_AC08_to_AC15_Verify_User_settings_with_differentinputcombinations(java.lang.String, java.lang.String, java.lang.String, java.lang.String)[pri:0, instance:com.gurukula.AutomationTestgurkula.LTC_03_AcccountManagement_Test@64616ca2]" name="PTC_AC08_to_AC15_Verify_User_settings_with_differentinputcombinations" duration-ms="1213" started-at="2019-05-08T23:11:29Z" data-provider="passwordsData" finished-at="2019-05-08T23:11:30Z">
          <params>
            <param index="0">
              <value>
                <![CDATA[]]>
              </value>
            </param>
            <param index="1">
              <value>
                <![CDATA[May@2019]]>
              </value>
            </param>
            <param index="2">
              <value>
                <![CDATA[Your password is required.]]>
              </value>
            </param>
            <param index="3">
              <value>
                <![CDATA[flagY]]>
              </value>
            </param>
          </params>
          <reporter-output>
          </reporter-output>
        </test-method> <!-- PTC_AC08_to_AC15_Verify_User_settings_with_differentinputcombinations -->
        <test-method status="PASS" signature="closebrowser()[pri:0, instance:com.gurukula.AutomationTestgurkula.LTC_03_AcccountManagement_Test@64616ca2]" name="closebrowser" is-config="true" duration-ms="922" started-at="2019-05-08T23:11:30Z" finished-at="2019-05-08T23:11:31Z">
          <reporter-output>
          </reporter-output>
        </test-method> <!-- closebrowser -->
        <test-method status="PASS" signature="setupBeforeTest(java.lang.String, java.lang.String, java.lang.String)[pri:0, instance:com.gurukula.AutomationTestgurkula.LTC_03_AcccountManagement_Test@64616ca2]" name="setupBeforeTest" is-config="true" duration-ms="6628" started-at="2019-05-08T23:11:31Z" finished-at="2019-05-08T23:11:38Z">
          <params>
            <param index="0">
              <value>
                <![CDATA[admin]]>
              </value>
            </param>
            <param index="1">
              <value>
                <![CDATA[admin]]>
              </value>
            </param>
            <param index="2">
              <value>
                <![CDATA[You are logged in as user ]]>
              </value>
            </param>
          </params>
          <reporter-output>
          </reporter-output>
        </test-method> <!-- setupBeforeTest -->
        <test-method status="PASS" signature="PTC_AC08_to_AC15_Verify_User_settings_with_differentinputcombinations(java.lang.String, java.lang.String, java.lang.String, java.lang.String)[pri:0, instance:com.gurukula.AutomationTestgurkula.LTC_03_AcccountManagement_Test@64616ca2]" name="PTC_AC08_to_AC15_Verify_User_settings_with_differentinputcombinations" duration-ms="972" started-at="2019-05-08T23:11:38Z" data-provider="passwordsData" finished-at="2019-05-08T23:11:39Z">
          <params>
            <param index="0">
              <value>
                <![CDATA[May@2019]]>
              </value>
            </param>
            <param index="1">
              <value>
                <![CDATA[]]>
              </value>
            </param>
            <param index="2">
              <value>
                <![CDATA[Your confirmation password is required.]]>
              </value>
            </param>
            <param index="3">
              <value>
                <![CDATA[flagY]]>
              </value>
            </param>
          </params>
          <reporter-output>
          </reporter-output>
        </test-method> <!-- PTC_AC08_to_AC15_Verify_User_settings_with_differentinputcombinations -->
        <test-method status="PASS" signature="closebrowser()[pri:0, instance:com.gurukula.AutomationTestgurkula.LTC_03_AcccountManagement_Test@64616ca2]" name="closebrowser" is-config="true" duration-ms="859" started-at="2019-05-08T23:11:39Z" finished-at="2019-05-08T23:11:39Z">
          <reporter-output>
          </reporter-output>
        </test-method> <!-- closebrowser -->
        <test-method status="PASS" signature="setupBeforeTest(java.lang.String, java.lang.String, java.lang.String)[pri:0, instance:com.gurukula.AutomationTestgurkula.LTC_03_AcccountManagement_Test@64616ca2]" name="setupBeforeTest" is-config="true" duration-ms="6261" started-at="2019-05-08T23:11:39Z" finished-at="2019-05-08T23:11:46Z">
          <params>
            <param index="0">
              <value>
                <![CDATA[admin]]>
              </value>
            </param>
            <param index="1">
              <value>
                <![CDATA[admin]]>
              </value>
            </param>
            <param index="2">
              <value>
                <![CDATA[You are logged in as user ]]>
              </value>
            </param>
          </params>
          <reporter-output>
          </reporter-output>
        </test-method> <!-- setupBeforeTest -->
        <test-method status="PASS" signature="PTC_AC08_to_AC15_Verify_User_settings_with_differentinputcombinations(java.lang.String, java.lang.String, java.lang.String, java.lang.String)[pri:0, instance:com.gurukula.AutomationTestgurkula.LTC_03_AcccountManagement_Test@64616ca2]" name="PTC_AC08_to_AC15_Verify_User_settings_with_differentinputcombinations" duration-ms="831" started-at="2019-05-08T23:11:46Z" data-provider="passwordsData" finished-at="2019-05-08T23:11:46Z">
          <params>
            <param index="0">
              <value>
                <![CDATA[May@2019]]>
              </value>
            </param>
            <param index="1">
              <value>
                <![CDATA[Apr@2019]]>
              </value>
            </param>
            <param index="2">
              <value>
                <![CDATA[The password and its confirmation do not match!]]>
              </value>
            </param>
            <param index="3">
              <value>
                <![CDATA[flagZ]]>
              </value>
            </param>
          </params>
          <reporter-output>
          </reporter-output>
        </test-method> <!-- PTC_AC08_to_AC15_Verify_User_settings_with_differentinputcombinations -->
        <test-method status="PASS" signature="closebrowser()[pri:0, instance:com.gurukula.AutomationTestgurkula.LTC_03_AcccountManagement_Test@64616ca2]" name="closebrowser" is-config="true" duration-ms="890" started-at="2019-05-08T23:11:46Z" finished-at="2019-05-08T23:11:47Z">
          <reporter-output>
          </reporter-output>
        </test-method> <!-- closebrowser -->
        <test-method status="PASS" signature="setupBeforeTest(java.lang.String, java.lang.String, java.lang.String)[pri:0, instance:com.gurukula.AutomationTestgurkula.LTC_03_AcccountManagement_Test@64616ca2]" name="setupBeforeTest" is-config="true" duration-ms="5956" started-at="2019-05-08T23:11:47Z" finished-at="2019-05-08T23:11:53Z">
          <params>
            <param index="0">
              <value>
                <![CDATA[admin]]>
              </value>
            </param>
            <param index="1">
              <value>
                <![CDATA[admin]]>
              </value>
            </param>
            <param index="2">
              <value>
                <![CDATA[You are logged in as user ]]>
              </value>
            </param>
          </params>
          <reporter-output>
          </reporter-output>
        </test-method> <!-- setupBeforeTest -->
        <test-method status="FAIL" signature="PTC_AC16_InvalidateSession()[pri:0, instance:com.gurukula.AutomationTestgurkula.LTC_03_AcccountManagement_Test@64616ca2]" name="PTC_AC16_InvalidateSession" duration-ms="726" started-at="2019-05-08T23:11:53Z" finished-at="2019-05-08T23:11:54Z">
          <exception class="java.lang.AssertionError">
            <message>
              <![CDATA[expected [Session invalidated!] but found []]]>
            </message>
            <full-stacktrace>
              <![CDATA[java.lang.AssertionError: expected [Session invalidated!] but found []
	at org.testng.Assert.fail(Assert.java:94)
	at org.testng.Assert.failNotEquals(Assert.java:494)
	at org.testng.Assert.assertEquals(Assert.java:123)
	at org.testng.Assert.assertEquals(Assert.java:176)
	at org.testng.Assert.assertEquals(Assert.java:186)
	at com.gurukula.AutomationTestgurkula.LTC_03_AcccountManagement_Test.PTC_AC16_InvalidateSession(LTC_03_AcccountManagement_Test.java:113)
	at sun.reflect.NativeMethodAccessorImpl.invoke0(Native Method)
	at sun.reflect.NativeMethodAccessorImpl.invoke(NativeMethodAccessorImpl.java:62)
	at sun.reflect.DelegatingMethodAccessorImpl.invoke(DelegatingMethodAccessorImpl.java:43)
	at java.lang.reflect.Method.invoke(Method.java:498)
	at org.testng.internal.MethodInvocationHelper.invokeMethod(MethodInvocationHelper.java:80)
	at org.testng.internal.Invoker.invokeMethod(Invoker.java:714)
	at org.testng.internal.Invoker.invokeTestMethod(Invoker.java:901)
	at org.testng.internal.Invoker.invokeTestMethods(Invoker.java:1231)
	at org.testng.internal.TestMethodWorker.invokeTestMethods(TestMethodWorker.java:127)
	at org.testng.internal.TestMethodWorker.run(TestMethodWorker.java:111)
	at org.testng.TestRunner.privateRun(TestRunner.java:767)
	at org.testng.TestRunner.run(TestRunner.java:617)
	at org.testng.SuiteRunner.runTest(SuiteRunner.java:334)
	at org.testng.SuiteRunner.runSequentially(SuiteRunner.java:329)
	at org.testng.SuiteRunner.privateRun(SuiteRunner.java:291)
	at org.testng.SuiteRunner.run(SuiteRunner.java:240)
	at org.testng.SuiteRunnerWorker.runSuite(SuiteRunnerWorker.java:52)
	at org.testng.SuiteRunnerWorker.run(SuiteRunnerWorker.java:86)
	at org.testng.TestNG.runSuitesSequentially(TestNG.java:1198)
	at org.testng.TestNG.runSuitesLocally(TestNG.java:1123)
	at org.testng.TestNG.run(TestNG.java:1031)
	at org.apache.maven.surefire.testng.TestNGExecutor.run(TestNGExecutor.java:178)
	at org.apache.maven.surefire.testng.TestNGXmlTestSuite.execute(TestNGXmlTestSuite.java:92)
	at org.apache.maven.surefire.testng.TestNGProvider.invoke(TestNGProvider.java:96)
	at sun.reflect.NativeMethodAccessorImpl.invoke0(Native Method)
	at sun.reflect.NativeMethodAccessorImpl.invoke(NativeMethodAccessorImpl.java:62)
	at sun.reflect.DelegatingMethodAccessorImpl.invoke(DelegatingMethodAccessorImpl.java:43)
	at java.lang.reflect.Method.invoke(Method.java:498)
	at org.apache.maven.surefire.util.ReflectionUtils.invokeMethodWithArray2(ReflectionUtils.java:208)
	at org.apache.maven.surefire.booter.ProviderFactory$ProviderProxy.invoke(ProviderFactory.java:159)
	at org.apache.maven.surefire.booter.ProviderFactory.invokeProvider(ProviderFactory.java:87)
	at org.apache.maven.surefire.booter.ForkedBooter.runSuitesInProcess(ForkedBooter.java:153)
	at org.apache.maven.surefire.booter.ForkedBooter.main(ForkedBooter.java:95)
]]>
            </full-stacktrace>
          </exception> <!-- java.lang.AssertionError -->
          <reporter-output>
          </reporter-output>
        </test-method> <!-- PTC_AC16_InvalidateSession -->
        <test-method status="PASS" signature="closebrowser()[pri:0, instance:com.gurukula.AutomationTestgurkula.LTC_03_AcccountManagement_Test@64616ca2]" name="closebrowser" is-config="true" duration-ms="885" started-at="2019-05-08T23:11:54Z" finished-at="2019-05-08T23:11:55Z">
          <reporter-output>
          </reporter-output>
        </test-method> <!-- closebrowser -->
      </class> <!-- com.gurukula.AutomationTestgurkula.LTC_03_AcccountManagement_Test -->
      <class name="com.gurukula.AutomationTestgurkula.LTC_04_BranchesManagement_Test">
        <test-method status="PASS" signature="setupBeforeTest(java.lang.String, java.lang.String, java.lang.String)[pri:0, instance:com.gurukula.AutomationTestgurkula.LTC_04_BranchesManagement_Test@380fb434]" name="setupBeforeTest" is-config="true" duration-ms="12084" started-at="2019-05-08T23:11:55Z" finished-at="2019-05-08T23:12:07Z">
          <params>
            <param index="0">
              <value>
                <![CDATA[admin]]>
              </value>
            </param>
            <param index="1">
              <value>
                <![CDATA[admin]]>
              </value>
            </param>
            <param index="2">
              <value>
                <![CDATA[You are logged in as user ]]>
              </value>
            </param>
          </params>
          <reporter-output>
          </reporter-output>
        </test-method> <!-- setupBeforeTest -->
        <test-method status="PASS" signature="PTC_BM_001_Verify_BranchCreation(java.lang.String, java.lang.String)[pri:0, instance:com.gurukula.AutomationTestgurkula.LTC_04_BranchesManagement_Test@380fb434]" name="PTC_BM_001_Verify_BranchCreation" duration-ms="7081" started-at="2019-05-08T23:12:07Z" finished-at="2019-05-08T23:12:14Z">
          <params>
            <param index="0">
              <value>
                <![CDATA[CIVILENG]]>
              </value>
            </param>
            <param index="1">
              <value>
                <![CDATA[CIV]]>
              </value>
            </param>
          </params>
          <reporter-output>
          </reporter-output>
        </test-method> <!-- PTC_BM_001_Verify_BranchCreation -->
        <test-method status="PASS" signature="closebrowser()[pri:0, instance:com.gurukula.AutomationTestgurkula.LTC_04_BranchesManagement_Test@380fb434]" name="closebrowser" is-config="true" duration-ms="891" started-at="2019-05-08T23:12:14Z" finished-at="2019-05-08T23:12:15Z">
          <reporter-output>
          </reporter-output>
        </test-method> <!-- closebrowser -->
        <test-method status="PASS" signature="setupBeforeTest(java.lang.String, java.lang.String, java.lang.String)[pri:0, instance:com.gurukula.AutomationTestgurkula.LTC_04_BranchesManagement_Test@380fb434]" name="setupBeforeTest" is-config="true" duration-ms="13053" started-at="2019-05-08T23:12:15Z" finished-at="2019-05-08T23:12:28Z">
          <params>
            <param index="0">
              <value>
                <![CDATA[admin]]>
              </value>
            </param>
            <param index="1">
              <value>
                <![CDATA[admin]]>
              </value>
            </param>
            <param index="2">
              <value>
                <![CDATA[You are logged in as user ]]>
              </value>
            </param>
          </params>
          <reporter-output>
          </reporter-output>
        </test-method> <!-- setupBeforeTest -->
        <test-method status="PASS" signature="PTC_BM_002_Verify_Branch_view_functionality()[pri:0, instance:com.gurukula.AutomationTestgurkula.LTC_04_BranchesManagement_Test@380fb434]" name="PTC_BM_002_Verify_Branch_view_functionality" duration-ms="508" started-at="2019-05-08T23:12:28Z" finished-at="2019-05-08T23:12:29Z">
          <reporter-output>
          </reporter-output>
        </test-method> <!-- PTC_BM_002_Verify_Branch_view_functionality -->
        <test-method status="PASS" signature="closebrowser()[pri:0, instance:com.gurukula.AutomationTestgurkula.LTC_04_BranchesManagement_Test@380fb434]" name="closebrowser" is-config="true" duration-ms="822" started-at="2019-05-08T23:12:29Z" finished-at="2019-05-08T23:12:29Z">
          <reporter-output>
          </reporter-output>
        </test-method> <!-- closebrowser -->
        <test-method status="PASS" signature="setupBeforeTest(java.lang.String, java.lang.String, java.lang.String)[pri:0, instance:com.gurukula.AutomationTestgurkula.LTC_04_BranchesManagement_Test@380fb434]" name="setupBeforeTest" is-config="true" duration-ms="11464" started-at="2019-05-08T23:12:29Z" finished-at="2019-05-08T23:12:41Z">
          <params>
            <param index="0">
              <value>
                <![CDATA[admin]]>
              </value>
            </param>
            <param index="1">
              <value>
                <![CDATA[admin]]>
              </value>
            </param>
            <param index="2">
              <value>
                <![CDATA[You are logged in as user ]]>
              </value>
            </param>
          </params>
          <reporter-output>
          </reporter-output>
        </test-method> <!-- setupBeforeTest -->
        <test-method status="PASS" signature="PTC_BM_003_Verify_BranchEditing(java.lang.String, java.lang.String)[pri:0, instance:com.gurukula.AutomationTestgurkula.LTC_04_BranchesManagement_Test@380fb434]" name="PTC_BM_003_Verify_BranchEditing" duration-ms="6637" started-at="2019-05-08T23:12:41Z" finished-at="2019-05-08T23:12:47Z">
          <params>
            <param index="0">
              <value>
                <![CDATA[EDITBRANCH]]>
              </value>
            </param>
            <param index="1">
              <value>
                <![CDATA[UPA]]>
              </value>
            </param>
          </params>
          <reporter-output>
          </reporter-output>
        </test-method> <!-- PTC_BM_003_Verify_BranchEditing -->
        <test-method status="PASS" signature="closebrowser()[pri:0, instance:com.gurukula.AutomationTestgurkula.LTC_04_BranchesManagement_Test@380fb434]" name="closebrowser" is-config="true" duration-ms="843" started-at="2019-05-08T23:12:47Z" finished-at="2019-05-08T23:12:48Z">
          <reporter-output>
          </reporter-output>
        </test-method> <!-- closebrowser -->
        <test-method status="PASS" signature="setupBeforeTest(java.lang.String, java.lang.String, java.lang.String)[pri:0, instance:com.gurukula.AutomationTestgurkula.LTC_04_BranchesManagement_Test@380fb434]" name="setupBeforeTest" is-config="true" duration-ms="13558" started-at="2019-05-08T23:12:48Z" finished-at="2019-05-08T23:13:02Z">
          <params>
            <param index="0">
              <value>
                <![CDATA[admin]]>
              </value>
            </param>
            <param index="1">
              <value>
                <![CDATA[admin]]>
              </value>
            </param>
            <param index="2">
              <value>
                <![CDATA[You are logged in as user ]]>
              </value>
            </param>
          </params>
          <reporter-output>
          </reporter-output>
        </test-method> <!-- setupBeforeTest -->
        <test-method status="PASS" signature="PTC_BM_004_Verify_delete_functionality()[pri:0, instance:com.gurukula.AutomationTestgurkula.LTC_04_BranchesManagement_Test@380fb434]" name="PTC_BM_004_Verify_delete_functionality" duration-ms="61660" started-at="2019-05-08T23:13:02Z" finished-at="2019-05-08T23:14:04Z">
          <reporter-output>
          </reporter-output>
        </test-method> <!-- PTC_BM_004_Verify_delete_functionality -->
        <test-method status="PASS" signature="closebrowser()[pri:0, instance:com.gurukula.AutomationTestgurkula.LTC_04_BranchesManagement_Test@380fb434]" name="closebrowser" is-config="true" duration-ms="814" started-at="2019-05-08T23:14:04Z" finished-at="2019-05-08T23:14:04Z">
          <reporter-output>
          </reporter-output>
        </test-method> <!-- closebrowser -->
        <test-method status="PASS" signature="setupBeforeTest(java.lang.String, java.lang.String, java.lang.String)[pri:0, instance:com.gurukula.AutomationTestgurkula.LTC_04_BranchesManagement_Test@380fb434]" name="setupBeforeTest" is-config="true" duration-ms="11941" started-at="2019-05-08T23:14:04Z" finished-at="2019-05-08T23:14:16Z">
          <params>
            <param index="0">
              <value>
                <![CDATA[admin]]>
              </value>
            </param>
            <param index="1">
              <value>
                <![CDATA[admin]]>
              </value>
            </param>
            <param index="2">
              <value>
                <![CDATA[You are logged in as user ]]>
              </value>
            </param>
          </params>
          <reporter-output>
          </reporter-output>
        </test-method> <!-- setupBeforeTest -->
        <test-method status="PASS" signature="PTC_BM_007_to_BM_013_Verify_Createbranch_functionality_withvariousinputs(java.lang.String, java.lang.String, java.lang.String)[pri:0, instance:com.gurukula.AutomationTestgurkula.LTC_04_BranchesManagement_Test@380fb434]" name="PTC_BM_007_to_BM_013_Verify_Createbranch_functionality_withvariousinputs" duration-ms="6011" started-at="2019-05-08T23:14:16Z" data-provider="createBranchData" finished-at="2019-05-08T23:14:22Z">
          <params>
            <param index="0">
              <value>
                <![CDATA[AA]]>
              </value>
            </param>
            <param index="1">
              <value>
                <![CDATA[ABC]]>
              </value>
            </param>
            <param index="2">
              <value>
                <![CDATA[This field is required to be at least 5 characters.]]>
              </value>
            </param>
          </params>
          <reporter-output>
          </reporter-output>
        </test-method> <!-- PTC_BM_007_to_BM_013_Verify_Createbranch_functionality_withvariousinputs -->
        <test-method status="PASS" signature="closebrowser()[pri:0, instance:com.gurukula.AutomationTestgurkula.LTC_04_BranchesManagement_Test@380fb434]" name="closebrowser" is-config="true" duration-ms="859" started-at="2019-05-08T23:14:22Z" finished-at="2019-05-08T23:14:23Z">
          <reporter-output>
          </reporter-output>
        </test-method> <!-- closebrowser -->
        <test-method status="PASS" signature="setupBeforeTest(java.lang.String, java.lang.String, java.lang.String)[pri:0, instance:com.gurukula.AutomationTestgurkula.LTC_04_BranchesManagement_Test@380fb434]" name="setupBeforeTest" is-config="true" duration-ms="11478" started-at="2019-05-08T23:14:23Z" finished-at="2019-05-08T23:14:35Z">
          <params>
            <param index="0">
              <value>
                <![CDATA[admin]]>
              </value>
            </param>
            <param index="1">
              <value>
                <![CDATA[admin]]>
              </value>
            </param>
            <param index="2">
              <value>
                <![CDATA[You are logged in as user ]]>
              </value>
            </param>
          </params>
          <reporter-output>
          </reporter-output>
        </test-method> <!-- setupBeforeTest -->
        <test-method status="PASS" signature="PTC_BM_007_to_BM_013_Verify_Createbranch_functionality_withvariousinputs(java.lang.String, java.lang.String, java.lang.String)[pri:0, instance:com.gurukula.AutomationTestgurkula.LTC_04_BranchesManagement_Test@380fb434]" name="PTC_BM_007_to_BM_013_Verify_Createbranch_functionality_withvariousinputs" duration-ms="6264" started-at="2019-05-08T23:14:35Z" data-provider="createBranchData" finished-at="2019-05-08T23:14:41Z">
          <params>
            <param index="0">
              <value>
                <![CDATA[AAAAAAAAAAAAAAAAAAAAAAAAAAAAAAAAAA]]>
              </value>
            </param>
            <param index="1">
              <value>
                <![CDATA[ABC]]>
              </value>
            </param>
            <param index="2">
              <value>
                <![CDATA[This field cannot be longer than 20 characters.]]>
              </value>
            </param>
          </params>
          <reporter-output>
          </reporter-output>
        </test-method> <!-- PTC_BM_007_to_BM_013_Verify_Createbranch_functionality_withvariousinputs -->
        <test-method status="PASS" signature="closebrowser()[pri:0, instance:com.gurukula.AutomationTestgurkula.LTC_04_BranchesManagement_Test@380fb434]" name="closebrowser" is-config="true" duration-ms="906" started-at="2019-05-08T23:14:41Z" finished-at="2019-05-08T23:14:42Z">
          <reporter-output>
          </reporter-output>
        </test-method> <!-- closebrowser -->
        <test-method status="PASS" signature="setupBeforeTest(java.lang.String, java.lang.String, java.lang.String)[pri:0, instance:com.gurukula.AutomationTestgurkula.LTC_04_BranchesManagement_Test@380fb434]" name="setupBeforeTest" is-config="true" duration-ms="12172" started-at="2019-05-08T23:14:42Z" finished-at="2019-05-08T23:14:54Z">
          <params>
            <param index="0">
              <value>
                <![CDATA[admin]]>
              </value>
            </param>
            <param index="1">
              <value>
                <![CDATA[admin]]>
              </value>
            </param>
            <param index="2">
              <value>
                <![CDATA[You are logged in as user ]]>
              </value>
            </param>
          </params>
          <reporter-output>
          </reporter-output>
        </test-method> <!-- setupBeforeTest -->
        <test-method status="PASS" signature="PTC_BM_007_to_BM_013_Verify_Createbranch_functionality_withvariousinputs(java.lang.String, java.lang.String, java.lang.String)[pri:0, instance:com.gurukula.AutomationTestgurkula.LTC_04_BranchesManagement_Test@380fb434]" name="PTC_BM_007_to_BM_013_Verify_Createbranch_functionality_withvariousinputs" duration-ms="6032" started-at="2019-05-08T23:14:54Z" data-provider="createBranchData" finished-at="2019-05-08T23:15:00Z">
          <params>
            <param index="0">
              <value>
                <![CDATA[]]>
              </value>
            </param>
            <param index="1">
              <value>
                <![CDATA[ABC]]>
              </value>
            </param>
            <param index="2">
              <value>
                <![CDATA[This field is required.]]>
              </value>
            </param>
          </params>
          <reporter-output>
          </reporter-output>
        </test-method> <!-- PTC_BM_007_to_BM_013_Verify_Createbranch_functionality_withvariousinputs -->
        <test-method status="PASS" signature="closebrowser()[pri:0, instance:com.gurukula.AutomationTestgurkula.LTC_04_BranchesManagement_Test@380fb434]" name="closebrowser" is-config="true" duration-ms="968" started-at="2019-05-08T23:15:00Z" finished-at="2019-05-08T23:15:01Z">
          <reporter-output>
          </reporter-output>
        </test-method> <!-- closebrowser -->
        <test-method status="PASS" signature="setupBeforeTest(java.lang.String, java.lang.String, java.lang.String)[pri:0, instance:com.gurukula.AutomationTestgurkula.LTC_04_BranchesManagement_Test@380fb434]" name="setupBeforeTest" is-config="true" duration-ms="13877" started-at="2019-05-08T23:15:01Z" finished-at="2019-05-08T23:15:15Z">
          <params>
            <param index="0">
              <value>
                <![CDATA[admin]]>
              </value>
            </param>
            <param index="1">
              <value>
                <![CDATA[admin]]>
              </value>
            </param>
            <param index="2">
              <value>
                <![CDATA[You are logged in as user ]]>
              </value>
            </param>
          </params>
          <reporter-output>
          </reporter-output>
        </test-method> <!-- setupBeforeTest -->
        <test-method status="PASS" signature="PTC_BM_007_to_BM_013_Verify_Createbranch_functionality_withvariousinputs(java.lang.String, java.lang.String, java.lang.String)[pri:0, instance:com.gurukula.AutomationTestgurkula.LTC_04_BranchesManagement_Test@380fb434]" name="PTC_BM_007_to_BM_013_Verify_Createbranch_functionality_withvariousinputs" duration-ms="5997" started-at="2019-05-08T23:15:15Z" data-provider="createBranchData" finished-at="2019-05-08T23:15:21Z">
          <params>
            <param index="0">
              <value>
                <![CDATA[ELECTRICAL]]>
              </value>
            </param>
            <param index="1">
              <value>
                <![CDATA[]]>
              </value>
            </param>
            <param index="2">
              <value>
                <![CDATA[This field is required.]]>
              </value>
            </param>
          </params>
          <reporter-output>
          </reporter-output>
        </test-method> <!-- PTC_BM_007_to_BM_013_Verify_Createbranch_functionality_withvariousinputs -->
        <test-method status="PASS" signature="closebrowser()[pri:0, instance:com.gurukula.AutomationTestgurkula.LTC_04_BranchesManagement_Test@380fb434]" name="closebrowser" is-config="true" duration-ms="843" started-at="2019-05-08T23:15:21Z" finished-at="2019-05-08T23:15:22Z">
          <reporter-output>
          </reporter-output>
        </test-method> <!-- closebrowser -->
        <test-method status="PASS" signature="setupBeforeTest(java.lang.String, java.lang.String, java.lang.String)[pri:0, instance:com.gurukula.AutomationTestgurkula.LTC_04_BranchesManagement_Test@380fb434]" name="setupBeforeTest" is-config="true" duration-ms="11373" started-at="2019-05-08T23:15:22Z" finished-at="2019-05-08T23:15:33Z">
          <params>
            <param index="0">
              <value>
                <![CDATA[admin]]>
              </value>
            </param>
            <param index="1">
              <value>
                <![CDATA[admin]]>
              </value>
            </param>
            <param index="2">
              <value>
                <![CDATA[You are logged in as user ]]>
              </value>
            </param>
          </params>
          <reporter-output>
          </reporter-output>
        </test-method> <!-- setupBeforeTest -->
        <test-method status="PASS" signature="PTC_BM_007_to_BM_013_Verify_Createbranch_functionality_withvariousinputs(java.lang.String, java.lang.String, java.lang.String)[pri:0, instance:com.gurukula.AutomationTestgurkula.LTC_04_BranchesManagement_Test@380fb434]" name="PTC_BM_007_to_BM_013_Verify_Createbranch_functionality_withvariousinputs" duration-ms="6015" started-at="2019-05-08T23:15:33Z" data-provider="createBranchData" finished-at="2019-05-08T23:15:39Z">
          <params>
            <param index="0">
              <value>
                <![CDATA[ELECTRICAL]]>
              </value>
            </param>
            <param index="1">
              <value>
                <![CDATA[A]]>
              </value>
            </param>
            <param index="2">
              <value>
                <![CDATA[This field is required to be at least 2 characters.]]>
              </value>
            </param>
          </params>
          <reporter-output>
          </reporter-output>
        </test-method> <!-- PTC_BM_007_to_BM_013_Verify_Createbranch_functionality_withvariousinputs -->
        <test-method status="PASS" signature="closebrowser()[pri:0, instance:com.gurukula.AutomationTestgurkula.LTC_04_BranchesManagement_Test@380fb434]" name="closebrowser" is-config="true" duration-ms="899" started-at="2019-05-08T23:15:39Z" finished-at="2019-05-08T23:15:40Z">
          <reporter-output>
          </reporter-output>
        </test-method> <!-- closebrowser -->
        <test-method status="PASS" signature="setupBeforeTest(java.lang.String, java.lang.String, java.lang.String)[pri:0, instance:com.gurukula.AutomationTestgurkula.LTC_04_BranchesManagement_Test@380fb434]" name="setupBeforeTest" is-config="true" duration-ms="12052" started-at="2019-05-08T23:15:40Z" finished-at="2019-05-08T23:15:52Z">
          <params>
            <param index="0">
              <value>
                <![CDATA[admin]]>
              </value>
            </param>
            <param index="1">
              <value>
                <![CDATA[admin]]>
              </value>
            </param>
            <param index="2">
              <value>
                <![CDATA[You are logged in as user ]]>
              </value>
            </param>
          </params>
          <reporter-output>
          </reporter-output>
        </test-method> <!-- setupBeforeTest -->
        <test-method status="PASS" signature="PTC_BM_007_to_BM_013_Verify_Createbranch_functionality_withvariousinputs(java.lang.String, java.lang.String, java.lang.String)[pri:0, instance:com.gurukula.AutomationTestgurkula.LTC_04_BranchesManagement_Test@380fb434]" name="PTC_BM_007_to_BM_013_Verify_Createbranch_functionality_withvariousinputs" duration-ms="6016" started-at="2019-05-08T23:15:52Z" data-provider="createBranchData" finished-at="2019-05-08T23:15:58Z">
          <params>
            <param index="0">
              <value>
                <![CDATA[ELECTRICAL]]>
              </value>
            </param>
            <param index="1">
              <value>
                <![CDATA[aa]]>
              </value>
            </param>
            <param index="2">
              <value>
                <![CDATA[This field should follow pattern ^[A-Z0-9]*$.]]>
              </value>
            </param>
          </params>
          <reporter-output>
          </reporter-output>
        </test-method> <!-- PTC_BM_007_to_BM_013_Verify_Createbranch_functionality_withvariousinputs -->
        <test-method status="PASS" signature="closebrowser()[pri:0, instance:com.gurukula.AutomationTestgurkula.LTC_04_BranchesManagement_Test@380fb434]" name="closebrowser" is-config="true" duration-ms="859" started-at="2019-05-08T23:15:58Z" finished-at="2019-05-08T23:15:59Z">
          <reporter-output>
          </reporter-output>
        </test-method> <!-- closebrowser -->
        <test-method status="PASS" signature="setupBeforeTest(java.lang.String, java.lang.String, java.lang.String)[pri:0, instance:com.gurukula.AutomationTestgurkula.LTC_04_BranchesManagement_Test@380fb434]" name="setupBeforeTest" is-config="true" duration-ms="11345" started-at="2019-05-08T23:15:59Z" finished-at="2019-05-08T23:16:10Z">
          <params>
            <param index="0">
              <value>
                <![CDATA[admin]]>
              </value>
            </param>
            <param index="1">
              <value>
                <![CDATA[admin]]>
              </value>
            </param>
            <param index="2">
              <value>
                <![CDATA[You are logged in as user ]]>
              </value>
            </param>
          </params>
          <reporter-output>
          </reporter-output>
        </test-method> <!-- setupBeforeTest -->
        <test-method status="FAIL" signature="PTC_BM_007_to_BM_013_Verify_Createbranch_functionality_withvariousinputs(java.lang.String, java.lang.String, java.lang.String)[pri:0, instance:com.gurukula.AutomationTestgurkula.LTC_04_BranchesManagement_Test@380fb434]" name="PTC_BM_007_to_BM_013_Verify_Createbranch_functionality_withvariousinputs" duration-ms="6099" started-at="2019-05-08T23:16:10Z" data-provider="createBranchData" finished-at="2019-05-08T23:16:16Z">
          <params>
            <param index="0">
              <value>
                <![CDATA[ELECTRICAL]]>
              </value>
            </param>
            <param index="1">
              <value>
                <![CDATA[aa]]>
              </value>
            </param>
            <param index="2">
              <value>
                <![CDATA[This field should follow pattern ^[a-zA-Z\s]*$.]]>
              </value>
            </param>
          </params>
          <exception class="java.lang.AssertionError">
            <message>
              <![CDATA[expected [This field should follow pattern ^[a-zA-Z\s]*$.] but found [This field should follow pattern ^[A-Z0-9]*$.]]]>
            </message>
            <full-stacktrace>
              <![CDATA[java.lang.AssertionError: expected [This field should follow pattern ^[a-zA-Z\s]*$.] but found [This field should follow pattern ^[A-Z0-9]*$.]
	at org.testng.Assert.fail(Assert.java:94)
	at org.testng.Assert.failNotEquals(Assert.java:494)
	at org.testng.Assert.assertEquals(Assert.java:123)
	at org.testng.Assert.assertEquals(Assert.java:176)
	at org.testng.Assert.assertEquals(Assert.java:186)
	at com.gurukula.AutomationTestgurkula.LTC_04_BranchesManagement_Test.PTC_BM_007_to_BM_013_Verify_Createbranch_functionality_withvariousinputs(LTC_04_BranchesManagement_Test.java:79)
	at sun.reflect.NativeMethodAccessorImpl.invoke0(Native Method)
	at sun.reflect.NativeMethodAccessorImpl.invoke(NativeMethodAccessorImpl.java:62)
	at sun.reflect.DelegatingMethodAccessorImpl.invoke(DelegatingMethodAccessorImpl.java:43)
	at java.lang.reflect.Method.invoke(Method.java:498)
	at org.testng.internal.MethodInvocationHelper.invokeMethod(MethodInvocationHelper.java:80)
	at org.testng.internal.Invoker.invokeMethod(Invoker.java:714)
	at org.testng.internal.Invoker.invokeTestMethod(Invoker.java:901)
	at org.testng.internal.Invoker.invokeTestMethods(Invoker.java:1231)
	at org.testng.internal.TestMethodWorker.invokeTestMethods(TestMethodWorker.java:127)
	at org.testng.internal.TestMethodWorker.run(TestMethodWorker.java:111)
	at org.testng.TestRunner.privateRun(TestRunner.java:767)
	at org.testng.TestRunner.run(TestRunner.java:617)
	at org.testng.SuiteRunner.runTest(SuiteRunner.java:334)
	at org.testng.SuiteRunner.runSequentially(SuiteRunner.java:329)
	at org.testng.SuiteRunner.privateRun(SuiteRunner.java:291)
	at org.testng.SuiteRunner.run(SuiteRunner.java:240)
	at org.testng.SuiteRunnerWorker.runSuite(SuiteRunnerWorker.java:52)
	at org.testng.SuiteRunnerWorker.run(SuiteRunnerWorker.java:86)
	at org.testng.TestNG.runSuitesSequentially(TestNG.java:1198)
	at org.testng.TestNG.runSuitesLocally(TestNG.java:1123)
	at org.testng.TestNG.run(TestNG.java:1031)
	at org.apache.maven.surefire.testng.TestNGExecutor.run(TestNGExecutor.java:178)
	at org.apache.maven.surefire.testng.TestNGXmlTestSuite.execute(TestNGXmlTestSuite.java:92)
	at org.apache.maven.surefire.testng.TestNGProvider.invoke(TestNGProvider.java:96)
	at sun.reflect.NativeMethodAccessorImpl.invoke0(Native Method)
	at sun.reflect.NativeMethodAccessorImpl.invoke(NativeMethodAccessorImpl.java:62)
	at sun.reflect.DelegatingMethodAccessorImpl.invoke(DelegatingMethodAccessorImpl.java:43)
	at java.lang.reflect.Method.invoke(Method.java:498)
	at org.apache.maven.surefire.util.ReflectionUtils.invokeMethodWithArray2(ReflectionUtils.java:208)
	at org.apache.maven.surefire.booter.ProviderFactory$ProviderProxy.invoke(ProviderFactory.java:159)
	at org.apache.maven.surefire.booter.ProviderFactory.invokeProvider(ProviderFactory.java:87)
	at org.apache.maven.surefire.booter.ForkedBooter.runSuitesInProcess(ForkedBooter.java:153)
	at org.apache.maven.surefire.booter.ForkedBooter.main(ForkedBooter.java:95)
]]>
            </full-stacktrace>
          </exception> <!-- java.lang.AssertionError -->
          <reporter-output>
          </reporter-output>
        </test-method> <!-- PTC_BM_007_to_BM_013_Verify_Createbranch_functionality_withvariousinputs -->
        <test-method status="PASS" signature="closebrowser()[pri:0, instance:com.gurukula.AutomationTestgurkula.LTC_04_BranchesManagement_Test@380fb434]" name="closebrowser" is-config="true" duration-ms="870" started-at="2019-05-08T23:16:16Z" finished-at="2019-05-08T23:16:17Z">
          <reporter-output>
          </reporter-output>
        </test-method> <!-- closebrowser -->
      </class> <!-- com.gurukula.AutomationTestgurkula.LTC_04_BranchesManagement_Test -->
    </test> <!-- Gurukul Automation -->
  </suite> <!-- Suite -->
</testng-results>
