<?xml version="1.0" encoding="UTF-8"?>
<!-- Generated by org.testng.reporters.JUnitReportReporter -->
<testsuite hostname="DESKTOP-PUPFFT7" name="com.gurukula.AutomationTestgurkula.LTC_02_UserRegistration" tests="16" failures="0" timestamp="30 Apr 2019 23:23:50 GMT" time="144.293" errors="2">
  <testcase name="PTC_RM_01_to_RM14_Verify_User_registarion_with_differentinputcombinations" time="8.439" classname="com.gurukula.AutomationTestgurkula.LTC_02_UserRegistration"/>
  <testcase name="PTC_RM_01_to_RM14_Verify_User_registarion_with_differentinputcombinations" time="10.983" classname="com.gurukula.AutomationTestgurkula.LTC_02_UserRegistration"/>
  <testcase name="PTC_RM_01_to_RM14_Verify_User_registarion_with_differentinputcombinations" time="9.010" classname="com.gurukula.AutomationTestgurkula.LTC_02_UserRegistration"/>
  <testcase name="PTC_RM_01_to_RM14_Verify_User_registarion_with_differentinputcombinations" time="10.277" classname="com.gurukula.AutomationTestgurkula.LTC_02_UserRegistration"/>
  <testcase name="PTC_RM_01_to_RM14_Verify_User_registarion_with_differentinputcombinations" time="8.540" classname="com.gurukula.AutomationTestgurkula.LTC_02_UserRegistration"/>
  <testcase name="PTC_RM_01_to_RM14_Verify_User_registarion_with_differentinputcombinations" time="9.509" classname="com.gurukula.AutomationTestgurkula.LTC_02_UserRegistration"/>
  <testcase name="PTC_RM_01_to_RM14_Verify_User_registarion_with_differentinputcombinations" time="8.472" classname="com.gurukula.AutomationTestgurkula.LTC_02_UserRegistration"/>
  <testcase name="PTC_RM_01_to_RM14_Verify_User_registarion_with_differentinputcombinations" time="14.815" classname="com.gurukula.AutomationTestgurkula.LTC_02_UserRegistration"/>
  <testcase name="PTC_RM_01_to_RM14_Verify_User_registarion_with_differentinputcombinations" time="8.839" classname="com.gurukula.AutomationTestgurkula.LTC_02_UserRegistration"/>
  <testcase name="PTC_RM_01_to_RM14_Verify_User_registarion_with_differentinputcombinations" time="8.969" classname="com.gurukula.AutomationTestgurkula.LTC_02_UserRegistration"/>
  <testcase name="PTC_RM_01_to_RM14_Verify_User_registarion_with_differentinputcombinations" time="7.482" classname="com.gurukula.AutomationTestgurkula.LTC_02_UserRegistration">
    <error type="java.lang.AssertionError" message="expected [Registration Successful] but found []">
      <![CDATA[java.lang.AssertionError: expected [Registration Successful] but found []
	at org.testng.Assert.fail(Assert.java:94)
	at org.testng.Assert.failNotEquals(Assert.java:494)
	at org.testng.Assert.assertEquals(Assert.java:123)
	at org.testng.Assert.assertEquals(Assert.java:176)
	at org.testng.Assert.assertEquals(Assert.java:186)
	at com.gurukula.AutomationTestgurkula.LTC_02_UserRegistration.PTC_RM_01_to_RM14_Verify_User_registarion_with_differentinputcombinations(LTC_02_UserRegistration.java:130)
	at sun.reflect.NativeMethodAccessorImpl.invoke0(Native Method)
	at sun.reflect.NativeMethodAccessorImpl.invoke(Unknown Source)
	at sun.reflect.DelegatingMethodAccessorImpl.invoke(Unknown Source)
	at java.lang.reflect.Method.invoke(Unknown Source)
	at org.testng.internal.MethodInvocationHelper.invokeMethod(MethodInvocationHelper.java:80)
	at org.testng.internal.Invoker.invokeMethod(Invoker.java:714)
	at org.testng.internal.Invoker.invokeTestMethod(Invoker.java:901)
	at org.testng.internal.Invoker.invokeTestMethods(Invoker.java:1231)
	at org.testng.internal.TestMethodWorker.invokeTestMethods(TestMethodWorker.java:127)
	at org.testng.internal.TestMethodWorker.run(TestMethodWorker.java:111)
	at org.testng.TestRunner.privateRun(TestRunner.java:767)
	at org.testng.TestRunner.run(TestRunner.java:617)
	at org.testng.SuiteRunner.runTest(SuiteRunner.java:334)
	at org.testng.SuiteRunner.runSequentially(SuiteRunner.java:329)
	at org.testng.SuiteRunner.privateRun(SuiteRunner.java:291)
	at org.testng.SuiteRunner.run(SuiteRunner.java:240)
	at org.testng.SuiteRunnerWorker.runSuite(SuiteRunnerWorker.java:52)
	at org.testng.SuiteRunnerWorker.run(SuiteRunnerWorker.java:86)
	at org.testng.TestNG.runSuitesSequentially(TestNG.java:1198)
	at org.testng.TestNG.runSuitesLocally(TestNG.java:1123)
	at org.testng.TestNG.run(TestNG.java:1031)
	at org.testng.remote.AbstractRemoteTestNG.run(AbstractRemoteTestNG.java:126)
	at org.testng.remote.RemoteTestNG.initAndRun(RemoteTestNG.java:152)
	at org.testng.remote.RemoteTestNG.main(RemoteTestNG.java:57)
]]>
    </error>
  </testcase> <!-- PTC_RM_01_to_RM14_Verify_User_registarion_with_differentinputcombinations -->
  <testcase name="PTC_RM_01_to_RM14_Verify_User_registarion_with_differentinputcombinations" time="8.048" classname="com.gurukula.AutomationTestgurkula.LTC_02_UserRegistration"/>
  <testcase name="PTC_RM_01_to_RM14_Verify_User_registarion_with_differentinputcombinations" time="8.019" classname="com.gurukula.AutomationTestgurkula.LTC_02_UserRegistration">
    <error type="java.lang.AssertionError" message="expected [Your e-mail is invalid.Your e-mail cannot be longer than 50 characters.] but found [Your e-mail is invalid.]">
      <![CDATA[java.lang.AssertionError: expected [Your e-mail is invalid.Your e-mail cannot be longer than 50 characters.] but found [Your e-mail is invalid.]
	at org.testng.Assert.fail(Assert.java:94)
	at org.testng.Assert.failNotEquals(Assert.java:494)
	at org.testng.Assert.assertEquals(Assert.java:123)
	at org.testng.Assert.assertEquals(Assert.java:176)
	at org.testng.Assert.assertEquals(Assert.java:186)
	at com.gurukula.AutomationTestgurkula.LTC_02_UserRegistration.PTC_RM_01_to_RM14_Verify_User_registarion_with_differentinputcombinations(LTC_02_UserRegistration.java:138)
	at sun.reflect.NativeMethodAccessorImpl.invoke0(Native Method)
	at sun.reflect.NativeMethodAccessorImpl.invoke(Unknown Source)
	at sun.reflect.DelegatingMethodAccessorImpl.invoke(Unknown Source)
	at java.lang.reflect.Method.invoke(Unknown Source)
	at org.testng.internal.MethodInvocationHelper.invokeMethod(MethodInvocationHelper.java:80)
	at org.testng.internal.Invoker.invokeMethod(Invoker.java:714)
	at org.testng.internal.Invoker.invokeTestMethod(Invoker.java:901)
	at org.testng.internal.Invoker.invokeTestMethods(Invoker.java:1231)
	at org.testng.internal.TestMethodWorker.invokeTestMethods(TestMethodWorker.java:127)
	at org.testng.internal.TestMethodWorker.run(TestMethodWorker.java:111)
	at org.testng.TestRunner.privateRun(TestRunner.java:767)
	at org.testng.TestRunner.run(TestRunner.java:617)
	at org.testng.SuiteRunner.runTest(SuiteRunner.java:334)
	at org.testng.SuiteRunner.runSequentially(SuiteRunner.java:329)
	at org.testng.SuiteRunner.privateRun(SuiteRunner.java:291)
	at org.testng.SuiteRunner.run(SuiteRunner.java:240)
	at org.testng.SuiteRunnerWorker.runSuite(SuiteRunnerWorker.java:52)
	at org.testng.SuiteRunnerWorker.run(SuiteRunnerWorker.java:86)
	at org.testng.TestNG.runSuitesSequentially(TestNG.java:1198)
	at org.testng.TestNG.runSuitesLocally(TestNG.java:1123)
	at org.testng.TestNG.run(TestNG.java:1031)
	at org.testng.remote.AbstractRemoteTestNG.run(AbstractRemoteTestNG.java:126)
	at org.testng.remote.RemoteTestNG.initAndRun(RemoteTestNG.java:152)
	at org.testng.remote.RemoteTestNG.main(RemoteTestNG.java:57)
]]>
    </error>
  </testcase> <!-- PTC_RM_01_to_RM14_Verify_User_registarion_with_differentinputcombinations -->
  <testcase name="PTC_RM_01_to_RM14_Verify_User_registarion_with_differentinputcombinations" time="7.821" classname="com.gurukula.AutomationTestgurkula.LTC_02_UserRegistration"/>
  <testcase name="PTC_RM_01_to_RM14_Verify_User_registarion_with_differentinputcombinations" time="7.132" classname="com.gurukula.AutomationTestgurkula.LTC_02_UserRegistration"/>
  <testcase name="PTC_RM_01_to_RM14_Verify_User_registarion_with_differentinputcombinations" time="7.938" classname="com.gurukula.AutomationTestgurkula.LTC_02_UserRegistration"/>
</testsuite> <!-- com.gurukula.AutomationTestgurkula.LTC_02_UserRegistration -->
