<?xml version="1.0" encoding="UTF-8"?>
<!-- Generated by org.testng.reporters.JUnitReportReporter -->
<testsuite hostname="DESKTOP-PUPFFT7" name="com.gurukula.AutomationTestgurkula.LTC_03_AcccountManagement" tests="8" failures="0" timestamp="6 May 2019 22:54:21 GMT" time="69.764" errors="1">
  <testcase name="PTC_AC08_to_AC07_Verify_User_settings_with_differentinputcombinations" time="9.763" classname="com.gurukula.AutomationTestgurkula.LTC_03_AcccountManagement"/>
  <testcase name="PTC_AC08_to_AC07_Verify_User_settings_with_differentinputcombinations" time="7.537" classname="com.gurukula.AutomationTestgurkula.LTC_03_AcccountManagement"/>
  <testcase name="PTC_AC08_to_AC07_Verify_User_settings_with_differentinputcombinations" time="8.628" classname="com.gurukula.AutomationTestgurkula.LTC_03_AcccountManagement"/>
  <testcase name="PTC_AC08_to_AC07_Verify_User_settings_with_differentinputcombinations" time="8.328" classname="com.gurukula.AutomationTestgurkula.LTC_03_AcccountManagement"/>
  <testcase name="PTC_AC08_to_AC07_Verify_User_settings_with_differentinputcombinations" time="8.821" classname="com.gurukula.AutomationTestgurkula.LTC_03_AcccountManagement">
    <error type="java.lang.AssertionError" message="expected [Password changed!] but found []">
      <![CDATA[java.lang.AssertionError: expected [Password changed!] but found []
	at org.testng.Assert.fail(Assert.java:94)
	at org.testng.Assert.failNotEquals(Assert.java:494)
	at org.testng.Assert.assertEquals(Assert.java:123)
	at org.testng.Assert.assertEquals(Assert.java:176)
	at org.testng.Assert.assertEquals(Assert.java:186)
	at com.gurukula.AutomationTestgurkula.LTC_03_AcccountManagement.PTC_AC08_to_AC07_Verify_User_settings_with_differentinputcombinations(LTC_03_AcccountManagement.java:90)
	at sun.reflect.NativeMethodAccessorImpl.invoke0(Native Method)
	at sun.reflect.NativeMethodAccessorImpl.invoke(Unknown Source)
	at sun.reflect.DelegatingMethodAccessorImpl.invoke(Unknown Source)
	at java.lang.reflect.Method.invoke(Unknown Source)
	at org.testng.internal.MethodInvocationHelper.invokeMethod(MethodInvocationHelper.java:80)
	at org.testng.internal.Invoker.invokeMethod(Invoker.java:714)
	at org.testng.internal.Invoker.invokeTestMethod(Invoker.java:901)
	at org.testng.internal.Invoker.invokeTestMethods(Invoker.java:1231)
	at org.testng.internal.TestMethodWorker.invokeTestMethods(TestMethodWorker.java:127)
	at org.testng.internal.TestMethodWorker.run(TestMethodWorker.java:111)
	at org.testng.TestRunner.privateRun(TestRunner.java:767)
	at org.testng.TestRunner.run(TestRunner.java:617)
	at org.testng.SuiteRunner.runTest(SuiteRunner.java:334)
	at org.testng.SuiteRunner.runSequentially(SuiteRunner.java:329)
	at org.testng.SuiteRunner.privateRun(SuiteRunner.java:291)
	at org.testng.SuiteRunner.run(SuiteRunner.java:240)
	at org.testng.SuiteRunnerWorker.runSuite(SuiteRunnerWorker.java:52)
	at org.testng.SuiteRunnerWorker.run(SuiteRunnerWorker.java:86)
	at org.testng.TestNG.runSuitesSequentially(TestNG.java:1198)
	at org.testng.TestNG.runSuitesLocally(TestNG.java:1123)
	at org.testng.TestNG.run(TestNG.java:1031)
	at org.testng.remote.AbstractRemoteTestNG.run(AbstractRemoteTestNG.java:126)
	at org.testng.remote.RemoteTestNG.initAndRun(RemoteTestNG.java:152)
	at org.testng.remote.RemoteTestNG.main(RemoteTestNG.java:57)
]]>
    </error>
  </testcase> <!-- PTC_AC08_to_AC07_Verify_User_settings_with_differentinputcombinations -->
  <testcase name="PTC_AC08_to_AC07_Verify_User_settings_with_differentinputcombinations" time="9.604" classname="com.gurukula.AutomationTestgurkula.LTC_03_AcccountManagement"/>
  <testcase name="PTC_AC08_to_AC07_Verify_User_settings_with_differentinputcombinations" time="8.618" classname="com.gurukula.AutomationTestgurkula.LTC_03_AcccountManagement"/>
  <testcase name="PTC_AC08_to_AC07_Verify_User_settings_with_differentinputcombinations" time="8.465" classname="com.gurukula.AutomationTestgurkula.LTC_03_AcccountManagement"/>
</testsuite> <!-- com.gurukula.AutomationTestgurkula.LTC_03_AcccountManagement -->
