<?xml version="1.0" encoding="UTF-8"?>
<!-- Generated by org.testng.reporters.JUnitReportReporter -->
<testsuite hostname="DESKTOP-PUPFFT7" name="com.gurukula.AutomationTestgurkula.LTC_04_BranchesManagement_Test" tests="11" failures="0" timestamp="8 May 2019 21:21:10 GMT" time="262.291" errors="1">
  <testcase name="PTC_BM_007_to_BM_013_Verify_Createbranch_functionality_withvariousinputs" time="18.392" classname="com.gurukula.AutomationTestgurkula.LTC_04_BranchesManagement_Test"/>
  <testcase name="PTC_BM_007_to_BM_013_Verify_Createbranch_functionality_withvariousinputs" time="18.863" classname="com.gurukula.AutomationTestgurkula.LTC_04_BranchesManagement_Test"/>
  <testcase name="PTC_BM_007_to_BM_013_Verify_Createbranch_functionality_withvariousinputs" time="18.339" classname="com.gurukula.AutomationTestgurkula.LTC_04_BranchesManagement_Test"/>
  <testcase name="PTC_BM_007_to_BM_013_Verify_Createbranch_functionality_withvariousinputs" time="18.832" classname="com.gurukula.AutomationTestgurkula.LTC_04_BranchesManagement_Test"/>
  <testcase name="PTC_BM_004_Verify_delete_functionality" time="73.848" classname="com.gurukula.AutomationTestgurkula.LTC_04_BranchesManagement_Test"/>
  <testcase name="PTC_BM_007_to_BM_013_Verify_Createbranch_functionality_withvariousinputs" time="20.475" classname="com.gurukula.AutomationTestgurkula.LTC_04_BranchesManagement_Test"/>
  <testcase name="PTC_BM_001_Verify_BranchCreation" time="21.780" classname="com.gurukula.AutomationTestgurkula.LTC_04_BranchesManagement_Test"/>
  <testcase name="PTC_BM_007_to_BM_013_Verify_Createbranch_functionality_withvariousinputs" time="19.316" classname="com.gurukula.AutomationTestgurkula.LTC_04_BranchesManagement_Test"/>
  <testcase name="PTC_BM_002_Verify_Branch_view_functionality" time="12.724" classname="com.gurukula.AutomationTestgurkula.LTC_04_BranchesManagement_Test"/>
  <testcase name="PTC_BM_007_to_BM_013_Verify_Createbranch_functionality_withvariousinputs" time="19.141" classname="com.gurukula.AutomationTestgurkula.LTC_04_BranchesManagement_Test">
    <error type="java.lang.AssertionError" message="expected [This field should follow pattern ^[a-zA-Z\s]*$.] but found [This field should follow pattern ^[A-Z0-9]*$.]">
      <![CDATA[java.lang.AssertionError: expected [This field should follow pattern ^[a-zA-Z\s]*$.] but found [This field should follow pattern ^[A-Z0-9]*$.]
	at org.testng.Assert.fail(Assert.java:94)
	at org.testng.Assert.failNotEquals(Assert.java:494)
	at org.testng.Assert.assertEquals(Assert.java:123)
	at org.testng.Assert.assertEquals(Assert.java:176)
	at org.testng.Assert.assertEquals(Assert.java:186)
	at com.gurukula.AutomationTestgurkula.LTC_04_BranchesManagement_Test.PTC_BM_007_to_BM_013_Verify_Createbranch_functionality_withvariousinputs(LTC_04_BranchesManagement_Test.java:79)
	at sun.reflect.NativeMethodAccessorImpl.invoke0(Native Method)
	at sun.reflect.NativeMethodAccessorImpl.invoke(NativeMethodAccessorImpl.java:62)
	at sun.reflect.DelegatingMethodAccessorImpl.invoke(DelegatingMethodAccessorImpl.java:43)
	at java.lang.reflect.Method.invoke(Method.java:498)
	at org.testng.internal.MethodInvocationHelper.invokeMethod(MethodInvocationHelper.java:80)
	at org.testng.internal.Invoker.invokeMethod(Invoker.java:714)
	at org.testng.internal.Invoker.invokeTestMethod(Invoker.java:901)
	at org.testng.internal.Invoker.invokeTestMethods(Invoker.java:1231)
	at org.testng.internal.TestMethodWorker.invokeTestMethods(TestMethodWorker.java:127)
	at org.testng.internal.TestMethodWorker.run(TestMethodWorker.java:111)
	at org.testng.TestRunner.privateRun(TestRunner.java:767)
	at org.testng.TestRunner.run(TestRunner.java:617)
	at org.testng.SuiteRunner.runTest(SuiteRunner.java:334)
	at org.testng.SuiteRunner.runSequentially(SuiteRunner.java:329)
	at org.testng.SuiteRunner.privateRun(SuiteRunner.java:291)
	at org.testng.SuiteRunner.run(SuiteRunner.java:240)
	at org.testng.SuiteRunnerWorker.runSuite(SuiteRunnerWorker.java:52)
	at org.testng.SuiteRunnerWorker.run(SuiteRunnerWorker.java:86)
	at org.testng.TestNG.runSuitesSequentially(TestNG.java:1198)
	at org.testng.TestNG.runSuitesLocally(TestNG.java:1123)
	at org.testng.TestNG.run(TestNG.java:1031)
	at org.apache.maven.surefire.testng.TestNGExecutor.run(TestNGExecutor.java:178)
	at org.apache.maven.surefire.testng.TestNGXmlTestSuite.execute(TestNGXmlTestSuite.java:92)
	at org.apache.maven.surefire.testng.TestNGProvider.invoke(TestNGProvider.java:96)
	at sun.reflect.NativeMethodAccessorImpl.invoke0(Native Method)
	at sun.reflect.NativeMethodAccessorImpl.invoke(NativeMethodAccessorImpl.java:62)
	at sun.reflect.DelegatingMethodAccessorImpl.invoke(DelegatingMethodAccessorImpl.java:43)
	at java.lang.reflect.Method.invoke(Method.java:498)
	at org.apache.maven.surefire.util.ReflectionUtils.invokeMethodWithArray2(ReflectionUtils.java:208)
	at org.apache.maven.surefire.booter.ProviderFactory$ProviderProxy.invoke(ProviderFactory.java:159)
	at org.apache.maven.surefire.booter.ProviderFactory.invokeProvider(ProviderFactory.java:87)
	at org.apache.maven.surefire.booter.ForkedBooter.runSuitesInProcess(ForkedBooter.java:153)
	at org.apache.maven.surefire.booter.ForkedBooter.main(ForkedBooter.java:95)
]]>
    </error>
  </testcase> <!-- PTC_BM_007_to_BM_013_Verify_Createbranch_functionality_withvariousinputs -->
  <testcase name="PTC_BM_003_Verify_BranchEditing" time="20.581" classname="com.gurukula.AutomationTestgurkula.LTC_04_BranchesManagement_Test"/>
</testsuite> <!-- com.gurukula.AutomationTestgurkula.LTC_04_BranchesManagement_Test -->
