<?xml version="1.0" encoding="UTF-8"?>
<!-- Generated by org.testng.reporters.JUnitReportReporter -->
<testsuite hostname="DESKTOP-PUPFFT7" name="com.gurukula.AutomationTestgurkula.LTC_01_User_Authentication_Test" tests="7" failures="1" timestamp="8 May 2019 21:21:10 GMT" time="102.979" errors="0">
  <testcase name="PTC_AM_03_Verify_User_Valid_loginwithAutomaticLoginenabled" time="9.779" classname="com.gurukula.AutomationTestgurkula.LTC_01_User_Authentication_Test"/>
  <testcase name="PTC_AM_02_Verify_User_InValid_login" time="15.203" classname="com.gurukula.AutomationTestgurkula.LTC_01_User_Authentication_Test"/>
  <testcase name="PTC_AM_07_Verify_ResetPassword_button_isenabled_with_invalidemailid" time="14.621" classname="com.gurukula.AutomationTestgurkula.LTC_01_User_Authentication_Test"/>
  <testcase name="PTC_AM_04_Verify_User_Valid_loginandLogout" time="20.166" classname="com.gurukula.AutomationTestgurkula.LTC_01_User_Authentication_Test"/>
  <testcase name="PTC_AM_01_Verify_User_Valid_login" time="33.756" classname="com.gurukula.AutomationTestgurkula.LTC_01_User_Authentication_Test"/>
  <testcase name="PTC_AM_06_Verify_ResetPassword_button_isenabled_with_validemailid" time="8.160" classname="com.gurukula.AutomationTestgurkula.LTC_01_User_Authentication_Test">
    <failure type="org.testng.TestNGException" message="
Parameter &#039;validEmailid&#039; is required by @Test on method PTC_AM_06_Verify_ResetPassword_button_isenabled_with_validemailid but has not been marked @Optional or defined
in C:\Users\Gopi\Desktop\Selenium\Gurukul Workspace\AutomationTestgurkula\testng.xml">
      <![CDATA[org.testng.TestNGException: 
Parameter 'validEmailid' is required by @Test on method PTC_AM_06_Verify_ResetPassword_button_isenabled_with_validemailid but has not been marked @Optional or defined
in C:\Users\Gopi\Desktop\Selenium\Gurukul Workspace\AutomationTestgurkula\testng.xml
	at org.testng.internal.Parameters.createParameters(Parameters.java:155)
	at org.testng.internal.Parameters.createParameters(Parameters.java:355)
	at org.testng.internal.Parameters.handleParameters(Parameters.java:447)
	at org.testng.internal.Invoker.handleParameters(Invoker.java:1383)
	at org.testng.internal.Invoker.createParameters(Invoker.java:1075)
	at org.testng.internal.Invoker.invokeTestMethods(Invoker.java:1180)
	at org.testng.internal.TestMethodWorker.invokeTestMethods(TestMethodWorker.java:127)
	at org.testng.internal.TestMethodWorker.run(TestMethodWorker.java:111)
	at org.testng.TestRunner.privateRun(TestRunner.java:767)
	at org.testng.TestRunner.run(TestRunner.java:617)
	at org.testng.SuiteRunner.runTest(SuiteRunner.java:334)
	at org.testng.SuiteRunner.runSequentially(SuiteRunner.java:329)
	at org.testng.SuiteRunner.privateRun(SuiteRunner.java:291)
	at org.testng.SuiteRunner.run(SuiteRunner.java:240)
	at org.testng.SuiteRunnerWorker.runSuite(SuiteRunnerWorker.java:52)
	at org.testng.SuiteRunnerWorker.run(SuiteRunnerWorker.java:86)
	at org.testng.TestNG.runSuitesSequentially(TestNG.java:1198)
	at org.testng.TestNG.runSuitesLocally(TestNG.java:1123)
	at org.testng.TestNG.run(TestNG.java:1031)
	at org.apache.maven.surefire.testng.TestNGExecutor.run(TestNGExecutor.java:178)
	at org.apache.maven.surefire.testng.TestNGXmlTestSuite.execute(TestNGXmlTestSuite.java:92)
	at org.apache.maven.surefire.testng.TestNGProvider.invoke(TestNGProvider.java:96)
	at sun.reflect.NativeMethodAccessorImpl.invoke0(Native Method)
	at sun.reflect.NativeMethodAccessorImpl.invoke(NativeMethodAccessorImpl.java:62)
	at sun.reflect.DelegatingMethodAccessorImpl.invoke(DelegatingMethodAccessorImpl.java:43)
	at java.lang.reflect.Method.invoke(Method.java:498)
	at org.apache.maven.surefire.util.ReflectionUtils.invokeMethodWithArray2(ReflectionUtils.java:208)
	at org.apache.maven.surefire.booter.ProviderFactory$ProviderProxy.invoke(ProviderFactory.java:159)
	at org.apache.maven.surefire.booter.ProviderFactory.invokeProvider(ProviderFactory.java:87)
	at org.apache.maven.surefire.booter.ForkedBooter.runSuitesInProcess(ForkedBooter.java:153)
	at org.apache.maven.surefire.booter.ForkedBooter.main(ForkedBooter.java:95)
]]>
    </failure>
  </testcase> <!-- PTC_AM_06_Verify_ResetPassword_button_isenabled_with_validemailid -->
  <testcase name="PTC_AM_05_Verify_User_Valid_loginandLogout" time="1.294" classname="com.gurukula.AutomationTestgurkula.LTC_01_User_Authentication_Test"/>
</testsuite> <!-- com.gurukula.AutomationTestgurkula.LTC_01_User_Authentication_Test -->
